#
# A fatal error has been detected by the Java Runtime Environment:
#
#  SIGSEGV (0xb) at pc=0x000000010d24649c, pid=50464, tid=17155
#
# JRE version: Java(TM) SE Runtime Environment (8.0_71-b15) (build 1.8.0_71-b15)
# Java VM: Java HotSpot(TM) 64-Bit Server VM (25.71-b15 mixed mode bsd-amd64 compressed oops)
# Problematic frame:
# V  [libjvm.dylib+0x44649c]  Method::checked_resolve_jmethod_id(_jmethodID*)+0xe
#
# Failed to write core dump. Core dumps have been disabled. To enable core dumping, try "ulimit -c unlimited" before starting Java again
#
# If you would like to submit a bug report, please visit:
#   http://bugreport.java.com/bugreport/crash.jsp
#

---------------  T H R E A D  ---------------

Current thread (0x00007fbcaa010800):  JavaThread "JDWP Transport Listener: dt_socket" daemon [_thread_in_vm, id=17155, stack(0x0000700000b3b000,0x0000700000c3b000)]

siginfo: si_signo: 11 (SIGSEGV), si_code: 1 (SEGV_MAPERR), si_addr: 0x0000657461740003

Registers:
RAX=0x0000000000000001, RBX=0x0000700000c3aa8b, RCX=0x000000010d615340, RDX=0x0000700000c3aa8b
RSP=0x0000700000c3a9d0, RBP=0x0000700000c3a9e0, RSI=0x00007fbcaa010800, RDI=0x0000657461740003
R8 =0x0000000000000000, R9 =0x00007fbcabf69200, R10=0x0000000048466759, R11=0x00007fbcabf00000
R12=0x00007fbcaa010800, R13=0x0000657461740003, R14=0x0000657461740003, R15=0x00007fbca9413c50
RIP=0x000000010d24649c, EFLAGS=0x0000000000010206, ERR=0x0000000000000004
  TRAPNO=0x000000000000000e

Top of Stack: (sp=0x0000700000c3a9d0)
0x0000700000c3a9d0:   0000700000c3aa8b 0000700000c3aa8b
0x0000700000c3a9e0:   0000700000c3aa40 000000010d1554fa
0x0000700000c3a9f0:   00007fbcaa010800 0000000000000000
0x0000700000c3aa00:   0000000000000000 0000000000000000
0x0000700000c3aa10:   00007fbcaa010800 00007fbcaa010800
0x0000700000c3aa20:   0000700000c3aa8b 0000700000c3aa90
0x0000700000c3aa30:   0000657461740003 0000000000000018
0x0000700000c3aa40:   0000700000c3aa60 000000010dde4780
0x0000700000c3aa50:   0000000000000001 0000700000c3ab08
0x0000700000c3aa60:   0000700000c3aad0 000000010ddc91f3
0x0000700000c3aa70:   0000700000c3aaa0 00007fbcabfaecb0
0x0000700000c3aa80:   0000005900000032 0000000100c3ab08
0x0000700000c3aa90:   0000000000000000 0000000000000000
0x0000700000c3aaa0:   0000000000000000 0000700000c3ac90
0x0000700000c3aab0:   000000010ddebe7a 00007fbca97b7120
0x0000700000c3aac0:   0000700000c3ab08 000000010ddf7598
0x0000700000c3aad0:   0000700000c3aae0 000000010ddc92ec
0x0000700000c3aae0:   0000700000c3ad00 000000010ddd2898
0x0000700000c3aaf0:   00015d4100000013 00000000000f0200
0x0000700000c3ab00:   00007fbcae508d60 00007fbca9a5ebc0
0x0000700000c3ab10:   00007fbc000002f0 00007fbcabfd7730
0x0000700000c3ab20:   00007fbc0000012c 0000700000c3ab58
0x0000700000c3ab30:   00007fbcabfd7750 0000000000000000
0x0000700000c3ab40:   00015d4100000013 00007fff00001c80
0x0000700000c3ab50:   0000700000c3ab58 bc7f000059000000
0x0000700000c3ab60:   08000000986d80ae 3e74696e696c633c
0x0000700000c3ab70:   0056292803000000 0008000000000000
0x0000700000c3ab80:   00b06088aebc7f00 7645646461080000
0x0000700000c3ab90:   2815000000746e65 616c2f6176616a4c
0x0000700000c3aba0:   6e697274532f676e 0000000056293b67
0x0000700000c3abb0:   bc7f000001000000 09000000b86088ae
0x0000700000c3abc0:   6562614c73657375 6a4c28150000006c 

Instructions: (pc=0x000000010d24649c)
0x000000010d24647c:   40 48 48 85 c0 75 e0 30 c0 0f b6 c0 5d c3 31 c0
0x000000010d24648c:   5d c3 55 48 89 e5 53 48 83 ec 08 48 85 ff 74 24
0x000000010d24649c:   48 8b 1f 48 85 db 74 1c 48 83 fb 37 74 16 48 8b
0x000000010d2464ac:   03 48 89 df ff 50 10 84 c0 b8 00 00 00 00 48 0f 

Register to memory mapping:

RAX=0x0000000000000001 is an unknown value
RBX=0x0000700000c3aa8b is pointing into the stack for thread: 0x00007fbcaa010800
RCX=0x000000010d615340: UseMembar+0 in /Library/Java/JavaVirtualMachines/jdk1.8.0_71.jdk/Contents/Home/jre/lib/server/libjvm.dylib at 0x000000010ce00000
RDX=0x0000700000c3aa8b is pointing into the stack for thread: 0x00007fbcaa010800
RSP=0x0000700000c3a9d0 is pointing into the stack for thread: 0x00007fbcaa010800
RBP=0x0000700000c3a9e0 is pointing into the stack for thread: 0x00007fbcaa010800
RSI=0x00007fbcaa010800 is a thread
RDI=0x0000657461740003 is an unknown value
R8 =0x0000000000000000 is an unknown value
R9 =0x00007fbcabf69200 is an unknown value
R10=0x0000000048466759 is an unknown value
R11=0x00007fbcabf00000 is an unknown value
R12=0x00007fbcaa010800 is a thread
R13=0x0000657461740003 is an unknown value
R14=0x0000657461740003 is an unknown value
R15=0x00007fbca9413c50 is an unknown value


Stack: [0x0000700000b3b000,0x0000700000c3b000],  sp=0x0000700000c3a9d0,  free space=1022k
Native frames: (J=compiled Java code, j=interpreted, Vv=VM code, C=native code)
V  [libjvm.dylib+0x44649c]  Method::checked_resolve_jmethod_id(_jmethodID*)+0xe
V  [libjvm.dylib+0x3554fa]  jvmti_IsMethodSynthetic+0xb2
C  [libjdwp.dylib+0x20780]  isMethodSynthetic+0x63
C  [libjdwp.dylib+0x51f3]  methods1+0x10b
C  [libjdwp.dylib+0x52ec]  methodsWithGeneric+0xe
C  [libjdwp.dylib+0xe898]  debugLoop_run+0x1ce
C  [libjdwp.dylib+0x1f6ba]  attachThread+0x4d
V  [libjvm.dylib+0x396858]  JvmtiAgentThread::call_start_function()+0x38
V  [libjvm.dylib+0x560e73]  JavaThread::thread_main_inner()+0x9b
V  [libjvm.dylib+0x56256e]  JavaThread::run()+0x1c2
V  [libjvm.dylib+0x482fc2]  java_start(Thread*)+0xf6
C  [libsystem_pthread.dylib+0x399d]  _pthread_body+0x83
C  [libsystem_pthread.dylib+0x391a]  _pthread_body+0x0
C  [libsystem_pthread.dylib+0x1351]  thread_start+0xd
C  0x0000000000000000


---------------  P R O C E S S  ---------------

Java Threads: ( => current thread )
  0x00007fbcaa8e9000 JavaThread "Thread-3" [_thread_blocked, id=13323, stack(0x0000700001d77000,0x0000700001e77000)]
  0x00007fbca9815800 JavaThread "DestroyJavaVM" [_thread_blocked, id=5891, stack(0x000070000011a000,0x000070000021a000)]
  0x00007fbcab659000 JavaThread "TimerQueue" daemon [_thread_blocked, id=57871, stack(0x0000700001aee000,0x0000700001bee000)]
  0x00007fbcaa206800 JavaThread "AWT-EventQueue-0" [_thread_blocked, id=56087, stack(0x00007000018e8000,0x00007000019e8000)]
  0x00007fbcab1f7000 JavaThread "Thread-0" [_thread_blocked, id=55571, stack(0x00007000017e5000,0x00007000018e5000)]
  0x00007fbcaa951800 JavaThread "Java2D Disposer" daemon [_thread_blocked, id=50703, stack(0x00007000016e2000,0x00007000017e2000)]
  0x00007fbcab1a9800 JavaThread "Java2D Queue Flusher" daemon [_thread_blocked, id=51207, stack(0x00007000015df000,0x00007000016df000)]
  0x00007fbcaa927000 JavaThread "AWT-Shutdown" [_thread_blocked, id=31255, stack(0x00007000013d6000,0x00007000014d6000)]
  0x00007fbcab0ee800 JavaThread "AppKit Thread" daemon [_thread_in_native, id=2571, stack(0x00007fff530a0000,0x00007fff538a0000)]
  0x00007fbca9888000 JavaThread "Service Thread" daemon [_thread_blocked, id=20227, stack(0x000070000114d000,0x000070000124d000)]
  0x00007fbcab008000 JavaThread "C1 CompilerThread2" daemon [_thread_blocked, id=19715, stack(0x000070000104a000,0x000070000114a000)]
  0x00007fbcab007800 JavaThread "C2 CompilerThread1" daemon [_thread_blocked, id=19203, stack(0x0000700000f47000,0x0000700001047000)]
  0x00007fbcaa012000 JavaThread "C2 CompilerThread0" daemon [_thread_blocked, id=18691, stack(0x0000700000e44000,0x0000700000f44000)]
  0x00007fbcaa011800 JavaThread "JDWP Command Reader" daemon [_thread_in_native, id=18179, stack(0x0000700000d41000,0x0000700000e41000)]
  0x00007fbca9876000 JavaThread "JDWP Event Helper Thread" daemon [_thread_blocked, id=17667, stack(0x0000700000c3e000,0x0000700000d3e000)]
=>0x00007fbcaa010800 JavaThread "JDWP Transport Listener: dt_socket" daemon [_thread_in_vm, id=17155, stack(0x0000700000b3b000,0x0000700000c3b000)]
  0x00007fbcaa819800 JavaThread "Signal Dispatcher" daemon [_thread_blocked, id=12815, stack(0x0000700000a38000,0x0000700000b38000)]
  0x00007fbcab002000 JavaThread "Finalizer" daemon [_thread_blocked, id=12291, stack(0x000070000082f000,0x000070000092f000)]
  0x00007fbca980d000 JavaThread "Reference Handler" daemon [_thread_blocked, id=11779, stack(0x000070000072c000,0x000070000082c000)]

Other Threads:
  0x00007fbcaa807800 VMThread [stack: 0x0000700000629000,0x0000700000729000] [id=11267]
  0x00007fbcab011000 WatcherThread [stack: 0x0000700001250000,0x0000700001350000] [id=20739]

VM state:not at safepoint (normal execution)

VM Mutex/Monitor currently owned by a thread: None

Heap:
 PSYoungGen      total 50176K, used 14849K [0x0000000795580000, 0x0000000798b80000, 0x00000007c0000000)
  eden space 45056K, 32% used [0x0000000795580000,0x00000007964005d0,0x0000000798180000)
  from space 5120K, 0% used [0x0000000798180000,0x0000000798180000,0x0000000798680000)
  to   space 5120K, 0% used [0x0000000798680000,0x0000000798680000,0x0000000798b80000)
 ParOldGen       total 60416K, used 10367K [0x0000000740000000, 0x0000000743b00000, 0x0000000795580000)
  object space 60416K, 17% used [0x0000000740000000,0x0000000740a1fdc8,0x0000000743b00000)
 Metaspace       used 24330K, capacity 24672K, committed 24960K, reserved 1071104K
  class space    used 3065K, capacity 3136K, committed 3200K, reserved 1048576K

Card table byte_map: [0x000000011d1d8000,0x000000011d5d9000] byte_map_base: 0x00000001197d8000

Marking Bits: (ParMarkBitMap*) 0x000000010d6e3ea0
 Begin Bits: [0x000000011d884000, 0x000000011f884000)
 End Bits:   [0x000000011f884000, 0x0000000121884000)

Polling page: 0x000000010c5ee000

CodeCache: size=245760Kb used=8595Kb max_used=8606Kb free=237164Kb
 bounds [0x000000010de18000, 0x000000010e698000, 0x000000011ce18000]
 total_blobs=3330 nmethods=2726 adapters=524
 compilation: enabled

Compilation events (10 events):
Event: 157.636 Thread 0x00007fbcab008000 2959       3       java.awt.Window::isOpaque (29 bytes)
Event: 157.637 Thread 0x00007fbcab008000 nmethod 2959 0x000000010e685850 code [0x000000010e685a00, 0x000000010e686058]
Event: 157.640 Thread 0x00007fbcab008000 2960       3       com.apple.laf.AquaButtonBorder::paintBorder (1 bytes)
Event: 157.640 Thread 0x00007fbcab008000 nmethod 2960 0x000000010e685510 code [0x000000010e685660, 0x000000010e6857b0]
Event: 157.643 Thread 0x00007fbcab008000 2961       3       javax.swing.RepaintManager::paint (93 bytes)
Event: 157.644 Thread 0x00007fbcab008000 nmethod 2961 0x000000010e684590 code [0x000000010e684760, 0x000000010e6850d8]
Event: 157.644 Thread 0x00007fbcaa012000 2962   !   4       sun.java2d.SunGraphics2D::hitClip (269 bytes)
Event: 157.645 Thread 0x00007fbcab008000 2963       3       com.apple.laf.AquaFocusHandler::isActive (27 bytes)
Event: 157.645 Thread 0x00007fbcab008000 nmethod 2963 0x000000010e683b90 code [0x000000010e683d40, 0x000000010e6843e8]
Event: 157.648 Thread 0x00007fbcaa012000 nmethod 2962 0x000000010e683590 code [0x000000010e683700, 0x000000010e683958]

GC Heap History (10 events):
Event: 40.182 GC heap before
{Heap before GC invocations=17 (full 8):
 PSYoungGen      total 50176K, used 138K [0x0000000795580000, 0x0000000798b80000, 0x00000007c0000000)
  eden space 45056K, 0% used [0x0000000795580000,0x0000000795580000,0x0000000798180000)
  from space 5120K, 2% used [0x0000000798180000,0x00000007981a28d0,0x0000000798680000)
  to   space 5120K, 0% used [0x0000000798680000,0x0000000798680000,0x0000000798b80000)
 ParOldGen       total 60416K, used 10275K [0x0000000740000000, 0x0000000743b00000, 0x0000000795580000)
  object space 60416K, 17% used [0x0000000740000000,0x0000000740a08fe8,0x0000000743b00000)
 Metaspace       used 24010K, capacity 24338K, committed 24704K, reserved 1071104K
  class space    used 3056K, capacity 3135K, committed 3200K, reserved 1048576K
Event: 40.209 GC heap after
Heap after GC invocations=17 (full 8):
 PSYoungGen      total 50176K, used 0K [0x0000000795580000, 0x0000000798b80000, 0x00000007c0000000)
  eden space 45056K, 0% used [0x0000000795580000,0x0000000795580000,0x0000000798180000)
  from space 5120K, 0% used [0x0000000798180000,0x0000000798180000,0x0000000798680000)
  to   space 5120K, 0% used [0x0000000798680000,0x0000000798680000,0x0000000798b80000)
 ParOldGen       total 60416K, used 10314K [0x0000000740000000, 0x0000000743b00000, 0x0000000795580000)
  object space 60416K, 17% used [0x0000000740000000,0x0000000740a12828,0x0000000743b00000)
 Metaspace       used 24010K, capacity 24338K, committed 24704K, reserved 1071104K
  class space    used 3056K, capacity 3135K, committed 3200K, reserved 1048576K
}
Event: 40.210 GC heap before
{Heap before GC invocations=18 (full 8):
 PSYoungGen      total 50176K, used 912K [0x0000000795580000, 0x0000000798b80000, 0x00000007c0000000)
  eden space 45056K, 2% used [0x0000000795580000,0x0000000795664110,0x0000000798180000)
  from space 5120K, 0% used [0x0000000798180000,0x0000000798180000,0x0000000798680000)
  to   space 5120K, 0% used [0x0000000798680000,0x0000000798680000,0x0000000798b80000)
 ParOldGen       total 60416K, used 10314K [0x0000000740000000, 0x0000000743b00000, 0x0000000795580000)
  object space 60416K, 17% used [0x0000000740000000,0x0000000740a12828,0x0000000743b00000)
 Metaspace       used 24013K, capacity 24338K, committed 24704K, reserved 1071104K
  class space    used 3056K, capacity 3135K, committed 3200K, reserved 1048576K
Event: 40.211 GC heap after
Heap after GC invocations=18 (full 8):
 PSYoungGen      total 50176K, used 138K [0x0000000795580000, 0x0000000798b80000, 0x00000007c0000000)
  eden space 45056K, 0% used [0x0000000795580000,0x0000000795580000,0x0000000798180000)
  from space 5120K, 2% used [0x0000000798680000,0x00000007986a28d0,0x0000000798b80000)
  to   space 5120K, 0% used [0x0000000798180000,0x0000000798180000,0x0000000798680000)
 ParOldGen       total 60416K, used 10314K [0x0000000740000000, 0x0000000743b00000, 0x0000000795580000)
  object space 60416K, 17% used [0x0000000740000000,0x0000000740a12828,0x0000000743b00000)
 Metaspace       used 24013K, capacity 24338K, committed 24704K, reserved 1071104K
  class space    used 3056K, capacity 3135K, committed 3200K, reserved 1048576K
}
Event: 40.211 GC heap before
{Heap before GC invocations=19 (full 9):
 PSYoungGen      total 50176K, used 138K [0x0000000795580000, 0x0000000798b80000, 0x00000007c0000000)
  eden space 45056K, 0% used [0x0000000795580000,0x0000000795580000,0x0000000798180000)
  from space 5120K, 2% used [0x0000000798680000,0x00000007986a28d0,0x0000000798b80000)
  to   space 5120K, 0% used [0x0000000798180000,0x0000000798180000,0x0000000798680000)
 ParOldGen       total 60416K, used 10314K [0x0000000740000000, 0x0000000743b00000, 0x0000000795580000)
  object space 60416K, 17% used [0x0000000740000000,0x0000000740a12828,0x0000000743b00000)
 Metaspace       used 24013K, capacity 24338K, committed 24704K, reserved 1071104K
  class space    used 3056K, capacity 3135K, committed 3200K, reserved 1048576K
Event: 40.233 GC heap after
Heap after GC invocations=19 (full 9):
 PSYoungGen      total 50176K, used 0K [0x0000000795580000, 0x0000000798b80000, 0x00000007c0000000)
  eden space 45056K, 0% used [0x0000000795580000,0x0000000795580000,0x0000000798180000)
  from space 5120K, 0% used [0x0000000798680000,0x0000000798680000,0x0000000798b80000)
  to   space 5120K, 0% used [0x0000000798180000,0x0000000798180000,0x0000000798680000)
 ParOldGen       total 60416K, used 10361K [0x0000000740000000, 0x0000000743b00000, 0x0000000795580000)
  object space 60416K, 17% used [0x0000000740000000,0x0000000740a1e648,0x0000000743b00000)
 Metaspace       used 24013K, capacity 24338K, committed 24704K, reserved 1071104K
  class space    used 3056K, capacity 3135K, committed 3200K, reserved 1048576K
}
Event: 40.235 GC heap before
{Heap before GC invocations=20 (full 9):
 PSYoungGen      total 50176K, used 1058K [0x0000000795580000, 0x0000000798b80000, 0x00000007c0000000)
  eden space 45056K, 2% used [0x0000000795580000,0x0000000795688be8,0x0000000798180000)
  from space 5120K, 0% used [0x0000000798680000,0x0000000798680000,0x0000000798b80000)
  to   space 5120K, 0% used [0x0000000798180000,0x0000000798180000,0x0000000798680000)
 ParOldGen       total 60416K, used 10361K [0x0000000740000000, 0x0000000743b00000, 0x0000000795580000)
  object space 60416K, 17% used [0x0000000740000000,0x0000000740a1e648,0x0000000743b00000)
 Metaspace       used 24015K, capacity 24338K, committed 24704K, reserved 1071104K
  class space    used 3056K, capacity 3135K, committed 3200K, reserved 1048576K
Event: 40.236 GC heap after
Heap after GC invocations=20 (full 9):
 PSYoungGen      total 50176K, used 32K [0x0000000795580000, 0x0000000798b80000, 0x00000007c0000000)
  eden space 45056K, 0% used [0x0000000795580000,0x0000000795580000,0x0000000798180000)
  from space 5120K, 0% used [0x0000000798180000,0x0000000798188000,0x0000000798680000)
  to   space 5120K, 0% used [0x0000000798680000,0x0000000798680000,0x0000000798b80000)
 ParOldGen       total 60416K, used 10361K [0x0000000740000000, 0x0000000743b00000, 0x0000000795580000)
  object space 60416K, 17% used [0x0000000740000000,0x0000000740a1e648,0x0000000743b00000)
 Metaspace       used 24015K, capacity 24338K, committed 24704K, reserved 1071104K
  class space    used 3056K, capacity 3135K, committed 3200K, reserved 1048576K
}
Event: 40.236 GC heap before
{Heap before GC invocations=21 (full 10):
 PSYoungGen      total 50176K, used 32K [0x0000000795580000, 0x0000000798b80000, 0x00000007c0000000)
  eden space 45056K, 0% used [0x0000000795580000,0x0000000795580000,0x0000000798180000)
  from space 5120K, 0% used [0x0000000798180000,0x0000000798188000,0x0000000798680000)
  to   space 5120K, 0% used [0x0000000798680000,0x0000000798680000,0x0000000798b80000)
 ParOldGen       total 60416K, used 10361K [0x0000000740000000, 0x0000000743b00000, 0x0000000795580000)
  object space 60416K, 17% used [0x0000000740000000,0x0000000740a1e648,0x0000000743b00000)
 Metaspace       used 24015K, capacity 24338K, committed 24704K, reserved 1071104K
  class space    used 3056K, capacity 3135K, committed 3200K, reserved 1048576K
Event: 40.262 GC heap after
Heap after GC invocations=21 (full 10):
 PSYoungGen      total 50176K, used 0K [0x0000000795580000, 0x0000000798b80000, 0x00000007c0000000)
  eden space 45056K, 0% used [0x0000000795580000,0x0000000795580000,0x0000000798180000)
  from space 5120K, 0% used [0x0000000798180000,0x0000000798180000,0x0000000798680000)
  to   space 5120K, 0% used [0x0000000798680000,0x0000000798680000,0x0000000798b80000)
 ParOldGen       total 60416K, used 10367K [0x0000000740000000, 0x0000000743b00000, 0x0000000795580000)
  object space 60416K, 17% used [0x0000000740000000,0x0000000740a1fdc8,0x0000000743b00000)
 Metaspace       used 24015K, capacity 24338K, committed 24704K, reserved 1071104K
  class space    used 3056K, capacity 3135K, committed 3200K, reserved 1048576K
}

Deoptimization events (10 events):
Event: 17.386 Thread 0x00007fbcaa206800 Uncommon trap: reason=unstable_if action=reinterpret pc=0x000000010e4c7468 method=ltsa.lts.parser.Lex.inSym()Lltsa/lts/parser/Symbol; @ 1003
Event: 17.386 Thread 0x00007fbcaa206800 Uncommon trap: reason=unstable_if action=reinterpret pc=0x000000010e48da60 method=ltsa.ui.HPWindow.nextChar()C @ 21
Event: 23.796 Thread 0x00007fbcaa206800 Uncommon trap: reason=class_check action=maybe_recompile pc=0x000000010e4bb464 method=ltsa.lts.parser.Lex.nextCh()V @ 5
Event: 23.798 Thread 0x00007fbcaa206800 Uncommon trap: reason=class_check action=maybe_recompile pc=0x000000010e4bb464 method=ltsa.lts.parser.Lex.nextCh()V @ 5
Event: 23.798 Thread 0x00007fbcaa206800 Uncommon trap: reason=class_check action=maybe_recompile pc=0x000000010e4bb464 method=ltsa.lts.parser.Lex.nextCh()V @ 5
Event: 23.799 Thread 0x00007fbcaa206800 Uncommon trap: reason=class_check action=maybe_recompile pc=0x000000010e4bb464 method=ltsa.lts.parser.Lex.nextCh()V @ 5
Event: 139.092 Thread 0x00007fbcaa206800 Uncommon trap: reason=unstable_if action=reinterpret pc=0x000000010dfc461c method=sun.font.CCharToGlyphMapper$Cache.get(I)I @ 4
Event: 139.092 Thread 0x00007fbcaa206800 Uncommon trap: reason=unstable_if action=reinterpret pc=0x000000010e01b2e0 method=sun.font.CStrike$GlyphInfoCache.get(I)J @ 35
Event: 139.310 Thread 0x00007fbcaa206800 Uncommon trap: reason=unstable_if action=reinterpret pc=0x000000010e0d7684 method=sun.font.CCharToGlyphMapper$Cache.get(I)I @ 4
Event: 151.591 Thread 0x00007fbcaa206800 Uncommon trap: reason=unstable_if action=reinterpret pc=0x000000010e5d8e30 method=java.awt.Container.findComponentAtImpl(IIZ)Ljava/awt/Component; @ 6

Internal exceptions (10 events):
Event: 2.976 Thread 0x00007fbca9815800 Exception <a 'java/io/FileNotFoundException'> (0x00000007971054a8) thrown at [/Users/java_re/workspace/8-2-build-macosx-x86_64/jdk8u71/5731/hotspot/src/share/vm/prims/jni.cpp, line 709]
Event: 2.980 Thread 0x00007fbca9815800 Exception <a 'java/io/FileNotFoundException'> (0x000000079710d250) thrown at [/Users/java_re/workspace/8-2-build-macosx-x86_64/jdk8u71/5731/hotspot/src/share/vm/prims/jni.cpp, line 709]
Event: 3.133 Thread 0x00007fbca9815800 Exception <a 'java/io/FileNotFoundException'> (0x00000007971890f8) thrown at [/Users/java_re/workspace/8-2-build-macosx-x86_64/jdk8u71/5731/hotspot/src/share/vm/prims/jni.cpp, line 709]
Event: 3.135 Thread 0x00007fbca9815800 Exception <a 'java/io/FileNotFoundException'> (0x000000079718ddb8) thrown at [/Users/java_re/workspace/8-2-build-macosx-x86_64/jdk8u71/5731/hotspot/src/share/vm/prims/jni.cpp, line 709]
Event: 3.138 Thread 0x00007fbca9815800 Exception <a 'java/io/FileNotFoundException'> (0x0000000797194ac0) thrown at [/Users/java_re/workspace/8-2-build-macosx-x86_64/jdk8u71/5731/hotspot/src/share/vm/prims/jni.cpp, line 709]
Event: 3.140 Thread 0x00007fbca9815800 Exception <a 'java/io/FileNotFoundException'> (0x0000000797198e68) thrown at [/Users/java_re/workspace/8-2-build-macosx-x86_64/jdk8u71/5731/hotspot/src/share/vm/prims/jni.cpp, line 709]
Event: 3.191 Thread 0x00007fbcab002000 Exception <a 'java/lang/NullPointerException'> (0x00000007956be930) thrown at [/Users/java_re/workspace/8-2-build-macosx-x86_64/jdk8u71/5731/hotspot/src/share/vm/interpreter/linkResolver.cpp, line 1178]
Event: 3.191 Thread 0x00007fbcab002000 Exception <a 'java/lang/NullPointerException'> (0x00000007956beb38) thrown at [/Users/java_re/workspace/8-2-build-macosx-x86_64/jdk8u71/5731/hotspot/src/share/vm/interpreter/linkResolver.cpp, line 1178]
Event: 3.213 Thread 0x00007fbca9815800 Exception <a 'java/net/UnknownHostException'> (0x000000079559a5d0) thrown at [/Users/java_re/workspace/8-2-build-macosx-x86_64/jdk8u71/5731/hotspot/src/share/vm/prims/jni.cpp, line 709]
Event: 39.844 Thread 0x00007fbcab002000 Exception <a 'java/lang/NullPointerException'> (0x00000007955e0558) thrown at [/Users/java_re/workspace/8-2-build-macosx-x86_64/jdk8u71/5731/hotspot/src/share/vm/interpreter/linkResolver.cpp, line 1178]

Events (10 events):
Event: 151.812 Executing VM operation: GetOrSetLocal
Event: 151.812 Executing VM operation: GetOrSetLocal done
Event: 153.423 Thread 0x00007fbcab008000 flushing nmethod 0x000000010df51e50
Event: 153.427 Thread 0x00007fbcab007800 flushing nmethod 0x000000010dff6f10
Event: 153.432 Thread 0x00007fbcab008000 flushing nmethod 0x000000010e06f190
Event: 153.444 Thread 0x00007fbcab007800 flushing nmethod 0x000000010e3b1010
Event: 153.445 Thread 0x00007fbcaa012000 flushing nmethod 0x000000010e3ec510
Event: 153.445 Thread 0x00007fbcaa012000 flushing nmethod 0x000000010e3ec890
Event: 157.777 Executing VM operation: GetOrSetLocal
Event: 157.777 Executing VM operation: GetOrSetLocal done


Dynamic libraries:
0x00000000051b3000 	/System/Library/Frameworks/Cocoa.framework/Versions/A/Cocoa
0x00000000051b3000 	/System/Library/Frameworks/Security.framework/Versions/A/Security
0x00000000051b3000 	/System/Library/Frameworks/ApplicationServices.framework/Versions/A/ApplicationServices
0x00000000051b3000 	/usr/lib/libz.1.dylib
0x00000000051b3000 	/usr/lib/libSystem.B.dylib
0x00000000051b3000 	/usr/lib/libobjc.A.dylib
0x00000000051b3000 	/System/Library/Frameworks/CoreFoundation.framework/Versions/A/CoreFoundation
0x00000000051b3000 	/System/Library/Frameworks/Foundation.framework/Versions/C/Foundation
0x00000000051b3000 	/System/Library/Frameworks/AppKit.framework/Versions/C/AppKit
0x00000000051b3000 	/System/Library/Frameworks/CoreData.framework/Versions/A/CoreData
0x00000000051b3000 	/System/Library/PrivateFrameworks/RemoteViewServices.framework/Versions/A/RemoteViewServices
0x00000000051b3000 	/System/Library/PrivateFrameworks/UIFoundation.framework/Versions/A/UIFoundation
0x00000000051b3000 	/usr/lib/libScreenReader.dylib
0x00000000051b3000 	/System/Library/Frameworks/Accelerate.framework/Versions/A/Accelerate
0x00000000051b3000 	/System/Library/Frameworks/IOSurface.framework/Versions/A/IOSurface
0x00000000051b3000 	/System/Library/Frameworks/AudioToolbox.framework/Versions/A/AudioToolbox
0x00000000051b3000 	/System/Library/Frameworks/AudioUnit.framework/Versions/A/AudioUnit
0x00000000051b3000 	/System/Library/PrivateFrameworks/DataDetectorsCore.framework/Versions/A/DataDetectorsCore
0x00000000051b3000 	/System/Library/PrivateFrameworks/DesktopServicesPriv.framework/Versions/A/DesktopServicesPriv
0x00000000051b3000 	/System/Library/Frameworks/Carbon.framework/Versions/A/Frameworks/HIToolbox.framework/Versions/A/HIToolbox
0x00000000051b3000 	/System/Library/Frameworks/QuartzCore.framework/Versions/A/QuartzCore
0x00000000051b3000 	/System/Library/Frameworks/Carbon.framework/Versions/A/Frameworks/SpeechRecognition.framework/Versions/A/SpeechRecognition
0x00000000051b3000 	/usr/lib/libauto.dylib
0x00000000051b3000 	/usr/lib/libicucore.A.dylib
0x00000000051b3000 	/usr/lib/libxml2.2.dylib
0x00000000051b3000 	/System/Library/PrivateFrameworks/CoreUI.framework/Versions/A/CoreUI
0x00000000051b3000 	/System/Library/Frameworks/CoreAudio.framework/Versions/A/CoreAudio
0x00000000051b3000 	/System/Library/Frameworks/DiskArbitration.framework/Versions/A/DiskArbitration
0x00000000051b3000 	/usr/lib/liblangid.dylib
0x00000000051b3000 	/System/Library/PrivateFrameworks/MultitouchSupport.framework/Versions/A/MultitouchSupport
0x00000000051b3000 	/System/Library/Frameworks/IOKit.framework/Versions/A/IOKit
0x00000000051b3000 	/usr/lib/libDiagnosticMessagesClient.dylib
0x00000000051b3000 	/System/Library/Frameworks/CoreServices.framework/Versions/A/CoreServices
0x00000000051b3000 	/System/Library/PrivateFrameworks/PerformanceAnalysis.framework/Versions/A/PerformanceAnalysis
0x00000000051b3000 	/System/Library/PrivateFrameworks/GenerationalStorage.framework/Versions/A/GenerationalStorage
0x00000000051b3000 	/System/Library/Frameworks/OpenGL.framework/Versions/A/OpenGL
0x00000000051b3000 	/System/Library/PrivateFrameworks/Sharing.framework/Versions/A/Sharing
0x00000000051b3000 	/System/Library/Frameworks/CoreGraphics.framework/Versions/A/CoreGraphics
0x00000000051b3000 	/System/Library/Frameworks/CoreImage.framework/Versions/A/CoreImage
0x00000000051b3000 	/System/Library/Frameworks/CoreText.framework/Versions/A/CoreText
0x00000000051b3000 	/System/Library/Frameworks/ImageIO.framework/Versions/A/ImageIO
0x00000000051b3000 	/System/Library/PrivateFrameworks/Backup.framework/Versions/A/Backup
0x00000000051b3000 	/usr/lib/libextension.dylib
0x00000000051b3000 	/usr/lib/libarchive.2.dylib
0x00000000051b3000 	/System/Library/Frameworks/CFNetwork.framework/Versions/A/CFNetwork
0x00000000051b3000 	/System/Library/Frameworks/SystemConfiguration.framework/Versions/A/SystemConfiguration
0x00000000051b3000 	/usr/lib/libCRFSuite.dylib
0x00000000051b3000 	/usr/lib/libc++.1.dylib
0x00000000051b3000 	/usr/lib/libc++abi.dylib
0x00000000051b3000 	/usr/lib/system/libcache.dylib
0x00000000051b3000 	/usr/lib/system/libcommonCrypto.dylib
0x00000000051b3000 	/usr/lib/system/libcompiler_rt.dylib
0x00000000051b3000 	/usr/lib/system/libcopyfile.dylib
0x00000000051b3000 	/usr/lib/system/libcorecrypto.dylib
0x00000000051b3000 	/usr/lib/system/libdispatch.dylib
0x00000000051b3000 	/usr/lib/system/libdyld.dylib
0x00000000051b3000 	/usr/lib/system/libkeymgr.dylib
0x00000000051b3000 	/usr/lib/system/liblaunch.dylib
0x00000000051b3000 	/usr/lib/system/libmacho.dylib
0x00000000051b3000 	/usr/lib/system/libquarantine.dylib
0x00000000051b3000 	/usr/lib/system/libremovefile.dylib
0x00000000051b3000 	/usr/lib/system/libsystem_asl.dylib
0x00000000051b3000 	/usr/lib/system/libsystem_blocks.dylib
0x00000000051b3000 	/usr/lib/system/libsystem_c.dylib
0x00000000051b3000 	/usr/lib/system/libsystem_configuration.dylib
0x00000000051b3000 	/usr/lib/system/libsystem_coreservices.dylib
0x00000000051b3000 	/usr/lib/system/libsystem_coretls.dylib
0x00000000051b3000 	/usr/lib/system/libsystem_dnssd.dylib
0x00000000051b3000 	/usr/lib/system/libsystem_info.dylib
0x00000000051b3000 	/usr/lib/system/libsystem_kernel.dylib
0x00000000051b3000 	/usr/lib/system/libsystem_m.dylib
0x00000000051b3000 	/usr/lib/system/libsystem_malloc.dylib
0x00000000051b3000 	/usr/lib/system/libsystem_network.dylib
0x00000000051b3000 	/usr/lib/system/libsystem_networkextension.dylib
0x00000000051b3000 	/usr/lib/system/libsystem_notify.dylib
0x00000000051b3000 	/usr/lib/system/libsystem_platform.dylib
0x00000000051b3000 	/usr/lib/system/libsystem_pthread.dylib
0x00000000051b3000 	/usr/lib/system/libsystem_sandbox.dylib
0x00000000051b3000 	/usr/lib/system/libsystem_secinit.dylib
0x00000000051b3000 	/usr/lib/system/libsystem_trace.dylib
0x00000000051b3000 	/usr/lib/system/libunc.dylib
0x00000000051b3000 	/usr/lib/system/libunwind.dylib
0x00000000051b3000 	/usr/lib/system/libxpc.dylib
0x00000000051b3000 	/usr/lib/libenergytrace.dylib
0x00000000051b3000 	/usr/lib/libbsm.0.dylib
0x00000000051b3000 	/usr/lib/system/libkxld.dylib
0x00000000051b3000 	/usr/lib/libxar.1.dylib
0x00000000051b3000 	/usr/lib/libsqlite3.dylib
0x00000000051b3000 	/usr/lib/libpam.2.dylib
0x00000000051b3000 	/usr/lib/libOpenScriptingUtil.dylib
0x00000000051b3000 	/usr/lib/libbz2.1.0.dylib
0x00000000051b3000 	/usr/lib/liblzma.5.dylib
0x00000000051b3000 	/System/Library/Frameworks/CoreServices.framework/Versions/A/Frameworks/FSEvents.framework/Versions/A/FSEvents
0x00000000051b3000 	/System/Library/Frameworks/CoreServices.framework/Versions/A/Frameworks/CarbonCore.framework/Versions/A/CarbonCore
0x00000000051b3000 	/System/Library/Frameworks/CoreServices.framework/Versions/A/Frameworks/Metadata.framework/Versions/A/Metadata
0x00000000051b3000 	/System/Library/Frameworks/CoreServices.framework/Versions/A/Frameworks/OSServices.framework/Versions/A/OSServices
0x00000000051b3000 	/System/Library/Frameworks/CoreServices.framework/Versions/A/Frameworks/SearchKit.framework/Versions/A/SearchKit
0x00000000051b3000 	/System/Library/Frameworks/CoreServices.framework/Versions/A/Frameworks/AE.framework/Versions/A/AE
0x00000000051b3000 	/System/Library/Frameworks/CoreServices.framework/Versions/A/Frameworks/LaunchServices.framework/Versions/A/LaunchServices
0x00000000051b3000 	/System/Library/Frameworks/CoreServices.framework/Versions/A/Frameworks/DictionaryServices.framework/Versions/A/DictionaryServices
0x00000000051b3000 	/System/Library/Frameworks/CoreServices.framework/Versions/A/Frameworks/SharedFileList.framework/Versions/A/SharedFileList
0x00000000051b3000 	/System/Library/Frameworks/NetFS.framework/Versions/A/NetFS
0x00000000051b3000 	/System/Library/PrivateFrameworks/NetAuth.framework/Versions/A/NetAuth
0x00000000051b3000 	/System/Library/PrivateFrameworks/login.framework/Versions/A/Frameworks/loginsupport.framework/Versions/A/loginsupport
0x00000000051b3000 	/System/Library/PrivateFrameworks/TCC.framework/Versions/A/TCC
0x00000000051b3000 	/usr/lib/libmecabra.dylib
0x00000000051b3000 	/System/Library/Frameworks/ApplicationServices.framework/Versions/A/Frameworks/ATS.framework/Versions/A/ATS
0x00000000051b3000 	/System/Library/Frameworks/ApplicationServices.framework/Versions/A/Frameworks/ColorSync.framework/Versions/A/ColorSync
0x00000000051b3000 	/System/Library/Frameworks/ApplicationServices.framework/Versions/A/Frameworks/HIServices.framework/Versions/A/HIServices
0x00000000051b3000 	/System/Library/Frameworks/ApplicationServices.framework/Versions/A/Frameworks/LangAnalysis.framework/Versions/A/LangAnalysis
0x00000000051b3000 	/System/Library/Frameworks/ApplicationServices.framework/Versions/A/Frameworks/PrintCore.framework/Versions/A/PrintCore
0x00000000051b3000 	/System/Library/Frameworks/ApplicationServices.framework/Versions/A/Frameworks/QD.framework/Versions/A/QD
0x00000000051b3000 	/System/Library/Frameworks/ApplicationServices.framework/Versions/A/Frameworks/SpeechSynthesis.framework/Versions/A/SpeechSynthesis
0x00000000051b3000 	/System/Library/Frameworks/Metal.framework/Versions/A/Metal
0x00000000051b3000 	/System/Library/Frameworks/Accelerate.framework/Versions/A/Frameworks/vImage.framework/Versions/A/vImage
0x00000000051b3000 	/System/Library/Frameworks/Accelerate.framework/Versions/A/Frameworks/vecLib.framework/Versions/A/vecLib
0x00000000051b3000 	/System/Library/Frameworks/Accelerate.framework/Versions/A/Frameworks/vecLib.framework/Versions/A/libvDSP.dylib
0x00000000051b3000 	/System/Library/Frameworks/Accelerate.framework/Versions/A/Frameworks/vecLib.framework/Versions/A/libvMisc.dylib
0x00000000051b3000 	/System/Library/Frameworks/Accelerate.framework/Versions/A/Frameworks/vecLib.framework/Versions/A/libLAPACK.dylib
0x00000000051b3000 	/System/Library/Frameworks/Accelerate.framework/Versions/A/Frameworks/vecLib.framework/Versions/A/libBLAS.dylib
0x00000000051b3000 	/System/Library/Frameworks/Accelerate.framework/Versions/A/Frameworks/vecLib.framework/Versions/A/libLinearAlgebra.dylib
0x00000000051b3000 	/System/Library/Frameworks/Accelerate.framework/Versions/A/Frameworks/vecLib.framework/Versions/A/libSparseBLAS.dylib
0x00000000051b3000 	/System/Library/PrivateFrameworks/GPUCompiler.framework/libmetal_timestamp.dylib
0x00000000051b3000 	/System/Library/Frameworks/OpenGL.framework/Versions/A/Libraries/libCoreFSCache.dylib
0x00000000051b3000 	/System/Library/PrivateFrameworks/IOAccelerator.framework/Versions/A/IOAccelerator
0x00000000051b3000 	/System/Library/Frameworks/ApplicationServices.framework/Versions/A/Frameworks/ATS.framework/Versions/A/Resources/libFontParser.dylib
0x00000000051b3000 	/System/Library/Frameworks/ApplicationServices.framework/Versions/A/Frameworks/ATS.framework/Versions/A/Resources/libFontRegistry.dylib
0x00000000051b3000 	/System/Library/PrivateFrameworks/AppleVPA.framework/Versions/A/AppleVPA
0x00000000051b3000 	/System/Library/PrivateFrameworks/AppleJPEG.framework/Versions/A/AppleJPEG
0x00000000051b3000 	/System/Library/Frameworks/ImageIO.framework/Versions/A/Resources/libJPEG.dylib
0x00000000051b3000 	/System/Library/Frameworks/ImageIO.framework/Versions/A/Resources/libTIFF.dylib
0x00000000051b3000 	/System/Library/Frameworks/ImageIO.framework/Versions/A/Resources/libPng.dylib
0x00000000051b3000 	/System/Library/Frameworks/ImageIO.framework/Versions/A/Resources/libGIF.dylib
0x00000000051b3000 	/System/Library/Frameworks/ImageIO.framework/Versions/A/Resources/libJP2.dylib
0x00000000051b3000 	/System/Library/Frameworks/ImageIO.framework/Versions/A/Resources/libRadiance.dylib
0x00000000051b3000 	/System/Library/Frameworks/CoreVideo.framework/Versions/A/CoreVideo
0x00000000051b3000 	/System/Library/Frameworks/OpenGL.framework/Versions/A/Libraries/libGLU.dylib
0x00000000051b3000 	/System/Library/Frameworks/OpenGL.framework/Versions/A/Libraries/libGFXShared.dylib
0x00000000051b3000 	/System/Library/Frameworks/OpenGL.framework/Versions/A/Libraries/libGL.dylib
0x00000000051b3000 	/System/Library/Frameworks/OpenGL.framework/Versions/A/Libraries/libGLImage.dylib
0x00000000051b3000 	/System/Library/Frameworks/OpenGL.framework/Versions/A/Libraries/libCVMSPluginSupport.dylib
0x00000000051b3000 	/System/Library/Frameworks/OpenGL.framework/Versions/A/Libraries/libCoreVMClient.dylib
0x00000000051b3000 	/usr/lib/libcompression.dylib
0x00000000051b3000 	/usr/lib/libcups.2.dylib
0x00000000051b3000 	/System/Library/Frameworks/Kerberos.framework/Versions/A/Kerberos
0x00000000051b3000 	/System/Library/Frameworks/GSS.framework/Versions/A/GSS
0x00000000051b3000 	/usr/lib/libresolv.9.dylib
0x00000000051b3000 	/usr/lib/libiconv.2.dylib
0x00000000051b3000 	/System/Library/PrivateFrameworks/Heimdal.framework/Versions/A/Heimdal
0x00000000051b3000 	/usr/lib/libheimdal-asn1.dylib
0x00000000051b3000 	/System/Library/Frameworks/OpenDirectory.framework/Versions/A/OpenDirectory
0x00000000051b3000 	/System/Library/PrivateFrameworks/CommonAuth.framework/Versions/A/CommonAuth
0x00000000051b3000 	/System/Library/Frameworks/OpenDirectory.framework/Versions/A/Frameworks/CFOpenDirectory.framework/Versions/A/CFOpenDirectory
0x00000000051b3000 	/System/Library/Frameworks/SecurityFoundation.framework/Versions/A/SecurityFoundation
0x00000000051b3000 	/System/Library/PrivateFrameworks/LanguageModeling.framework/Versions/A/LanguageModeling
0x00000000051b3000 	/usr/lib/libmarisa.dylib
0x00000000051b3000 	/usr/lib/libChineseTokenizer.dylib
0x00000000051b3000 	/usr/lib/libcmph.dylib
0x00000000051b3000 	/System/Library/Frameworks/ServiceManagement.framework/Versions/A/ServiceManagement
0x00000000051b3000 	/usr/lib/libxslt.1.dylib
0x00000000051b3000 	/System/Library/Frameworks/Carbon.framework/Versions/A/Frameworks/Ink.framework/Versions/A/Ink
0x00000000051b3000 	/usr/lib/libFosl_dynamic.dylib
0x00000000051b3000 	/System/Library/PrivateFrameworks/FaceCore.framework/Versions/A/FaceCore
0x00000000051b3000 	/System/Library/Frameworks/OpenCL.framework/Versions/A/OpenCL
0x00000000051b3000 	/System/Library/PrivateFrameworks/CrashReporterSupport.framework/Versions/A/CrashReporterSupport
0x00000000051b3000 	/System/Library/PrivateFrameworks/IconServices.framework/Versions/A/IconServices
0x00000000051b3000 	/System/Library/PrivateFrameworks/Apple80211.framework/Versions/A/Apple80211
0x00000000051b3000 	/System/Library/Frameworks/CoreWLAN.framework/Versions/A/CoreWLAN
0x00000000051b3000 	/System/Library/Frameworks/IOBluetooth.framework/Versions/A/IOBluetooth
0x00000000051b3000 	/System/Library/PrivateFrameworks/CoreWiFi.framework/Versions/A/CoreWiFi
0x00000000051b3000 	/System/Library/Frameworks/CoreBluetooth.framework/Versions/A/CoreBluetooth
0x00000000051b3000 	/System/Library/PrivateFrameworks/ChunkingLibrary.framework/Versions/A/ChunkingLibrary
0x00000000051b3000 	/System/Library/PrivateFrameworks/DebugSymbols.framework/Versions/A/DebugSymbols
0x00000000051b3000 	/System/Library/PrivateFrameworks/CoreSymbolication.framework/Versions/A/CoreSymbolication
0x00000000051b3000 	/System/Library/PrivateFrameworks/Symbolication.framework/Versions/A/Symbolication
0x00000000051b3000 	/System/Library/PrivateFrameworks/SpeechRecognitionCore.framework/Versions/A/SpeechRecognitionCore
0x000000010ce00000 	/Library/Java/JavaVirtualMachines/jdk1.8.0_71.jdk/Contents/Home/jre/lib/server/libjvm.dylib
0x00000000051b3000 	/usr/lib/libstdc++.6.dylib
0x000000010c5e0000 	/Library/Java/JavaVirtualMachines/jdk1.8.0_71.jdk/Contents/Home/jre/lib/libverify.dylib
0x000000010dd8f000 	/Library/Java/JavaVirtualMachines/jdk1.8.0_71.jdk/Contents/Home/jre/lib/libjava.dylib
0x000000010ddc4000 	/Library/Java/JavaVirtualMachines/jdk1.8.0_71.jdk/Contents/Home/jre/lib/libjdwp.dylib
0x000000010c5ef000 	/Library/Java/JavaVirtualMachines/jdk1.8.0_71.jdk/Contents/Home/jre/lib/libnpt.dylib
0x000000010de0f000 	/Library/Java/JavaVirtualMachines/jdk1.8.0_71.jdk/Contents/Home/jre/lib/libzip.dylib
0x000000012377a000 	/System/Library/Frameworks/JavaVM.framework/Frameworks/JavaRuntimeSupport.framework/JavaRuntimeSupport
0x0000000123795000 	/System/Library/Frameworks/JavaVM.framework/Versions/A/Frameworks/JavaNativeFoundation.framework/Versions/A/JavaNativeFoundation
0x00000001237aa000 	/System/Library/Frameworks/JavaVM.framework/Versions/A/JavaVM
0x00000000051b3000 	/System/Library/Frameworks/Carbon.framework/Versions/A/Carbon
0x00000001237b7000 	/System/Library/PrivateFrameworks/JavaLaunching.framework/Versions/A/JavaLaunching
0x00000000051b3000 	/System/Library/Frameworks/Carbon.framework/Versions/A/Frameworks/CommonPanels.framework/Versions/A/CommonPanels
0x00000000051b3000 	/System/Library/Frameworks/Carbon.framework/Versions/A/Frameworks/Help.framework/Versions/A/Help
0x00000000051b3000 	/System/Library/Frameworks/Carbon.framework/Versions/A/Frameworks/ImageCapture.framework/Versions/A/ImageCapture
0x00000000051b3000 	/System/Library/Frameworks/Carbon.framework/Versions/A/Frameworks/OpenScripting.framework/Versions/A/OpenScripting
0x00000000051b3000 	/System/Library/Frameworks/Carbon.framework/Versions/A/Frameworks/Print.framework/Versions/A/Print
0x00000000051b3000 	/System/Library/Frameworks/Carbon.framework/Versions/A/Frameworks/SecurityHI.framework/Versions/A/SecurityHI
0x00000001237c3000 	/Library/Java/JavaVirtualMachines/jdk1.8.0_71.jdk/Contents/Home/jre/lib/libdt_socket.dylib
0x00000001251ff000 	/Library/Java/JavaVirtualMachines/jdk1.8.0_71.jdk/Contents/Home/jre/lib/libawt.dylib
0x00000001252a7000 	/Library/Java/JavaVirtualMachines/jdk1.8.0_71.jdk/Contents/Home/jre/lib/./libmlib_image.dylib
0x0000000125373000 	/Library/Java/JavaVirtualMachines/jdk1.8.0_71.jdk/Contents/Home/jre/lib/libawt_lwawt.dylib
0x0000000125428000 	/Library/Java/JavaVirtualMachines/jdk1.8.0_71.jdk/Contents/Home/jre/lib/./libosxapp.dylib
0x00000000051b3000 	/System/Library/Frameworks/ExceptionHandling.framework/Versions/A/ExceptionHandling
0x00000000051b3000 	/System/Library/PrivateFrameworks/CoreServicesInternal.framework/Versions/A/CoreServicesInternal
0x00000000051b3000 	/System/Library/Frameworks/CoreGraphics.framework/Versions/A/Resources/libRIP.A.dylib
0x00000000051b3000 	/System/Library/Frameworks/Accelerate.framework/Versions/A/Frameworks/vImage.framework/Versions/A/Libraries/libCGInterfaces.dylib
0x00000000051b3000 	/System/Library/Frameworks/CoreGraphics.framework/Versions/A/Resources/libCGXType.A.dylib
0x00000000051b3000 	/System/Library/Frameworks/OpenCL.framework/Versions/A/Libraries/libcldcpuengine.dylib
0x00000000051b3000 	/System/Library/PrivateFrameworks/DiskImages.framework/Versions/A/DiskImages
0x00000000051b3000 	/System/Library/Frameworks/DiscRecording.framework/Versions/A/DiscRecording
0x00000000051b3000 	/usr/lib/libcsfde.dylib
0x00000000051b3000 	/usr/lib/libcurl.4.dylib
0x00000000051b3000 	/System/Library/PrivateFrameworks/MediaKit.framework/Versions/A/MediaKit
0x00000000051b3000 	/System/Library/PrivateFrameworks/ProtectedCloudStorage.framework/Versions/A/ProtectedCloudStorage
0x00000000051b3000 	/usr/lib/libCoreStorage.dylib
0x00000000051b3000 	/System/Library/PrivateFrameworks/EFILogin.framework/Versions/A/EFILogin
0x00000000051b3000 	/usr/lib/libutil.dylib
0x00000000051b3000 	/System/Library/PrivateFrameworks/FindMyDevice.framework/Versions/A/FindMyDevice
0x00000000051b3000 	/System/Library/Frameworks/LDAP.framework/Versions/A/LDAP
0x00000000051b3000 	/usr/lib/libsasl2.2.dylib
0x00000000051b3000 	/System/Library/PrivateFrameworks/CoreDaemon.framework/Versions/B/CoreDaemon
0x00000000051b3000 	/usr/lib/libcrypto.0.9.8.dylib
0x00000000051b3000 	/System/Library/PrivateFrameworks/AppleSRP.framework/Versions/A/AppleSRP
0x00000000051b3000 	/System/Library/PrivateFrameworks/TrustEvaluationAgent.framework/Versions/A/TrustEvaluationAgent
0x0000000126367000 	cl_kernels
0x00000000051b3000 	/System/Library/Frameworks/OpenCL.framework/Versions/A/Libraries/ImageFormats/unorm8_bgra.dylib
0x00000000051b3000 	/System/Library/Frameworks/OpenCL.framework/Versions/A/Libraries/ImageFormats/unorm8_rgba.dylib
0x00000000051b3000 	/System/Library/PrivateFrameworks/FamilyControls.framework/Versions/A/FamilyControls
0x00000000051b3000 	/System/Library/PrivateFrameworks/CommerceKit.framework/Versions/A/Frameworks/CommerceCore.framework/Versions/A/CommerceCore
0x00000000051b3000 	/System/Library/PrivateFrameworks/SystemAdministration.framework/Versions/A/SystemAdministration
0x00000000051b3000 	/System/Library/PrivateFrameworks/AppContainer.framework/Versions/A/AppContainer
0x00000000051b3000 	/System/Library/PrivateFrameworks/SecCodeWrapper.framework/Versions/A/SecCodeWrapper
0x00000000051b3000 	/System/Library/Frameworks/DirectoryService.framework/Versions/A/DirectoryService
0x00000000051b3000 	/System/Library/PrivateFrameworks/LoginUIKit.framework/Versions/A/Frameworks/LoginUICore.framework/Versions/A/LoginUICore
0x00000000051b3000 	/usr/lib/libodfde.dylib
0x0000000128424000 	/Library/Java/JavaVirtualMachines/jdk1.8.0_71.jdk/Contents/Home/jre/lib/libfontmanager.dylib
0x000000012848b000 	/Library/Java/JavaVirtualMachines/jdk1.8.0_71.jdk/Contents/Home/jre/lib/libosxui.dylib
0x00000000051b3000 	/System/Library/Frameworks/OpenGL.framework/Versions/A/Resources/GLEngine.bundle/GLEngine
0x00000000051b3000 	/System/Library/Frameworks/OpenGL.framework/Versions/A/Libraries/libGLProgrammability.dylib
0x0000000128ed6000 	/System/Library/Extensions/AppleIntelHD4000GraphicsGLDriver.bundle/Contents/MacOS/AppleIntelHD4000GraphicsGLDriver
0x00000000051b3000 	/System/Library/PrivateFrameworks/GPUSupport.framework/Versions/A/Libraries/libGPUSupportMercury.dylib
0x00000000051b3000 	/System/Library/Frameworks/OpenGL.framework/Versions/A/Resources/GLRendererFloat.bundle/GLRendererFloat
0x000000012628f000 	/Library/Java/JavaVirtualMachines/jdk1.8.0_71.jdk/Contents/Home/jre/lib/libnet.dylib
0x00000001262a6000 	/Library/Java/JavaVirtualMachines/jdk1.8.0_71.jdk/Contents/Home/jre/lib/libnio.dylib
0x00000000051b3000 	/System/Library/Frameworks/ApplicationServices.framework/Versions/A/Frameworks/ATS.framework/Versions/A/Resources/libTrueTypeScaler.dylib
0x000000017dc5a000 	/System/Library/Extensions/AppleIntelHD4000GraphicsMTLDriver.bundle/Contents/MacOS/AppleIntelHD4000GraphicsMTLDriver
0x000000017c59a000 	/Library/Java/JavaVirtualMachines/jdk1.8.0_71.jdk/Contents/Home/jre/lib/libdcpr.dylib
0x00000000051b3000 	/System/Library/PrivateFrameworks/FinderKit.framework/Versions/A/FinderKit
0x00000000051b3000 	/System/Library/Frameworks/Quartz.framework/Versions/A/Frameworks/QuickLookUI.framework/Versions/A/QuickLookUI
0x00000000051b3000 	/System/Library/Frameworks/Quartz.framework/Versions/A/Frameworks/ImageKit.framework/Versions/A/ImageKit
0x00000000051b3000 	/System/Library/PrivateFrameworks/Bom.framework/Versions/A/Bom
0x00000000051b3000 	/System/Library/Frameworks/QuickLook.framework/Versions/A/QuickLook
0x00000000051b3000 	/System/Library/PrivateFrameworks/Suggestions.framework/Versions/A/Suggestions
0x00000000051b3000 	/System/Library/PrivateFrameworks/AppleSystemInfo.framework/Versions/A/AppleSystemInfo
0x00000000051b3000 	/System/Library/Frameworks/ImageCaptureCore.framework/Versions/A/ImageCaptureCore
0x00000000051b3000 	/System/Library/PrivateFrameworks/SafariServices.framework/Versions/A/SafariServices
0x00000000051b3000 	/usr/lib/libspindump.dylib
0x00000000051b3000 	/System/Library/Frameworks/QTKit.framework/Versions/A/QTKit
0x00000000051b3000 	/System/Library/Frameworks/AVFoundation.framework/Versions/A/AVFoundation
0x00000000051b3000 	/System/Library/Frameworks/CoreMedia.framework/Versions/A/CoreMedia
0x00000000051b3000 	/System/Library/Frameworks/MediaToolbox.framework/Versions/A/MediaToolbox
0x00000000051b3000 	/System/Library/Frameworks/VideoToolbox.framework/Versions/A/VideoToolbox
0x00000000051b3000 	/System/Library/PrivateFrameworks/CoreMediaAuthoring.framework/Versions/A/CoreMediaAuthoring
0x00000000051b3000 	/System/Library/Frameworks/CoreMediaIO.framework/Versions/A/CoreMediaIO
0x00000000051b3000 	/System/Library/Frameworks/AVFoundation.framework/Versions/A/Resources/libAVFAudio.dylib
0x00000000051b3000 	/System/Library/PrivateFrameworks/CoreAVCHD.framework/Versions/A/CoreAVCHD
0x00000000051b3000 	/System/Library/Frameworks/MediaAccessibility.framework/Versions/A/MediaAccessibility
0x00000000051b3000 	/System/Library/PrivateFrameworks/Mangrove.framework/Versions/A/Mangrove
0x00000000051b3000 	/System/Library/PrivateFrameworks/CoreAUC.framework/Versions/A/CoreAUC
0x00000000051b3000 	/System/Library/PrivateFrameworks/AppleVA.framework/Versions/A/AppleVA
0x00000000051b3000 	/System/Library/PrivateFrameworks/XPCService.framework/Versions/A/XPCService
0x00000000051b3000 	/System/Library/PrivateFrameworks/AppSandbox.framework/Versions/A/AppSandbox
0x00000000051b3000 	/usr/lib/libsandbox.1.dylib
0x00000000051b3000 	/usr/lib/libMatch.1.dylib
0x00000000051b3000 	/System/Library/PrivateFrameworks/DisplayServices.framework/Versions/A/DisplayServices
0x00000000051b3000 	/System/Library/Frameworks/Quartz.framework/Versions/A/Frameworks/PDFKit.framework/Versions/A/PDFKit
0x00000000051b3000 	/System/Library/Frameworks/Quartz.framework/Versions/A/Frameworks/QuartzComposer.framework/Versions/A/QuartzComposer
0x00000000051b3000 	/System/Library/Frameworks/Quartz.framework/Versions/A/Frameworks/QuartzFilters.framework/Versions/A/QuartzFilters
0x00000000051b3000 	/System/Library/PrivateFrameworks/CorePDF.framework/Versions/A/CorePDF
0x00000000051b3000 	/System/Library/Frameworks/JavaScriptCore.framework/Versions/A/JavaScriptCore
0x00000000051b3000 	/System/Library/PrivateFrameworks/AppleFSCompression.framework/Versions/A/AppleFSCompression
0x00000000051b3000 	/System/Library/Frameworks/AddressBook.framework/Versions/A/AddressBook
0x00000000051b3000 	/System/Library/PrivateFrameworks/ContactsPersistence.framework/Versions/A/ContactsPersistence
0x00000000051b3000 	/System/Library/PrivateFrameworks/ContactsFoundation.framework/Versions/A/ContactsFoundation
0x00000000051b3000 	/System/Library/PrivateFrameworks/vCard.framework/Versions/A/vCard
0x00000000051b3000 	/System/Library/PrivateFrameworks/IntlPreferences.framework/Versions/A/IntlPreferences
0x00000000051b3000 	/System/Library/PrivateFrameworks/ToneLibrary.framework/Versions/A/ToneLibrary
0x00000000051b3000 	/System/Library/PrivateFrameworks/ToneKit.framework/Versions/A/ToneKit
0x00000000051b3000 	/System/Library/PrivateFrameworks/ApplePushService.framework/Versions/A/ApplePushService
0x00000000051b3000 	/System/Library/Frameworks/SecurityInterface.framework/Versions/A/SecurityInterface
0x00000000051b3000 	/System/Library/PrivateFrameworks/PhoneNumbers.framework/Versions/A/PhoneNumbers
0x00000000051b3000 	/System/Library/PrivateFrameworks/ViewBridge.framework/Versions/A/ViewBridge
0x00000000051b3000 	/System/Library/Frameworks/Quartz.framework/Versions/A/Quartz
0x00000000051b3000 	/System/Library/PrivateFrameworks/CloudDocs.framework/Versions/A/CloudDocs
0x00000000051b3000 	/System/Library/PrivateFrameworks/CoreDuet.framework/Versions/A/CoreDuet
0x00000000051b3000 	/System/Library/Frameworks/CloudKit.framework/Versions/A/CloudKit
0x00000000051b3000 	/System/Library/PrivateFrameworks/ProtocolBuffer.framework/Versions/A/ProtocolBuffer
0x00000000051b3000 	/System/Library/PrivateFrameworks/CoreDuetDaemonProtocol.framework/Versions/A/CoreDuetDaemonProtocol
0x00000000051b3000 	/System/Library/PrivateFrameworks/CoreDuetDebugLogging.framework/Versions/A/CoreDuetDebugLogging
0x00000000051b3000 	/System/Library/PrivateFrameworks/MMCS.framework/Versions/A/MMCS
0x00000000051b3000 	/System/Library/Frameworks/CoreLocation.framework/Versions/A/CoreLocation
0x00000000051b3000 	/System/Library/PrivateFrameworks/AssetCacheServices.framework/Versions/A/AssetCacheServices
0x00000000051b3000 	/System/Library/PrivateFrameworks/GeoServices.framework/Versions/A/GeoServices
0x00000000051b3000 	/System/Library/PrivateFrameworks/PlugInKit.framework/Versions/A/PlugInKit
0x00000000051b3000 	/System/Library/PrivateFrameworks/iLifeMediaBrowser.framework/Versions/A/iLifeMediaBrowser
0x00000000051b3000 	/System/Library/Frameworks/AVKit.framework/Versions/A/AVKit
0x00000000051b3000 	/System/Library/CoreServices/RawCamera.bundle/Contents/MacOS/RawCamera
0x00000000051b3000 	/System/Library/PrivateFrameworks/CacheDelete.framework/Versions/A/CacheDelete
0x0000000181c1d000 	/System/Library/Frameworks/Security.framework/PlugIns/csparser.bundle/Contents/MacOS/csparser
0x00000000051b3000 	/System/Library/PrivateFrameworks/Shortcut.framework/Versions/A/Shortcut
0x00000000051b3000 	/System/Library/PrivateFrameworks/HelpData.framework/Versions/A/HelpData
0x00000000051b3000 	/usr/lib/libtidy.A.dylib
0x00000000051b3000 	/System/Library/Frameworks/CoreGraphics.framework/Versions/A/Resources/libCGXCoreImage.A.dylib
0x0000000180dea000 	cl_kernels
0x000000012a397000 	/System/Library/Frameworks/Quartz.framework/Versions/A/Frameworks/QuickLookUI.framework/Versions/A/PlugIns/Generic.qldisplay/Contents/MacOS/Generic

VM Arguments:
jvm_args: -agentlib:jdwp=transport=dt_socket,suspend=y,address=localhost:51159 -Dfile.encoding=UTF-8 
java_command: ltsa.ui.HPWindow
java_class_path (initial): /Users/Claudio1/Documents/School/University/Postdoc/Software/CHIAExtended/MTSASource/mtsa/maven-root/mtsa/target/classes:/Users/Claudio1/.m2/repository/net/sourceforge/collections/collections-generic/4.01/collections-generic-4.01.jar:/Users/Claudio1/.m2/repository/commons-collections/commons-collections/3.2/commons-collections-3.2.jar:/Users/Claudio1/.m2/repository/commons-lang/commons-lang/2.2/commons-lang-2.2.jar:/Users/Claudio1/.m2/repository/net/sf/jung/jung-graph-impl/2.0.1/jung-graph-impl-2.0.1.jar:/Users/Claudio1/.m2/repository/net/sf/jung/jung-api/2.0.1/jung-api-2.0.1.jar:/Users/Claudio1/.m2/repository/junit/junit/4.12/junit-4.12.jar:/Users/Claudio1/.m2/repository/org/hamcrest/hamcrest-core/1.3/hamcrest-core-1.3.jar:/Users/Claudio1/.m2/repository/com/sun/org/apache/jaxp-ri/1.4/jaxp-ri-1.4.jar:/Users/Claudio1/.m2/repository/javax/xml/parsers/jaxp-api/1.4/jaxp-api-1.4.jar:/Users/Claudio1/.m2/repository/log4j/log4j/1.2.17/log4j-1.2.17.jar:/Users/Claudio1/.m2/repository/com/google/zxing/javase/2.2/javase-2.2.jar:/Users/Claudio1/.m2/repository/com/google/zxing/core/2.2/core-2.2.jar:/Users/Claudio1/.m2/repository/com/illposed/osc/javaosc-core/0.2/javaosc-core-0.2.jar:/Users/Claudio1/.m2/repository/org/scream3r/jssc/2.8.0/jssc-2.8.0.jar:/Users/Claudio1/.m2/repository/jfree/jcommon/1.0.16/jcommon-1.0.16.jar:/Users/Claudio1/.m2/repository/com/google/guava/guava/12.0.1/guava-12.0.1.jar:/Users/Claudio1/.m2/repository/com/google/code/findbugs/jsr305/1.3.9/jsr305-1.3.9.jar:/Users/Claudio1/.m2/repository/net/sf/jung/jung-algorithms/2.0.1/jung-algorithms-2.0.1.jar:/Users/Claudio1/.m2/repository/colt/colt/1.2.0/colt-1.2.0.jar:/Users/Claudio1/.m2/repository/concurrent/concurrent/1.3.4/concurrent-1.3.4.jar:/Users/Claudio1/.m2/repository/net/sf/jung/jung-visualization/2.0.1/jung-visualization-2.0.1.jar:/Users/Claudio1/.m2/repository/org/springframework/spring-beans/3.2.3.RELEASE/spring-beans-3.2.3.RELEASE.jar:/Users/Claudio1/.m2/repository/org/spri
Launcher Type: SUN_STANDARD

Environment Variables:
PATH=/usr/bin:/bin:/usr/sbin:/sbin
SHELL=/bin/bash
DISPLAY=/private/tmp/com.apple.launchd.2RIp3JHJjs/org.macosforge.xquartz:0

Signal Handlers:
SIGSEGV: [libjvm.dylib+0x5a68c5], sa_mask[0]=11111111011111110111111111111111, sa_flags=SA_ONSTACK|SA_RESTART|SA_SIGINFO
SIGBUS: [libjvm.dylib+0x5a68c5], sa_mask[0]=11111111011111110111111111111111, sa_flags=SA_RESTART|SA_SIGINFO
SIGFPE: [libjvm.dylib+0x4805d4], sa_mask[0]=11111111011111110111111111111111, sa_flags=SA_RESTART|SA_SIGINFO
SIGPIPE: [libjvm.dylib+0x4805d4], sa_mask[0]=11111111011111110111111111111111, sa_flags=SA_RESTART|SA_SIGINFO
SIGXFSZ: [libjvm.dylib+0x4805d4], sa_mask[0]=11111111011111110111111111111111, sa_flags=SA_RESTART|SA_SIGINFO
SIGILL: [libjvm.dylib+0x4805d4], sa_mask[0]=11111111011111110111111111111111, sa_flags=SA_RESTART|SA_SIGINFO
SIGUSR1: SIG_DFL, sa_mask[0]=00000000000000000000000000000000, sa_flags=none
SIGUSR2: [libjvm.dylib+0x4800f2], sa_mask[0]=00100000000000000000000000000000, sa_flags=SA_RESTART|SA_SIGINFO
SIGHUP: [libjvm.dylib+0x47e6c9], sa_mask[0]=11111111011111110111111111111111, sa_flags=SA_RESTART|SA_SIGINFO
SIGINT: [libjvm.dylib+0x47e6c9], sa_mask[0]=11111111011111110111111111111111, sa_flags=SA_RESTART|SA_SIGINFO
SIGTERM: [libjvm.dylib+0x47e6c9], sa_mask[0]=11111111011111110111111111111111, sa_flags=SA_RESTART|SA_SIGINFO
SIGQUIT: [libjvm.dylib+0x47e6c9], sa_mask[0]=11111111011111110111111111111111, sa_flags=SA_RESTART|SA_SIGINFO


---------------  S Y S T E M  ---------------

OS:Bsduname:Darwin 15.5.0 Darwin Kernel Version 15.5.0: Tue Apr 19 18:36:36 PDT 2016; root:xnu-3248.50.21~8/RELEASE_X86_64 x86_64
rlimit: STACK 8192k, CORE 0k, NPROC 709, NOFILE 10240, AS infinity
load average:1.93 1.96 2.05

CPU:total 4 (2 cores per cpu, 2 threads per core) family 6 model 58 stepping 9, cmov, cx8, fxsr, mmx, sse, sse2, sse3, ssse3, sse4.1, sse4.2, popcnt, avx, aes, clmul, erms, ht, tsc, tscinvbit, tscinv

Memory: 4k page, physical 8388608k(26192k free)

/proc/meminfo:


vm_info: Java HotSpot(TM) 64-Bit Server VM (25.71-b15) for bsd-amd64 JRE (1.8.0_71-b15), built on Dec 22 2015 15:11:44 by "java_re" with gcc 4.2.1 (Based on Apple Inc. build 5658) (LLVM build 2336.11.00)

time: Fri Aug  5 09:37:45 2016
elapsed time: 157 seconds (0d 0h 2m 37s)

