#
# A fatal error has been detected by the Java Runtime Environment:
#
#  SIGSEGV (0xb) at pc=0x0000000100b0549c, pid=42322, tid=16899
#
# JRE version: Java(TM) SE Runtime Environment (8.0_71-b15) (build 1.8.0_71-b15)
# Java VM: Java HotSpot(TM) 64-Bit Server VM (25.71-b15 mixed mode bsd-amd64 compressed oops)
# Problematic frame:
# V  [libjvm.dylib+0x44649c]  Method::checked_resolve_jmethod_id(_jmethodID*)+0xe
#
# Failed to write core dump. Core dumps have been disabled. To enable core dumping, try "ulimit -c unlimited" before starting Java again
#
# If you would like to submit a bug report, please visit:
#   http://bugreport.java.com/bugreport/crash.jsp
#

---------------  T H R E A D  ---------------

Current thread (0x00007f998401b000):  JavaThread "JDWP Transport Listener: dt_socket" daemon [_thread_in_vm, id=16899, stack(0x0000700000ab8000,0x0000700000bb8000)]

siginfo: si_signo: 11 (SIGSEGV), si_code: 0 (unknown), si_addr: 0x0000000000000000

Registers:
RAX=0x0000000000000001, RBX=0x0000700000bb7a8b, RCX=0x0000000100ed4340, RDX=0x0000700000bb7a8b
RSP=0x0000700000bb79d0, RBP=0x0000700000bb79e0, RSI=0x00007f998401b000, RDI=0x746e65757165532f
R8 =0x0000000000000000, R9 =0x00007f9988829650, R10=0x00000000dddd538a, R11=0x00007f9988800000
R12=0x00007f998401b000, R13=0x746e65757165532f, R14=0x746e65757165532f, R15=0x00007f9982d0f370
RIP=0x0000000100b0549c, EFLAGS=0x0000000000010202, ERR=0x0000000000000000
  TRAPNO=0x000000000000000d

Top of Stack: (sp=0x0000700000bb79d0)
0x0000700000bb79d0:   0000700000bb7a8b 0000700000bb7a8b
0x0000700000bb79e0:   0000700000bb7a40 0000000100a144fa
0x0000700000bb79f0:   00007f998401b000 0000000000000000
0x0000700000bb7a00:   0000000000000000 0000000000000000
0x0000700000bb7a10:   00007f998401b000 00007f998401b000
0x0000700000bb7a20:   0000700000bb7a8b 0000700000bb7a90
0x0000700000bb7a30:   746e65757165532f 0000000000000010
0x0000700000bb7a40:   0000700000bb7a60 00000001016b6780
0x0000700000bb7a50:   0000000000000001 0000700000bb7b08
0x0000700000bb7a60:   0000700000bb7ad0 000000010169b1f3
0x0000700000bb7a70:   0000700000bb7aa0 00007f998727eb00
0x0000700000bb7a80:   0000001100000032 f000100a01bb7b08
0x0000700000bb7a90:   0000000000000000 0000000000000000
0x0000700000bb7aa0:   0000000000000000 0000700000bb7c90
0x0000700000bb7ab0:   00000001016bde7a 00007f9982c1eea0
0x0000700000bb7ac0:   0000700000bb7b08 00000001016c9598
0x0000700000bb7ad0:   0000700000bb7ae0 000000010169b2ec
0x0000700000bb7ae0:   0000700000bb7d00 00000001016a4898
0x0000700000bb7af0:   0000ec4000000013 00000000000f0200
0x0000700000bb7b00:   00007f9982c7ae30 00007f9984e5d404
0x0000700000bb7b10:   00007f990000015c 00007f99888149e0
0x0000700000bb7b20:   00007f990000012c 0000700000bb7b58
0x0000700000bb7b30:   00007f998880d3e0 0000000000000000
0x0000700000bb7b40:   0000ec400000001c 0000000000000080
0x0000700000bb7b50:   0000700000bb7b58 997f000011000000
0x0000700000bb7b60:   10000000c0692387 736f706d6f436f74
0x0000700000bb7b70:   6574617453657469 746c4c2888000000
0x0000700000bb7b80:   6c2f73746c2f6173 756d726f662f6c74
0x0000700000bb7b90:   756d726f462f616c 6173746c4c3b616c
0x0000700000bb7ba0:   74756f2f73746c2f 4f53544c2f747570
0x0000700000bb7bb0:   6a4c3b7475707475 6c6974752f617661
0x0000700000bb7bc0:   616a4c3b7465532f 2f676e616c2f6176 

Instructions: (pc=0x0000000100b0549c)
0x0000000100b0547c:   40 48 48 85 c0 75 e0 30 c0 0f b6 c0 5d c3 31 c0
0x0000000100b0548c:   5d c3 55 48 89 e5 53 48 83 ec 08 48 85 ff 74 24
0x0000000100b0549c:   48 8b 1f 48 85 db 74 1c 48 83 fb 37 74 16 48 8b
0x0000000100b054ac:   03 48 89 df ff 50 10 84 c0 b8 00 00 00 00 48 0f 

Register to memory mapping:

RAX=0x0000000000000001 is an unknown value
RBX=0x0000700000bb7a8b is pointing into the stack for thread: 0x00007f998401b000
RCX=0x0000000100ed4340: UseMembar+0 in /Library/Java/JavaVirtualMachines/jdk1.8.0_71.jdk/Contents/Home/jre/lib/server/libjvm.dylib at 0x00000001006bf000
RDX=0x0000700000bb7a8b is pointing into the stack for thread: 0x00007f998401b000
RSP=0x0000700000bb79d0 is pointing into the stack for thread: 0x00007f998401b000
RBP=0x0000700000bb79e0 is pointing into the stack for thread: 0x00007f998401b000
RSI=0x00007f998401b000 is a thread
RDI=0x746e65757165532f is an unknown value
R8 =0x0000000000000000 is an unknown value
R9 =0x00007f9988829650 is an unknown value
R10=0x00000000dddd538a is an unknown value
R11=0x00007f9988800000 is an unknown value
R12=0x00007f998401b000 is a thread
R13=0x746e65757165532f is an unknown value
R14=0x746e65757165532f is an unknown value
R15=0x00007f9982d0f370 is an unknown value


Stack: [0x0000700000ab8000,0x0000700000bb8000],  sp=0x0000700000bb79d0,  free space=1022k
Native frames: (J=compiled Java code, j=interpreted, Vv=VM code, C=native code)
V  [libjvm.dylib+0x44649c]  Method::checked_resolve_jmethod_id(_jmethodID*)+0xe
V  [libjvm.dylib+0x3554fa]  jvmti_IsMethodSynthetic+0xb2
C  [libjdwp.dylib+0x20780]  isMethodSynthetic+0x63
C  [libjdwp.dylib+0x51f3]  methods1+0x10b
C  [libjdwp.dylib+0x52ec]  methodsWithGeneric+0xe
C  [libjdwp.dylib+0xe898]  debugLoop_run+0x1ce
C  [libjdwp.dylib+0x1f6ba]  attachThread+0x4d
V  [libjvm.dylib+0x396858]  JvmtiAgentThread::call_start_function()+0x38
V  [libjvm.dylib+0x560e73]  JavaThread::thread_main_inner()+0x9b
V  [libjvm.dylib+0x56256e]  JavaThread::run()+0x1c2
V  [libjvm.dylib+0x482fc2]  java_start(Thread*)+0xf6
C  [libsystem_pthread.dylib+0x399d]  _pthread_body+0x83
C  [libsystem_pthread.dylib+0x391a]  _pthread_body+0x0
C  [libsystem_pthread.dylib+0x1351]  thread_start+0xd
C  0x0000000000000000


---------------  P R O C E S S  ---------------

Java Threads: ( => current thread )
  0x00007f9984e11800 JavaThread "DestroyJavaVM" [_thread_blocked, id=5891, stack(0x000070000011a000,0x000070000021a000)]
  0x00007f998396f800 JavaThread "TimerQueue" daemon [_thread_blocked, id=58627, stack(0x0000700001b71000,0x0000700001c71000)]
  0x00007f9984b9e800 JavaThread "AWT-EventQueue-0" [_thread_blocked, id=56579, stack(0x000070000196b000,0x0000700001a6b000)]
  0x00007f9983176000 JavaThread "Thread-0" [_thread_blocked, id=56067, stack(0x0000700001868000,0x0000700001968000)]
  0x00007f998396e800 JavaThread "Java2D Disposer" daemon [_thread_blocked, id=55303, stack(0x0000700001765000,0x0000700001865000)]
  0x00007f998392b000 JavaThread "Java2D Queue Flusher" daemon [_thread_blocked, id=51975, stack(0x0000700001662000,0x0000700001762000)]
  0x00007f998311d000 JavaThread "AWT-Shutdown" [_thread_blocked, id=27459, stack(0x00007000014dc000,0x00007000015dc000)]
  0x00007f99830fe800 JavaThread "AppKit Thread" daemon [_thread_in_native, id=2571, stack(0x00007fff5efbd000,0x00007fff5f7bd000)]
  0x00007f9983055800 JavaThread "Service Thread" daemon [_thread_blocked, id=19971, stack(0x00007000010ca000,0x00007000011ca000)]
  0x00007f998403c800 JavaThread "C1 CompilerThread2" daemon [_thread_blocked, id=19459, stack(0x0000700000fc7000,0x00007000010c7000)]
  0x00007f998381b000 JavaThread "C2 CompilerThread1" daemon [_thread_blocked, id=18947, stack(0x0000700000ec4000,0x0000700000fc4000)]
  0x00007f998382c000 JavaThread "C2 CompilerThread0" daemon [_thread_blocked, id=18435, stack(0x0000700000dc1000,0x0000700000ec1000)]
  0x00007f9983032000 JavaThread "JDWP Command Reader" daemon [_thread_in_native, id=17923, stack(0x0000700000cbe000,0x0000700000dbe000)]
  0x00007f9984045800 JavaThread "JDWP Event Helper Thread" daemon [_thread_blocked, id=17411, stack(0x0000700000bbb000,0x0000700000cbb000)]
=>0x00007f998401b000 JavaThread "JDWP Transport Listener: dt_socket" daemon [_thread_in_vm, id=16899, stack(0x0000700000ab8000,0x0000700000bb8000)]
  0x00007f998303d800 JavaThread "Signal Dispatcher" daemon [_thread_blocked, id=13839, stack(0x00007000009b5000,0x0000700000ab5000)]
  0x00007f9983806000 JavaThread "Finalizer" daemon [_thread_blocked, id=12291, stack(0x000070000082f000,0x000070000092f000)]
  0x00007f9983805000 JavaThread "Reference Handler" daemon [_thread_blocked, id=11779, stack(0x000070000072c000,0x000070000082c000)]

Other Threads:
  0x00007f9983031000 VMThread [stack: 0x0000700000629000,0x0000700000729000] [id=11267]
  0x00007f998403a800 WatcherThread [stack: 0x00007000011cd000,0x00007000012cd000] [id=20483]

VM state:not at safepoint (normal execution)

VM Mutex/Monitor currently owned by a thread: None

Heap:
 PSYoungGen      total 2396672K, used 82576K [0x0000000717980000, 0x00000007bec00000, 0x00000007c0000000)
  eden space 2054656K, 4% used [0x0000000717980000,0x000000071ca243e8,0x0000000795000000)
  from space 342016K, 0% used [0x0000000795000000,0x0000000795000000,0x00000007a9e00000)
  to   space 342016K, 0% used [0x00000007a9e00000,0x00000007a9e00000,0x00000007bec00000)
 ParOldGen       total 5477888K, used 8443K [0x00000005c6c00000, 0x0000000715180000, 0x0000000717980000)
  object space 5477888K, 0% used [0x00000005c6c00000,0x00000005c743ec28,0x0000000715180000)
 Metaspace       used 19130K, capacity 19546K, committed 19712K, reserved 1067008K
  class space    used 2418K, capacity 2521K, committed 2560K, reserved 1048576K

Card table byte_map: [0x00000001113c0000,0x000000011238b000] byte_map_base: 0x000000010e58a000

Marking Bits: (ParMarkBitMap*) 0x0000000100fa2ea0
 Begin Bits: [0x0000000112e12000, 0x000000011ac62000)
 End Bits:   [0x000000011ac62000, 0x0000000122ab2000)

Polling page: 0x0000000101695000

CodeCache: size=245760Kb used=8220Kb max_used=8233Kb free=237539Kb
 bounds [0x0000000102000000, 0x0000000102820000, 0x0000000111000000]
 total_blobs=3138 nmethods=2560 adapters=497
 compilation: enabled

Compilation events (10 events):
Event: 471.751 Thread 0x00007f998403c800 2750       3       org.apache.log4j.Priority::equals (31 bytes)
Event: 471.751 Thread 0x00007f998403c800 nmethod 2750 0x0000000102533e90 code [0x0000000102534000, 0x00000001025343f0]
Event: 471.764 Thread 0x00007f998381b000 2753       4       java.nio.Buffer::position (43 bytes)
Event: 471.765 Thread 0x00007f998403c800 2754  s    3       java.util.Vector::toString (5 bytes)
Event: 471.765 Thread 0x00007f998403c800 nmethod 2754 0x00000001022a08d0 code [0x00000001022a0a40, 0x00000001022a0d48]
Event: 471.765 Thread 0x00007f998381b000 nmethod 2753 0x0000000102441a90 code [0x0000000102441be0, 0x0000000102441cb8]
Event: 471.765 Thread 0x00007f998403c800 2755       1       ltsa.lts.ltl.PredicateDefinition::getInitiatingActions (5 bytes)
Event: 471.765 Thread 0x00007f998403c800 nmethod 2755 0x00000001027fb4d0 code [0x00000001027fb620, 0x00000001027fb730]
Event: 471.766 Thread 0x00007f998403c800 2756       1       ltsa.lts.ltl.PredicateDefinition::getTerminatingActions (5 bytes)
Event: 471.766 Thread 0x00007f998403c800 nmethod 2756 0x000000010242e1d0 code [0x000000010242e320, 0x000000010242e430]

GC Heap History (10 events):
Event: 90.303 GC heap before
{Heap before GC invocations=10 (full 5):
 PSYoungGen      total 2396672K, used 96K [0x0000000717980000, 0x00000007bec00000, 0x00000007c0000000)
  eden space 2054656K, 0% used [0x0000000717980000,0x0000000717980000,0x0000000795000000)
  from space 342016K, 0% used [0x0000000795000000,0x0000000795018000,0x00000007a9e00000)
  to   space 342016K, 0% used [0x00000007a9e00000,0x00000007a9e00000,0x00000007bec00000)
 ParOldGen       total 5477888K, used 8415K [0x00000005c6c00000, 0x0000000715180000, 0x0000000717980000)
  object space 5477888K, 0% used [0x00000005c6c00000,0x00000005c7437e50,0x0000000715180000)
 Metaspace       used 18933K, capacity 19404K, committed 19712K, reserved 1067008K
  class space    used 2417K, capacity 2520K, committed 2560K, reserved 1048576K
Event: 90.358 GC heap after
Heap after GC invocations=10 (full 5):
 PSYoungGen      total 2396672K, used 0K [0x0000000717980000, 0x00000007bec00000, 0x00000007c0000000)
  eden space 2054656K, 0% used [0x0000000717980000,0x0000000717980000,0x0000000795000000)
  from space 342016K, 0% used [0x0000000795000000,0x0000000795000000,0x00000007a9e00000)
  to   space 342016K, 0% used [0x00000007a9e00000,0x00000007a9e00000,0x00000007bec00000)
 ParOldGen       total 5477888K, used 8369K [0x00000005c6c00000, 0x0000000715180000, 0x0000000717980000)
  object space 5477888K, 0% used [0x00000005c6c00000,0x00000005c742c7a8,0x0000000715180000)
 Metaspace       used 18933K, capacity 19404K, committed 19712K, reserved 1067008K
  class space    used 2417K, capacity 2520K, committed 2560K, reserved 1048576K
}
Event: 90.360 GC heap before
{Heap before GC invocations=11 (full 5):
 PSYoungGen      total 2396672K, used 41483K [0x0000000717980000, 0x00000007bec00000, 0x00000007c0000000)
  eden space 2054656K, 2% used [0x0000000717980000,0x000000071a202f58,0x0000000795000000)
  from space 342016K, 0% used [0x0000000795000000,0x0000000795000000,0x00000007a9e00000)
  to   space 342016K, 0% used [0x00000007a9e00000,0x00000007a9e00000,0x00000007bec00000)
 ParOldGen       total 5477888K, used 8369K [0x00000005c6c00000, 0x0000000715180000, 0x0000000717980000)
  object space 5477888K, 0% used [0x00000005c6c00000,0x00000005c742c7a8,0x0000000715180000)
 Metaspace       used 18933K, capacity 19404K, committed 19712K, reserved 1067008K
  class space    used 2417K, capacity 2520K, committed 2560K, reserved 1048576K
Event: 90.362 GC heap after
Heap after GC invocations=11 (full 5):
 PSYoungGen      total 2396672K, used 32K [0x0000000717980000, 0x00000007bec00000, 0x00000007c0000000)
  eden space 2054656K, 0% used [0x0000000717980000,0x0000000717980000,0x0000000795000000)
  from space 342016K, 0% used [0x00000007a9e00000,0x00000007a9e08000,0x00000007bec00000)
  to   space 342016K, 0% used [0x0000000795000000,0x0000000795000000,0x00000007a9e00000)
 ParOldGen       total 5477888K, used 8369K [0x00000005c6c00000, 0x0000000715180000, 0x0000000717980000)
  object space 5477888K, 0% used [0x00000005c6c00000,0x00000005c742c7a8,0x0000000715180000)
 Metaspace       used 18933K, capacity 19404K, committed 19712K, reserved 1067008K
  class space    used 2417K, capacity 2520K, committed 2560K, reserved 1048576K
}
Event: 90.362 GC heap before
{Heap before GC invocations=12 (full 6):
 PSYoungGen      total 2396672K, used 32K [0x0000000717980000, 0x00000007bec00000, 0x00000007c0000000)
  eden space 2054656K, 0% used [0x0000000717980000,0x0000000717980000,0x0000000795000000)
  from space 342016K, 0% used [0x00000007a9e00000,0x00000007a9e08000,0x00000007bec00000)
  to   space 342016K, 0% used [0x0000000795000000,0x0000000795000000,0x00000007a9e00000)
 ParOldGen       total 5477888K, used 8369K [0x00000005c6c00000, 0x0000000715180000, 0x0000000717980000)
  object space 5477888K, 0% used [0x00000005c6c00000,0x00000005c742c7a8,0x0000000715180000)
 Metaspace       used 18933K, capacity 19404K, committed 19712K, reserved 1067008K
  class space    used 2417K, capacity 2520K, committed 2560K, reserved 1048576K
Event: 90.396 GC heap after
Heap after GC invocations=12 (full 6):
 PSYoungGen      total 2396672K, used 0K [0x0000000717980000, 0x00000007bec00000, 0x00000007c0000000)
  eden space 2054656K, 0% used [0x0000000717980000,0x0000000717980000,0x0000000795000000)
  from space 342016K, 0% used [0x00000007a9e00000,0x00000007a9e00000,0x00000007bec00000)
  to   space 342016K, 0% used [0x0000000795000000,0x0000000795000000,0x00000007a9e00000)
 ParOldGen       total 5477888K, used 8370K [0x00000005c6c00000, 0x0000000715180000, 0x0000000717980000)
  object space 5477888K, 0% used [0x00000005c6c00000,0x00000005c742cbb0,0x0000000715180000)
 Metaspace       used 18933K, capacity 19404K, committed 19712K, reserved 1067008K
  class space    used 2417K, capacity 2520K, committed 2560K, reserved 1048576K
}
Event: 176.962 GC heap before
{Heap before GC invocations=13 (full 6):
 PSYoungGen      total 2396672K, used 246949K [0x0000000717980000, 0x00000007bec00000, 0x00000007c0000000)
  eden space 2054656K, 12% used [0x0000000717980000,0x0000000726aa9760,0x0000000795000000)
  from space 342016K, 0% used [0x00000007a9e00000,0x00000007a9e00000,0x00000007bec00000)
  to   space 342016K, 0% used [0x0000000795000000,0x0000000795000000,0x00000007a9e00000)
 ParOldGen       total 5477888K, used 8370K [0x00000005c6c00000, 0x0000000715180000, 0x0000000717980000)
  object space 5477888K, 0% used [0x00000005c6c00000,0x00000005c742cbb0,0x0000000715180000)
 Metaspace       used 19048K, capacity 19476K, committed 19712K, reserved 1067008K
  class space    used 2417K, capacity 2520K, committed 2560K, reserved 1048576K
Event: 176.970 GC heap after
Heap after GC invocations=13 (full 6):
 PSYoungGen      total 2396672K, used 416K [0x0000000717980000, 0x00000007bec00000, 0x00000007c0000000)
  eden space 2054656K, 0% used [0x0000000717980000,0x0000000717980000,0x0000000795000000)
  from space 342016K, 0% used [0x0000000795000000,0x0000000795068000,0x00000007a9e00000)
  to   space 342016K, 0% used [0x00000007a9e00000,0x00000007a9e00000,0x00000007bec00000)
 ParOldGen       total 5477888K, used 8370K [0x00000005c6c00000, 0x0000000715180000, 0x0000000717980000)
  object space 5477888K, 0% used [0x00000005c6c00000,0x00000005c742cbb0,0x0000000715180000)
 Metaspace       used 19048K, capacity 19476K, committed 19712K, reserved 1067008K
  class space    used 2417K, capacity 2520K, committed 2560K, reserved 1048576K
}
Event: 176.970 GC heap before
{Heap before GC invocations=14 (full 7):
 PSYoungGen      total 2396672K, used 416K [0x0000000717980000, 0x00000007bec00000, 0x00000007c0000000)
  eden space 2054656K, 0% used [0x0000000717980000,0x0000000717980000,0x0000000795000000)
  from space 342016K, 0% used [0x0000000795000000,0x0000000795068000,0x00000007a9e00000)
  to   space 342016K, 0% used [0x00000007a9e00000,0x00000007a9e00000,0x00000007bec00000)
 ParOldGen       total 5477888K, used 8370K [0x00000005c6c00000, 0x0000000715180000, 0x0000000717980000)
  object space 5477888K, 0% used [0x00000005c6c00000,0x00000005c742cbb0,0x0000000715180000)
 Metaspace       used 19048K, capacity 19476K, committed 19712K, reserved 1067008K
  class space    used 2417K, capacity 2520K, committed 2560K, reserved 1048576K
Event: 177.037 GC heap after
Heap after GC invocations=14 (full 7):
 PSYoungGen      total 2396672K, used 0K [0x0000000717980000, 0x00000007bec00000, 0x00000007c0000000)
  eden space 2054656K, 0% used [0x0000000717980000,0x0000000717980000,0x0000000795000000)
  from space 342016K, 0% used [0x0000000795000000,0x0000000795000000,0x00000007a9e00000)
  to   space 342016K, 0% used [0x00000007a9e00000,0x00000007a9e00000,0x00000007bec00000)
 ParOldGen       total 5477888K, used 8443K [0x00000005c6c00000, 0x0000000715180000, 0x0000000717980000)
  object space 5477888K, 0% used [0x00000005c6c00000,0x00000005c743ec28,0x0000000715180000)
 Metaspace       used 19048K, capacity 19476K, committed 19712K, reserved 1067008K
  class space    used 2417K, capacity 2520K, committed 2560K, reserved 1048576K
}

Deoptimization events (10 events):
Event: 12.945 Thread 0x00007f99830fe800 Uncommon trap: reason=bimorphic action=maybe_recompile pc=0x000000010250b9fc method=java.util.HashMap.putVal(ILjava/lang/Object;Ljava/lang/Object;ZZ)Ljava/lang/Object; @ 91
Event: 12.945 Thread 0x00007f99830fe800 Uncommon trap: reason=bimorphic action=maybe_recompile pc=0x000000010250b9c0 method=java.util.HashMap.putVal(ILjava/lang/Object;Ljava/lang/Object;ZZ)Ljava/lang/Object; @ 203
Event: 12.946 Thread 0x00007f99830fe800 Uncommon trap: reason=bimorphic action=maybe_recompile pc=0x000000010250b9c0 method=java.util.HashMap.putVal(ILjava/lang/Object;Ljava/lang/Object;ZZ)Ljava/lang/Object; @ 203
Event: 13.202 Thread 0x00007f9984b9e800 Uncommon trap: reason=unstable_if action=reinterpret pc=0x000000010255a620 method=ltsa.ui.HPWindow.nextChar()C @ 21
Event: 17.078 Thread 0x00007f9983bd1000 Uncommon trap: reason=unstable_if action=reinterpret pc=0x000000010255c08c method=ltsa.ui.HPWindow.nextChar()C @ 21
Event: 18.383 Thread 0x00007f9984b9e800 Uncommon trap: reason=unstable_if action=reinterpret pc=0x000000010265761c method=java.awt.image.DirectColorModel.getsRGBComponentFromsRGB(II)I @ 20
Event: 20.394 Thread 0x00007f9984b9e800 Uncommon trap: reason=unstable_if action=reinterpret pc=0x00000001025d8f14 method=java.security.AccessControlContext.optimize()Ljava/security/AccessControlContext; @ 220
Event: 24.436 Thread 0x00007f9984b9e800 Uncommon trap: reason=unstable_if action=reinterpret pc=0x00000001022ad95c method=ltsa.lts.EventStateUtils.add(Lltsa/lts/automata/lts/state/LTSTransitionList;Lltsa/lts/automata/lts/state/LTSTransitionList;)Lltsa/lts/automata/lts/state/LTSTransitionList; @
Event: 24.451 Thread 0x00007f9984b9e800 Uncommon trap: reason=unstable_if action=reinterpret pc=0x0000000102364aa4 method=java.lang.ref.SoftReference.get()Ljava/lang/Object; @ 17
Event: 81.703 Thread 0x00007f9984b9e800 Uncommon trap: reason=unstable_if action=reinterpret pc=0x00000001026d82e0 method=java.awt.Container.findComponentAtImpl(IIZ)Ljava/awt/Component; @ 24

Internal exceptions (10 events):
Event: 3.394 Thread 0x00007f9984006800 Exception <a 'java/io/FileNotFoundException'> (0x000000071862fb18) thrown at [/Users/java_re/workspace/8-2-build-macosx-x86_64/jdk8u71/5731/hotspot/src/share/vm/prims/jni.cpp, line 709]
Event: 3.609 Thread 0x00007f9984006800 Exception <a 'java/io/FileNotFoundException'> (0x00000007186b18d8) thrown at [/Users/java_re/workspace/8-2-build-macosx-x86_64/jdk8u71/5731/hotspot/src/share/vm/prims/jni.cpp, line 709]
Event: 3.614 Thread 0x00007f9984006800 Exception <a 'java/io/FileNotFoundException'> (0x00000007186b6598) thrown at [/Users/java_re/workspace/8-2-build-macosx-x86_64/jdk8u71/5731/hotspot/src/share/vm/prims/jni.cpp, line 709]
Event: 3.618 Thread 0x00007f9984006800 Exception <a 'java/io/FileNotFoundException'> (0x00000007186bd2a0) thrown at [/Users/java_re/workspace/8-2-build-macosx-x86_64/jdk8u71/5731/hotspot/src/share/vm/prims/jni.cpp, line 709]
Event: 3.620 Thread 0x00007f9984006800 Exception <a 'java/io/FileNotFoundException'> (0x00000007186c1648) thrown at [/Users/java_re/workspace/8-2-build-macosx-x86_64/jdk8u71/5731/hotspot/src/share/vm/prims/jni.cpp, line 709]
Event: 4.076 Thread 0x00007f9984006800 Exception <a 'java/net/UnknownHostException'> (0x0000000718702480) thrown at [/Users/java_re/workspace/8-2-build-macosx-x86_64/jdk8u71/5731/hotspot/src/share/vm/prims/jni.cpp, line 709]
Event: 24.376 Thread 0x00007f9983806000 Exception <a 'java/lang/NullPointerException'> (0x000000071c9c2998) thrown at [/Users/java_re/workspace/8-2-build-macosx-x86_64/jdk8u71/5731/hotspot/src/share/vm/interpreter/linkResolver.cpp, line 1178]
Event: 24.380 Thread 0x00007f9983806000 Exception <a 'java/lang/NullPointerException'> (0x000000071c9c2bd0) thrown at [/Users/java_re/workspace/8-2-build-macosx-x86_64/jdk8u71/5731/hotspot/src/share/vm/interpreter/linkResolver.cpp, line 1178]
Event: 24.382 Thread 0x00007f9983806000 Exception <a 'java/lang/NullPointerException'> (0x000000071c9c2ea0) thrown at [/Users/java_re/workspace/8-2-build-macosx-x86_64/jdk8u71/5731/hotspot/src/share/vm/interpreter/linkResolver.cpp, line 1178]
Event: 24.382 Thread 0x00007f9983806000 Exception <a 'java/lang/NullPointerException'> (0x000000071c9c30a8) thrown at [/Users/java_re/workspace/8-2-build-macosx-x86_64/jdk8u71/5731/hotspot/src/share/vm/interpreter/linkResolver.cpp, line 1178]

Events (10 events):
Event: 560.175 Executing VM operation: EnterInterpOnlyMode
Event: 560.175 Executing nested VM operation: Deoptimize
Event: 560.176 Executing nested VM operation: Deoptimize done
Event: 560.176 Executing VM operation: EnterInterpOnlyMode done
Event: 560.176 Executing VM operation: ChangeSingleStep
Event: 560.176 Executing VM operation: ChangeSingleStep done
Event: 560.176 Executing VM operation: ChangeSingleStep
Event: 560.176 Executing VM operation: ChangeSingleStep done
Event: 560.191 Executing VM operation: RedefineClasses
Event: 560.213 Executing VM operation: RedefineClasses done


Dynamic libraries:
0x0000000008bbf000 	/System/Library/Frameworks/Cocoa.framework/Versions/A/Cocoa
0x0000000008bbf000 	/System/Library/Frameworks/Security.framework/Versions/A/Security
0x0000000008bbf000 	/System/Library/Frameworks/ApplicationServices.framework/Versions/A/ApplicationServices
0x0000000008bbf000 	/usr/lib/libz.1.dylib
0x0000000008bbf000 	/usr/lib/libSystem.B.dylib
0x0000000008bbf000 	/usr/lib/libobjc.A.dylib
0x0000000008bbf000 	/System/Library/Frameworks/CoreFoundation.framework/Versions/A/CoreFoundation
0x0000000008bbf000 	/System/Library/Frameworks/Foundation.framework/Versions/C/Foundation
0x0000000008bbf000 	/System/Library/Frameworks/AppKit.framework/Versions/C/AppKit
0x0000000008bbf000 	/System/Library/Frameworks/CoreData.framework/Versions/A/CoreData
0x0000000008bbf000 	/System/Library/PrivateFrameworks/RemoteViewServices.framework/Versions/A/RemoteViewServices
0x0000000008bbf000 	/System/Library/PrivateFrameworks/UIFoundation.framework/Versions/A/UIFoundation
0x0000000008bbf000 	/usr/lib/libScreenReader.dylib
0x0000000008bbf000 	/System/Library/Frameworks/Accelerate.framework/Versions/A/Accelerate
0x0000000008bbf000 	/System/Library/Frameworks/IOSurface.framework/Versions/A/IOSurface
0x0000000008bbf000 	/System/Library/Frameworks/AudioToolbox.framework/Versions/A/AudioToolbox
0x0000000008bbf000 	/System/Library/Frameworks/AudioUnit.framework/Versions/A/AudioUnit
0x0000000008bbf000 	/System/Library/PrivateFrameworks/DataDetectorsCore.framework/Versions/A/DataDetectorsCore
0x0000000008bbf000 	/System/Library/PrivateFrameworks/DesktopServicesPriv.framework/Versions/A/DesktopServicesPriv
0x0000000008bbf000 	/System/Library/Frameworks/Carbon.framework/Versions/A/Frameworks/HIToolbox.framework/Versions/A/HIToolbox
0x0000000008bbf000 	/System/Library/Frameworks/QuartzCore.framework/Versions/A/QuartzCore
0x0000000008bbf000 	/System/Library/Frameworks/Carbon.framework/Versions/A/Frameworks/SpeechRecognition.framework/Versions/A/SpeechRecognition
0x0000000008bbf000 	/usr/lib/libauto.dylib
0x0000000008bbf000 	/usr/lib/libicucore.A.dylib
0x0000000008bbf000 	/usr/lib/libxml2.2.dylib
0x0000000008bbf000 	/System/Library/PrivateFrameworks/CoreUI.framework/Versions/A/CoreUI
0x0000000008bbf000 	/System/Library/Frameworks/CoreAudio.framework/Versions/A/CoreAudio
0x0000000008bbf000 	/System/Library/Frameworks/DiskArbitration.framework/Versions/A/DiskArbitration
0x0000000008bbf000 	/usr/lib/liblangid.dylib
0x0000000008bbf000 	/System/Library/PrivateFrameworks/MultitouchSupport.framework/Versions/A/MultitouchSupport
0x0000000008bbf000 	/System/Library/Frameworks/IOKit.framework/Versions/A/IOKit
0x0000000008bbf000 	/usr/lib/libDiagnosticMessagesClient.dylib
0x0000000008bbf000 	/System/Library/Frameworks/CoreServices.framework/Versions/A/CoreServices
0x0000000008bbf000 	/System/Library/PrivateFrameworks/PerformanceAnalysis.framework/Versions/A/PerformanceAnalysis
0x0000000008bbf000 	/System/Library/PrivateFrameworks/GenerationalStorage.framework/Versions/A/GenerationalStorage
0x0000000008bbf000 	/System/Library/Frameworks/OpenGL.framework/Versions/A/OpenGL
0x0000000008bbf000 	/System/Library/PrivateFrameworks/Sharing.framework/Versions/A/Sharing
0x0000000008bbf000 	/System/Library/Frameworks/CoreGraphics.framework/Versions/A/CoreGraphics
0x0000000008bbf000 	/System/Library/Frameworks/CoreImage.framework/Versions/A/CoreImage
0x0000000008bbf000 	/System/Library/Frameworks/CoreText.framework/Versions/A/CoreText
0x0000000008bbf000 	/System/Library/Frameworks/ImageIO.framework/Versions/A/ImageIO
0x0000000008bbf000 	/System/Library/PrivateFrameworks/Backup.framework/Versions/A/Backup
0x0000000008bbf000 	/usr/lib/libextension.dylib
0x0000000008bbf000 	/usr/lib/libarchive.2.dylib
0x0000000008bbf000 	/System/Library/Frameworks/CFNetwork.framework/Versions/A/CFNetwork
0x0000000008bbf000 	/System/Library/Frameworks/SystemConfiguration.framework/Versions/A/SystemConfiguration
0x0000000008bbf000 	/usr/lib/libCRFSuite.dylib
0x0000000008bbf000 	/usr/lib/libc++.1.dylib
0x0000000008bbf000 	/usr/lib/libc++abi.dylib
0x0000000008bbf000 	/usr/lib/system/libcache.dylib
0x0000000008bbf000 	/usr/lib/system/libcommonCrypto.dylib
0x0000000008bbf000 	/usr/lib/system/libcompiler_rt.dylib
0x0000000008bbf000 	/usr/lib/system/libcopyfile.dylib
0x0000000008bbf000 	/usr/lib/system/libcorecrypto.dylib
0x0000000008bbf000 	/usr/lib/system/libdispatch.dylib
0x0000000008bbf000 	/usr/lib/system/libdyld.dylib
0x0000000008bbf000 	/usr/lib/system/libkeymgr.dylib
0x0000000008bbf000 	/usr/lib/system/liblaunch.dylib
0x0000000008bbf000 	/usr/lib/system/libmacho.dylib
0x0000000008bbf000 	/usr/lib/system/libquarantine.dylib
0x0000000008bbf000 	/usr/lib/system/libremovefile.dylib
0x0000000008bbf000 	/usr/lib/system/libsystem_asl.dylib
0x0000000008bbf000 	/usr/lib/system/libsystem_blocks.dylib
0x0000000008bbf000 	/usr/lib/system/libsystem_c.dylib
0x0000000008bbf000 	/usr/lib/system/libsystem_configuration.dylib
0x0000000008bbf000 	/usr/lib/system/libsystem_coreservices.dylib
0x0000000008bbf000 	/usr/lib/system/libsystem_coretls.dylib
0x0000000008bbf000 	/usr/lib/system/libsystem_dnssd.dylib
0x0000000008bbf000 	/usr/lib/system/libsystem_info.dylib
0x0000000008bbf000 	/usr/lib/system/libsystem_kernel.dylib
0x0000000008bbf000 	/usr/lib/system/libsystem_m.dylib
0x0000000008bbf000 	/usr/lib/system/libsystem_malloc.dylib
0x0000000008bbf000 	/usr/lib/system/libsystem_network.dylib
0x0000000008bbf000 	/usr/lib/system/libsystem_networkextension.dylib
0x0000000008bbf000 	/usr/lib/system/libsystem_notify.dylib
0x0000000008bbf000 	/usr/lib/system/libsystem_platform.dylib
0x0000000008bbf000 	/usr/lib/system/libsystem_pthread.dylib
0x0000000008bbf000 	/usr/lib/system/libsystem_sandbox.dylib
0x0000000008bbf000 	/usr/lib/system/libsystem_secinit.dylib
0x0000000008bbf000 	/usr/lib/system/libsystem_trace.dylib
0x0000000008bbf000 	/usr/lib/system/libunc.dylib
0x0000000008bbf000 	/usr/lib/system/libunwind.dylib
0x0000000008bbf000 	/usr/lib/system/libxpc.dylib
0x0000000008bbf000 	/usr/lib/libenergytrace.dylib
0x0000000008bbf000 	/usr/lib/libbsm.0.dylib
0x0000000008bbf000 	/usr/lib/system/libkxld.dylib
0x0000000008bbf000 	/usr/lib/libxar.1.dylib
0x0000000008bbf000 	/usr/lib/libsqlite3.dylib
0x0000000008bbf000 	/usr/lib/libpam.2.dylib
0x0000000008bbf000 	/usr/lib/libOpenScriptingUtil.dylib
0x0000000008bbf000 	/usr/lib/libbz2.1.0.dylib
0x0000000008bbf000 	/usr/lib/liblzma.5.dylib
0x0000000008bbf000 	/System/Library/Frameworks/CoreServices.framework/Versions/A/Frameworks/FSEvents.framework/Versions/A/FSEvents
0x0000000008bbf000 	/System/Library/Frameworks/CoreServices.framework/Versions/A/Frameworks/CarbonCore.framework/Versions/A/CarbonCore
0x0000000008bbf000 	/System/Library/Frameworks/CoreServices.framework/Versions/A/Frameworks/Metadata.framework/Versions/A/Metadata
0x0000000008bbf000 	/System/Library/Frameworks/CoreServices.framework/Versions/A/Frameworks/OSServices.framework/Versions/A/OSServices
0x0000000008bbf000 	/System/Library/Frameworks/CoreServices.framework/Versions/A/Frameworks/SearchKit.framework/Versions/A/SearchKit
0x0000000008bbf000 	/System/Library/Frameworks/CoreServices.framework/Versions/A/Frameworks/AE.framework/Versions/A/AE
0x0000000008bbf000 	/System/Library/Frameworks/CoreServices.framework/Versions/A/Frameworks/LaunchServices.framework/Versions/A/LaunchServices
0x0000000008bbf000 	/System/Library/Frameworks/CoreServices.framework/Versions/A/Frameworks/DictionaryServices.framework/Versions/A/DictionaryServices
0x0000000008bbf000 	/System/Library/Frameworks/CoreServices.framework/Versions/A/Frameworks/SharedFileList.framework/Versions/A/SharedFileList
0x0000000008bbf000 	/System/Library/Frameworks/NetFS.framework/Versions/A/NetFS
0x0000000008bbf000 	/System/Library/PrivateFrameworks/NetAuth.framework/Versions/A/NetAuth
0x0000000008bbf000 	/System/Library/PrivateFrameworks/login.framework/Versions/A/Frameworks/loginsupport.framework/Versions/A/loginsupport
0x0000000008bbf000 	/System/Library/PrivateFrameworks/TCC.framework/Versions/A/TCC
0x0000000008bbf000 	/usr/lib/libmecabra.dylib
0x0000000008bbf000 	/System/Library/Frameworks/ApplicationServices.framework/Versions/A/Frameworks/ATS.framework/Versions/A/ATS
0x0000000008bbf000 	/System/Library/Frameworks/ApplicationServices.framework/Versions/A/Frameworks/ColorSync.framework/Versions/A/ColorSync
0x0000000008bbf000 	/System/Library/Frameworks/ApplicationServices.framework/Versions/A/Frameworks/HIServices.framework/Versions/A/HIServices
0x0000000008bbf000 	/System/Library/Frameworks/ApplicationServices.framework/Versions/A/Frameworks/LangAnalysis.framework/Versions/A/LangAnalysis
0x0000000008bbf000 	/System/Library/Frameworks/ApplicationServices.framework/Versions/A/Frameworks/PrintCore.framework/Versions/A/PrintCore
0x0000000008bbf000 	/System/Library/Frameworks/ApplicationServices.framework/Versions/A/Frameworks/QD.framework/Versions/A/QD
0x0000000008bbf000 	/System/Library/Frameworks/ApplicationServices.framework/Versions/A/Frameworks/SpeechSynthesis.framework/Versions/A/SpeechSynthesis
0x0000000008bbf000 	/System/Library/Frameworks/Metal.framework/Versions/A/Metal
0x0000000008bbf000 	/System/Library/Frameworks/Accelerate.framework/Versions/A/Frameworks/vImage.framework/Versions/A/vImage
0x0000000008bbf000 	/System/Library/Frameworks/Accelerate.framework/Versions/A/Frameworks/vecLib.framework/Versions/A/vecLib
0x0000000008bbf000 	/System/Library/Frameworks/Accelerate.framework/Versions/A/Frameworks/vecLib.framework/Versions/A/libvDSP.dylib
0x0000000008bbf000 	/System/Library/Frameworks/Accelerate.framework/Versions/A/Frameworks/vecLib.framework/Versions/A/libvMisc.dylib
0x0000000008bbf000 	/System/Library/Frameworks/Accelerate.framework/Versions/A/Frameworks/vecLib.framework/Versions/A/libLAPACK.dylib
0x0000000008bbf000 	/System/Library/Frameworks/Accelerate.framework/Versions/A/Frameworks/vecLib.framework/Versions/A/libBLAS.dylib
0x0000000008bbf000 	/System/Library/Frameworks/Accelerate.framework/Versions/A/Frameworks/vecLib.framework/Versions/A/libLinearAlgebra.dylib
0x0000000008bbf000 	/System/Library/Frameworks/Accelerate.framework/Versions/A/Frameworks/vecLib.framework/Versions/A/libSparseBLAS.dylib
0x0000000008bbf000 	/System/Library/PrivateFrameworks/GPUCompiler.framework/libmetal_timestamp.dylib
0x0000000008bbf000 	/System/Library/Frameworks/OpenGL.framework/Versions/A/Libraries/libCoreFSCache.dylib
0x0000000008bbf000 	/System/Library/PrivateFrameworks/IOAccelerator.framework/Versions/A/IOAccelerator
0x0000000008bbf000 	/System/Library/Frameworks/ApplicationServices.framework/Versions/A/Frameworks/ATS.framework/Versions/A/Resources/libFontParser.dylib
0x0000000008bbf000 	/System/Library/Frameworks/ApplicationServices.framework/Versions/A/Frameworks/ATS.framework/Versions/A/Resources/libFontRegistry.dylib
0x0000000008bbf000 	/System/Library/PrivateFrameworks/AppleVPA.framework/Versions/A/AppleVPA
0x0000000008bbf000 	/System/Library/PrivateFrameworks/AppleJPEG.framework/Versions/A/AppleJPEG
0x0000000008bbf000 	/System/Library/Frameworks/ImageIO.framework/Versions/A/Resources/libJPEG.dylib
0x0000000008bbf000 	/System/Library/Frameworks/ImageIO.framework/Versions/A/Resources/libTIFF.dylib
0x0000000008bbf000 	/System/Library/Frameworks/ImageIO.framework/Versions/A/Resources/libPng.dylib
0x0000000008bbf000 	/System/Library/Frameworks/ImageIO.framework/Versions/A/Resources/libGIF.dylib
0x0000000008bbf000 	/System/Library/Frameworks/ImageIO.framework/Versions/A/Resources/libJP2.dylib
0x0000000008bbf000 	/System/Library/Frameworks/ImageIO.framework/Versions/A/Resources/libRadiance.dylib
0x0000000008bbf000 	/System/Library/Frameworks/CoreVideo.framework/Versions/A/CoreVideo
0x0000000008bbf000 	/System/Library/Frameworks/OpenGL.framework/Versions/A/Libraries/libGLU.dylib
0x0000000008bbf000 	/System/Library/Frameworks/OpenGL.framework/Versions/A/Libraries/libGFXShared.dylib
0x0000000008bbf000 	/System/Library/Frameworks/OpenGL.framework/Versions/A/Libraries/libGL.dylib
0x0000000008bbf000 	/System/Library/Frameworks/OpenGL.framework/Versions/A/Libraries/libGLImage.dylib
0x0000000008bbf000 	/System/Library/Frameworks/OpenGL.framework/Versions/A/Libraries/libCVMSPluginSupport.dylib
0x0000000008bbf000 	/System/Library/Frameworks/OpenGL.framework/Versions/A/Libraries/libCoreVMClient.dylib
0x0000000008bbf000 	/usr/lib/libcompression.dylib
0x0000000008bbf000 	/usr/lib/libcups.2.dylib
0x0000000008bbf000 	/System/Library/Frameworks/Kerberos.framework/Versions/A/Kerberos
0x0000000008bbf000 	/System/Library/Frameworks/GSS.framework/Versions/A/GSS
0x0000000008bbf000 	/usr/lib/libresolv.9.dylib
0x0000000008bbf000 	/usr/lib/libiconv.2.dylib
0x0000000008bbf000 	/System/Library/PrivateFrameworks/Heimdal.framework/Versions/A/Heimdal
0x0000000008bbf000 	/usr/lib/libheimdal-asn1.dylib
0x0000000008bbf000 	/System/Library/Frameworks/OpenDirectory.framework/Versions/A/OpenDirectory
0x0000000008bbf000 	/System/Library/PrivateFrameworks/CommonAuth.framework/Versions/A/CommonAuth
0x0000000008bbf000 	/System/Library/Frameworks/OpenDirectory.framework/Versions/A/Frameworks/CFOpenDirectory.framework/Versions/A/CFOpenDirectory
0x0000000008bbf000 	/System/Library/Frameworks/SecurityFoundation.framework/Versions/A/SecurityFoundation
0x0000000008bbf000 	/System/Library/PrivateFrameworks/LanguageModeling.framework/Versions/A/LanguageModeling
0x0000000008bbf000 	/usr/lib/libmarisa.dylib
0x0000000008bbf000 	/usr/lib/libChineseTokenizer.dylib
0x0000000008bbf000 	/usr/lib/libcmph.dylib
0x0000000008bbf000 	/System/Library/Frameworks/ServiceManagement.framework/Versions/A/ServiceManagement
0x0000000008bbf000 	/usr/lib/libxslt.1.dylib
0x0000000008bbf000 	/System/Library/Frameworks/Carbon.framework/Versions/A/Frameworks/Ink.framework/Versions/A/Ink
0x0000000008bbf000 	/usr/lib/libFosl_dynamic.dylib
0x0000000008bbf000 	/System/Library/PrivateFrameworks/FaceCore.framework/Versions/A/FaceCore
0x0000000008bbf000 	/System/Library/Frameworks/OpenCL.framework/Versions/A/OpenCL
0x0000000008bbf000 	/System/Library/PrivateFrameworks/CrashReporterSupport.framework/Versions/A/CrashReporterSupport
0x0000000008bbf000 	/System/Library/PrivateFrameworks/IconServices.framework/Versions/A/IconServices
0x0000000008bbf000 	/System/Library/PrivateFrameworks/Apple80211.framework/Versions/A/Apple80211
0x0000000008bbf000 	/System/Library/Frameworks/CoreWLAN.framework/Versions/A/CoreWLAN
0x0000000008bbf000 	/System/Library/Frameworks/IOBluetooth.framework/Versions/A/IOBluetooth
0x0000000008bbf000 	/System/Library/PrivateFrameworks/CoreWiFi.framework/Versions/A/CoreWiFi
0x0000000008bbf000 	/System/Library/Frameworks/CoreBluetooth.framework/Versions/A/CoreBluetooth
0x0000000008bbf000 	/System/Library/PrivateFrameworks/ChunkingLibrary.framework/Versions/A/ChunkingLibrary
0x0000000008bbf000 	/System/Library/PrivateFrameworks/DebugSymbols.framework/Versions/A/DebugSymbols
0x0000000008bbf000 	/System/Library/PrivateFrameworks/CoreSymbolication.framework/Versions/A/CoreSymbolication
0x0000000008bbf000 	/System/Library/PrivateFrameworks/Symbolication.framework/Versions/A/Symbolication
0x0000000008bbf000 	/System/Library/PrivateFrameworks/SpeechRecognitionCore.framework/Versions/A/SpeechRecognitionCore
0x00000001006bf000 	/Library/Java/JavaVirtualMachines/jdk1.8.0_71.jdk/Contents/Home/jre/lib/server/libjvm.dylib
0x0000000008bbf000 	/usr/lib/libstdc++.6.dylib
0x0000000101652000 	/Library/Java/JavaVirtualMachines/jdk1.8.0_71.jdk/Contents/Home/jre/lib/libverify.dylib
0x0000000101660000 	/Library/Java/JavaVirtualMachines/jdk1.8.0_71.jdk/Contents/Home/jre/lib/libjava.dylib
0x0000000101696000 	/Library/Java/JavaVirtualMachines/jdk1.8.0_71.jdk/Contents/Home/jre/lib/libjdwp.dylib
0x00000001016e1000 	/Library/Java/JavaVirtualMachines/jdk1.8.0_71.jdk/Contents/Home/jre/lib/libnpt.dylib
0x00000001016ee000 	/Library/Java/JavaVirtualMachines/jdk1.8.0_71.jdk/Contents/Home/jre/lib/libzip.dylib
0x00000001254e2000 	/System/Library/Frameworks/JavaVM.framework/Frameworks/JavaRuntimeSupport.framework/JavaRuntimeSupport
0x00000001254fd000 	/System/Library/Frameworks/JavaVM.framework/Versions/A/Frameworks/JavaNativeFoundation.framework/Versions/A/JavaNativeFoundation
0x0000000125512000 	/System/Library/Frameworks/JavaVM.framework/Versions/A/JavaVM
0x0000000008bbf000 	/System/Library/Frameworks/Carbon.framework/Versions/A/Carbon
0x000000012551f000 	/System/Library/PrivateFrameworks/JavaLaunching.framework/Versions/A/JavaLaunching
0x0000000008bbf000 	/System/Library/Frameworks/Carbon.framework/Versions/A/Frameworks/CommonPanels.framework/Versions/A/CommonPanels
0x0000000008bbf000 	/System/Library/Frameworks/Carbon.framework/Versions/A/Frameworks/Help.framework/Versions/A/Help
0x0000000008bbf000 	/System/Library/Frameworks/Carbon.framework/Versions/A/Frameworks/ImageCapture.framework/Versions/A/ImageCapture
0x0000000008bbf000 	/System/Library/Frameworks/Carbon.framework/Versions/A/Frameworks/OpenScripting.framework/Versions/A/OpenScripting
0x0000000008bbf000 	/System/Library/Frameworks/Carbon.framework/Versions/A/Frameworks/Print.framework/Versions/A/Print
0x0000000008bbf000 	/System/Library/Frameworks/Carbon.framework/Versions/A/Frameworks/SecurityHI.framework/Versions/A/SecurityHI
0x000000012552b000 	/Library/Java/JavaVirtualMachines/jdk1.8.0_71.jdk/Contents/Home/jre/lib/libdt_socket.dylib
0x0000000126f68000 	/Library/Java/JavaVirtualMachines/jdk1.8.0_71.jdk/Contents/Home/jre/lib/libawt.dylib
0x0000000127010000 	/Library/Java/JavaVirtualMachines/jdk1.8.0_71.jdk/Contents/Home/jre/lib/./libmlib_image.dylib
0x00000001270dc000 	/Library/Java/JavaVirtualMachines/jdk1.8.0_71.jdk/Contents/Home/jre/lib/libawt_lwawt.dylib
0x0000000127191000 	/Library/Java/JavaVirtualMachines/jdk1.8.0_71.jdk/Contents/Home/jre/lib/./libosxapp.dylib
0x0000000008bbf000 	/System/Library/Frameworks/ExceptionHandling.framework/Versions/A/ExceptionHandling
0x0000000008bbf000 	/System/Library/PrivateFrameworks/CoreServicesInternal.framework/Versions/A/CoreServicesInternal
0x0000000008bbf000 	/System/Library/Frameworks/CoreGraphics.framework/Versions/A/Resources/libRIP.A.dylib
0x0000000008bbf000 	/System/Library/Frameworks/Accelerate.framework/Versions/A/Frameworks/vImage.framework/Versions/A/Libraries/libCGInterfaces.dylib
0x0000000008bbf000 	/System/Library/Frameworks/CoreGraphics.framework/Versions/A/Resources/libCGXType.A.dylib
0x0000000008bbf000 	/System/Library/Frameworks/OpenCL.framework/Versions/A/Libraries/libcldcpuengine.dylib
0x0000000008bbf000 	/System/Library/PrivateFrameworks/DiskImages.framework/Versions/A/DiskImages
0x0000000008bbf000 	/System/Library/Frameworks/DiscRecording.framework/Versions/A/DiscRecording
0x0000000008bbf000 	/usr/lib/libcsfde.dylib
0x0000000008bbf000 	/usr/lib/libcurl.4.dylib
0x0000000008bbf000 	/System/Library/PrivateFrameworks/MediaKit.framework/Versions/A/MediaKit
0x0000000008bbf000 	/System/Library/PrivateFrameworks/ProtectedCloudStorage.framework/Versions/A/ProtectedCloudStorage
0x0000000008bbf000 	/usr/lib/libCoreStorage.dylib
0x0000000008bbf000 	/System/Library/PrivateFrameworks/EFILogin.framework/Versions/A/EFILogin
0x0000000008bbf000 	/usr/lib/libutil.dylib
0x0000000008bbf000 	/System/Library/PrivateFrameworks/FindMyDevice.framework/Versions/A/FindMyDevice
0x0000000008bbf000 	/System/Library/Frameworks/LDAP.framework/Versions/A/LDAP
0x0000000008bbf000 	/usr/lib/libsasl2.2.dylib
0x0000000008bbf000 	/System/Library/PrivateFrameworks/CoreDaemon.framework/Versions/B/CoreDaemon
0x0000000008bbf000 	/usr/lib/libcrypto.0.9.8.dylib
0x0000000008bbf000 	/System/Library/PrivateFrameworks/AppleSRP.framework/Versions/A/AppleSRP
0x0000000008bbf000 	/System/Library/PrivateFrameworks/TrustEvaluationAgent.framework/Versions/A/TrustEvaluationAgent
0x0000000128dbb000 	cl_kernels
0x0000000008bbf000 	/System/Library/Frameworks/OpenCL.framework/Versions/A/Libraries/ImageFormats/unorm8_bgra.dylib
0x0000000008bbf000 	/System/Library/Frameworks/OpenCL.framework/Versions/A/Libraries/ImageFormats/unorm8_rgba.dylib
0x0000000008bbf000 	/System/Library/PrivateFrameworks/FamilyControls.framework/Versions/A/FamilyControls
0x0000000008bbf000 	/System/Library/PrivateFrameworks/CommerceKit.framework/Versions/A/Frameworks/CommerceCore.framework/Versions/A/CommerceCore
0x0000000008bbf000 	/System/Library/PrivateFrameworks/SystemAdministration.framework/Versions/A/SystemAdministration
0x0000000008bbf000 	/System/Library/PrivateFrameworks/AppContainer.framework/Versions/A/AppContainer
0x0000000008bbf000 	/System/Library/PrivateFrameworks/SecCodeWrapper.framework/Versions/A/SecCodeWrapper
0x0000000008bbf000 	/System/Library/Frameworks/DirectoryService.framework/Versions/A/DirectoryService
0x0000000008bbf000 	/System/Library/PrivateFrameworks/LoginUIKit.framework/Versions/A/Frameworks/LoginUICore.framework/Versions/A/LoginUICore
0x0000000008bbf000 	/usr/lib/libodfde.dylib
0x000000012a1f8000 	/Library/Java/JavaVirtualMachines/jdk1.8.0_71.jdk/Contents/Home/jre/lib/libfontmanager.dylib
0x000000012a25f000 	/Library/Java/JavaVirtualMachines/jdk1.8.0_71.jdk/Contents/Home/jre/lib/libosxui.dylib
0x0000000008bbf000 	/System/Library/Frameworks/OpenGL.framework/Versions/A/Resources/GLEngine.bundle/GLEngine
0x0000000008bbf000 	/System/Library/Frameworks/OpenGL.framework/Versions/A/Libraries/libGLProgrammability.dylib
0x000000012acaa000 	/System/Library/Extensions/AppleIntelHD4000GraphicsGLDriver.bundle/Contents/MacOS/AppleIntelHD4000GraphicsGLDriver
0x0000000008bbf000 	/System/Library/PrivateFrameworks/GPUSupport.framework/Versions/A/Libraries/libGPUSupportMercury.dylib
0x0000000008bbf000 	/System/Library/Frameworks/OpenGL.framework/Versions/A/Resources/GLRendererFloat.bundle/GLRendererFloat
0x000000012c1cf000 	/Library/Java/JavaVirtualMachines/jdk1.8.0_71.jdk/Contents/Home/jre/lib/libnet.dylib
0x000000012c1e6000 	/Library/Java/JavaVirtualMachines/jdk1.8.0_71.jdk/Contents/Home/jre/lib/libnio.dylib
0x0000000008bbf000 	/System/Library/Frameworks/ApplicationServices.framework/Versions/A/Frameworks/ATS.framework/Versions/A/Resources/libTrueTypeScaler.dylib
0x000000017f542000 	/System/Library/Extensions/AppleIntelHD4000GraphicsMTLDriver.bundle/Contents/MacOS/AppleIntelHD4000GraphicsMTLDriver
0x0000000128a49000 	/Library/Java/JavaVirtualMachines/jdk1.8.0_71.jdk/Contents/Home/jre/lib/libdcpr.dylib
0x0000000008bbf000 	/System/Library/PrivateFrameworks/FinderKit.framework/Versions/A/FinderKit
0x0000000008bbf000 	/System/Library/Frameworks/Quartz.framework/Versions/A/Frameworks/QuickLookUI.framework/Versions/A/QuickLookUI
0x0000000008bbf000 	/System/Library/Frameworks/Quartz.framework/Versions/A/Frameworks/ImageKit.framework/Versions/A/ImageKit
0x0000000008bbf000 	/System/Library/PrivateFrameworks/Bom.framework/Versions/A/Bom
0x0000000008bbf000 	/System/Library/Frameworks/QuickLook.framework/Versions/A/QuickLook
0x0000000008bbf000 	/System/Library/PrivateFrameworks/Suggestions.framework/Versions/A/Suggestions
0x0000000008bbf000 	/System/Library/PrivateFrameworks/AppleSystemInfo.framework/Versions/A/AppleSystemInfo
0x0000000008bbf000 	/System/Library/Frameworks/ImageCaptureCore.framework/Versions/A/ImageCaptureCore
0x0000000008bbf000 	/System/Library/PrivateFrameworks/SafariServices.framework/Versions/A/SafariServices
0x0000000008bbf000 	/usr/lib/libspindump.dylib
0x0000000008bbf000 	/System/Library/Frameworks/QTKit.framework/Versions/A/QTKit
0x0000000008bbf000 	/System/Library/Frameworks/AVFoundation.framework/Versions/A/AVFoundation
0x0000000008bbf000 	/System/Library/Frameworks/CoreMedia.framework/Versions/A/CoreMedia
0x0000000008bbf000 	/System/Library/Frameworks/MediaToolbox.framework/Versions/A/MediaToolbox
0x0000000008bbf000 	/System/Library/Frameworks/VideoToolbox.framework/Versions/A/VideoToolbox
0x0000000008bbf000 	/System/Library/PrivateFrameworks/CoreMediaAuthoring.framework/Versions/A/CoreMediaAuthoring
0x0000000008bbf000 	/System/Library/Frameworks/CoreMediaIO.framework/Versions/A/CoreMediaIO
0x0000000008bbf000 	/System/Library/Frameworks/AVFoundation.framework/Versions/A/Resources/libAVFAudio.dylib
0x0000000008bbf000 	/System/Library/PrivateFrameworks/CoreAVCHD.framework/Versions/A/CoreAVCHD
0x0000000008bbf000 	/System/Library/Frameworks/MediaAccessibility.framework/Versions/A/MediaAccessibility
0x0000000008bbf000 	/System/Library/PrivateFrameworks/Mangrove.framework/Versions/A/Mangrove
0x0000000008bbf000 	/System/Library/PrivateFrameworks/CoreAUC.framework/Versions/A/CoreAUC
0x0000000008bbf000 	/System/Library/PrivateFrameworks/AppleVA.framework/Versions/A/AppleVA
0x0000000008bbf000 	/System/Library/PrivateFrameworks/XPCService.framework/Versions/A/XPCService
0x0000000008bbf000 	/System/Library/PrivateFrameworks/AppSandbox.framework/Versions/A/AppSandbox
0x0000000008bbf000 	/usr/lib/libsandbox.1.dylib
0x0000000008bbf000 	/usr/lib/libMatch.1.dylib
0x0000000008bbf000 	/System/Library/PrivateFrameworks/DisplayServices.framework/Versions/A/DisplayServices
0x0000000008bbf000 	/System/Library/Frameworks/Quartz.framework/Versions/A/Frameworks/PDFKit.framework/Versions/A/PDFKit
0x0000000008bbf000 	/System/Library/Frameworks/Quartz.framework/Versions/A/Frameworks/QuartzComposer.framework/Versions/A/QuartzComposer
0x0000000008bbf000 	/System/Library/Frameworks/Quartz.framework/Versions/A/Frameworks/QuartzFilters.framework/Versions/A/QuartzFilters
0x0000000008bbf000 	/System/Library/PrivateFrameworks/CorePDF.framework/Versions/A/CorePDF
0x0000000008bbf000 	/System/Library/Frameworks/JavaScriptCore.framework/Versions/A/JavaScriptCore
0x0000000008bbf000 	/System/Library/PrivateFrameworks/AppleFSCompression.framework/Versions/A/AppleFSCompression
0x0000000008bbf000 	/System/Library/Frameworks/AddressBook.framework/Versions/A/AddressBook
0x0000000008bbf000 	/System/Library/PrivateFrameworks/ContactsPersistence.framework/Versions/A/ContactsPersistence
0x0000000008bbf000 	/System/Library/PrivateFrameworks/ContactsFoundation.framework/Versions/A/ContactsFoundation
0x0000000008bbf000 	/System/Library/PrivateFrameworks/vCard.framework/Versions/A/vCard
0x0000000008bbf000 	/System/Library/PrivateFrameworks/IntlPreferences.framework/Versions/A/IntlPreferences
0x0000000008bbf000 	/System/Library/PrivateFrameworks/ToneLibrary.framework/Versions/A/ToneLibrary
0x0000000008bbf000 	/System/Library/PrivateFrameworks/ToneKit.framework/Versions/A/ToneKit
0x0000000008bbf000 	/System/Library/PrivateFrameworks/ApplePushService.framework/Versions/A/ApplePushService
0x0000000008bbf000 	/System/Library/Frameworks/SecurityInterface.framework/Versions/A/SecurityInterface
0x0000000008bbf000 	/System/Library/PrivateFrameworks/PhoneNumbers.framework/Versions/A/PhoneNumbers
0x0000000008bbf000 	/System/Library/PrivateFrameworks/ViewBridge.framework/Versions/A/ViewBridge
0x0000000008bbf000 	/System/Library/Frameworks/Quartz.framework/Versions/A/Quartz
0x0000000008bbf000 	/System/Library/PrivateFrameworks/CloudDocs.framework/Versions/A/CloudDocs
0x0000000008bbf000 	/System/Library/PrivateFrameworks/CoreDuet.framework/Versions/A/CoreDuet
0x0000000008bbf000 	/System/Library/Frameworks/CloudKit.framework/Versions/A/CloudKit
0x0000000008bbf000 	/System/Library/PrivateFrameworks/ProtocolBuffer.framework/Versions/A/ProtocolBuffer
0x0000000008bbf000 	/System/Library/PrivateFrameworks/CoreDuetDaemonProtocol.framework/Versions/A/CoreDuetDaemonProtocol
0x0000000008bbf000 	/System/Library/PrivateFrameworks/CoreDuetDebugLogging.framework/Versions/A/CoreDuetDebugLogging
0x0000000008bbf000 	/System/Library/PrivateFrameworks/MMCS.framework/Versions/A/MMCS
0x0000000008bbf000 	/System/Library/Frameworks/CoreLocation.framework/Versions/A/CoreLocation
0x0000000008bbf000 	/System/Library/PrivateFrameworks/AssetCacheServices.framework/Versions/A/AssetCacheServices
0x0000000008bbf000 	/System/Library/PrivateFrameworks/GeoServices.framework/Versions/A/GeoServices
0x0000000008bbf000 	/System/Library/PrivateFrameworks/PlugInKit.framework/Versions/A/PlugInKit
0x0000000008bbf000 	/System/Library/PrivateFrameworks/iLifeMediaBrowser.framework/Versions/A/iLifeMediaBrowser
0x0000000008bbf000 	/System/Library/Frameworks/AVKit.framework/Versions/A/AVKit
0x0000000008bbf000 	/System/Library/CoreServices/RawCamera.bundle/Contents/MacOS/RawCamera
0x0000000008bbf000 	/System/Library/PrivateFrameworks/CacheDelete.framework/Versions/A/CacheDelete
0x0000000184d15000 	/System/Library/Frameworks/Security.framework/PlugIns/csparser.bundle/Contents/MacOS/csparser

VM Arguments:
jvm_args: -agentlib:jdwp=transport=dt_socket,suspend=y,address=localhost:51755 -Xmx8084m -Xms8024m -Dfile.encoding=UTF-8 
java_command: ltsa.ui.HPWindow
java_class_path (initial): /Users/Claudio1/Documents/School/University/Postdoc/Software/CHIAExtended/MTSASource/mtsa/maven-root/mtsa/target/classes:/Users/Claudio1/.m2/repository/net/sourceforge/collections/collections-generic/4.01/collections-generic-4.01.jar:/Users/Claudio1/.m2/repository/commons-collections/commons-collections/3.2/commons-collections-3.2.jar:/Users/Claudio1/.m2/repository/commons-lang/commons-lang/2.2/commons-lang-2.2.jar:/Users/Claudio1/.m2/repository/net/sf/jung/jung-graph-impl/2.0.1/jung-graph-impl-2.0.1.jar:/Users/Claudio1/.m2/repository/net/sf/jung/jung-api/2.0.1/jung-api-2.0.1.jar:/Users/Claudio1/.m2/repository/junit/junit/4.12/junit-4.12.jar:/Users/Claudio1/.m2/repository/org/hamcrest/hamcrest-core/1.3/hamcrest-core-1.3.jar:/Users/Claudio1/.m2/repository/com/sun/org/apache/jaxp-ri/1.4/jaxp-ri-1.4.jar:/Users/Claudio1/.m2/repository/javax/xml/parsers/jaxp-api/1.4/jaxp-api-1.4.jar:/Users/Claudio1/.m2/repository/log4j/log4j/1.2.17/log4j-1.2.17.jar:/Users/Claudio1/.m2/repository/com/google/zxing/javase/2.2/javase-2.2.jar:/Users/Claudio1/.m2/repository/com/google/zxing/core/2.2/core-2.2.jar:/Users/Claudio1/.m2/repository/com/illposed/osc/javaosc-core/0.2/javaosc-core-0.2.jar:/Users/Claudio1/.m2/repository/org/scream3r/jssc/2.8.0/jssc-2.8.0.jar:/Users/Claudio1/.m2/repository/jfree/jcommon/1.0.16/jcommon-1.0.16.jar:/Users/Claudio1/.m2/repository/com/google/guava/guava/12.0.1/guava-12.0.1.jar:/Users/Claudio1/.m2/repository/com/google/code/findbugs/jsr305/1.3.9/jsr305-1.3.9.jar:/Users/Claudio1/.m2/repository/net/sf/jung/jung-algorithms/2.0.1/jung-algorithms-2.0.1.jar:/Users/Claudio1/.m2/repository/colt/colt/1.2.0/colt-1.2.0.jar:/Users/Claudio1/.m2/repository/concurrent/concurrent/1.3.4/concurrent-1.3.4.jar:/Users/Claudio1/.m2/repository/net/sf/jung/jung-visualization/2.0.1/jung-visualization-2.0.1.jar:/Users/Claudio1/.m2/repository/org/springframework/spring-beans/3.2.3.RELEASE/spring-beans-3.2.3.RELEASE.jar:/Users/Claudio1/.m2/repository/org/spri
Launcher Type: SUN_STANDARD

Environment Variables:
PATH=/usr/bin:/bin:/usr/sbin:/sbin
SHELL=/bin/bash
DISPLAY=/private/tmp/com.apple.launchd.N1iuEAnnJ9/org.macosforge.xquartz:0

Signal Handlers:
SIGSEGV: [libjvm.dylib+0x5a68c5], sa_mask[0]=11111111011111110111111111111111, sa_flags=SA_ONSTACK|SA_RESTART|SA_SIGINFO
SIGBUS: [libjvm.dylib+0x5a68c5], sa_mask[0]=11111111011111110111111111111111, sa_flags=SA_RESTART|SA_SIGINFO
SIGFPE: [libjvm.dylib+0x4805d4], sa_mask[0]=11111111011111110111111111111111, sa_flags=SA_RESTART|SA_SIGINFO
SIGPIPE: [libjvm.dylib+0x4805d4], sa_mask[0]=11111111011111110111111111111111, sa_flags=SA_RESTART|SA_SIGINFO
SIGXFSZ: [libjvm.dylib+0x4805d4], sa_mask[0]=11111111011111110111111111111111, sa_flags=SA_RESTART|SA_SIGINFO
SIGILL: [libjvm.dylib+0x4805d4], sa_mask[0]=11111111011111110111111111111111, sa_flags=SA_RESTART|SA_SIGINFO
SIGUSR1: SIG_DFL, sa_mask[0]=00000000000000000000000000000000, sa_flags=none
SIGUSR2: [libjvm.dylib+0x4800f2], sa_mask[0]=00100000000000000000000000000000, sa_flags=SA_RESTART|SA_SIGINFO
SIGHUP: [libjvm.dylib+0x47e6c9], sa_mask[0]=11111111011111110111111111111111, sa_flags=SA_RESTART|SA_SIGINFO
SIGINT: [libjvm.dylib+0x47e6c9], sa_mask[0]=11111111011111110111111111111111, sa_flags=SA_RESTART|SA_SIGINFO
SIGTERM: [libjvm.dylib+0x47e6c9], sa_mask[0]=11111111011111110111111111111111, sa_flags=SA_RESTART|SA_SIGINFO
SIGQUIT: [libjvm.dylib+0x47e6c9], sa_mask[0]=11111111011111110111111111111111, sa_flags=SA_RESTART|SA_SIGINFO


---------------  S Y S T E M  ---------------

OS:Bsduname:Darwin 15.6.0 Darwin Kernel Version 15.6.0: Mon Aug 29 20:21:34 PDT 2016; root:xnu-3248.60.11~1/RELEASE_X86_64 x86_64
rlimit: STACK 8192k, CORE 0k, NPROC 709, NOFILE 10240, AS infinity
load average:3.43 3.72 3.83

CPU:total 4 (2 cores per cpu, 2 threads per core) family 6 model 58 stepping 9, cmov, cx8, fxsr, mmx, sse, sse2, sse3, ssse3, sse4.1, sse4.2, popcnt, avx, aes, clmul, erms, ht, tsc, tscinvbit, tscinv

Memory: 4k page, physical 8388608k(91764k free)

/proc/meminfo:


vm_info: Java HotSpot(TM) 64-Bit Server VM (25.71-b15) for bsd-amd64 JRE (1.8.0_71-b15), built on Dec 22 2015 15:11:44 by "java_re" with gcc 4.2.1 (Based on Apple Inc. build 5658) (LLVM build 2336.11.00)

time: Sat Nov 26 14:57:44 2016
elapsed time: 560 seconds (0d 0h 9m 20s)

