Initializing new StandardEnvironment
Adding [systemProperties] PropertySource with lowest search precedence
Adding [systemEnvironment] PropertySource with lowest search precedence
Initialized StandardEnvironment with PropertySources [systemProperties,systemEnvironment]
Refreshing org.springframework.context.support.ClassPathXmlApplicationContext@61a52fbd: startup date [Fri Aug 26 23:28:30 CEST 2016]; root of context hierarchy
Initializing new StandardEnvironment
Adding [systemProperties] PropertySource with lowest search precedence
Adding [systemEnvironment] PropertySource with lowest search precedence
Initialized StandardEnvironment with PropertySources [systemProperties,systemEnvironment]
Loading XML bean definitions from class path resource [src/main/java/ltsa/ltsa-context.xml]
Initializing new StandardEnvironment
Adding [systemProperties] PropertySource with lowest search precedence
Adding [systemEnvironment] PropertySource with lowest search precedence
Initialized StandardEnvironment with PropertySources [systemProperties,systemEnvironment]
Refreshing org.springframework.context.support.FileSystemXmlApplicationContext@7085bdee: startup date [Fri Aug 26 23:28:30 CEST 2016]; root of context hierarchy
Initializing new StandardEnvironment
Adding [systemProperties] PropertySource with lowest search precedence
Adding [systemEnvironment] PropertySource with lowest search precedence
Initialized StandardEnvironment with PropertySources [systemProperties,systemEnvironment]
Loading XML bean definitions from file [/Users/Claudio1/Documents/School/University/Postdoc/Software/CHIAExtended/MTSASource/mtsa/maven-root/mtsa/src/main/java/ltsa/ltsa-context.xml]
Using JAXP provider [com.sun.org.apache.xerces.internal.jaxp.DocumentBuilderFactoryImpl]
Loading schema mappings from [META-INF/spring.schemas]
Loaded schema mappings: {http://www.springframework.org/schema/util/spring-util.xsd=org/springframework/beans/factory/xml/spring-util-3.2.xsd, http://www.springframework.org/schema/jee/spring-jee-3.2.xsd=org/springframework/ejb/config/spring-jee-3.2.xsd, http://www.springframework.org/schema/task/spring-task.xsd=org/springframework/scheduling/config/spring-task-3.2.xsd, http://www.springframework.org/schema/beans/spring-beans-3.1.xsd=org/springframework/beans/factory/xml/spring-beans-3.1.xsd, http://www.springframework.org/schema/cache/spring-cache.xsd=org/springframework/cache/config/spring-cache-3.2.xsd, http://www.springframework.org/schema/aop/spring-aop-3.0.xsd=org/springframework/aop/config/spring-aop-3.0.xsd, http://www.springframework.org/schema/aop/spring-aop-2.0.xsd=org/springframework/aop/config/spring-aop-2.0.xsd, http://www.springframework.org/schema/task/spring-task-3.1.xsd=org/springframework/scheduling/config/spring-task-3.1.xsd, http://www.springframework.org/schema/tool/spring-tool-2.5.xsd=org/springframework/beans/factory/xml/spring-tool-2.5.xsd, http://www.springframework.org/schema/beans/spring-beans.xsd=org/springframework/beans/factory/xml/spring-beans-3.2.xsd, http://www.springframework.org/schema/jee/spring-jee-2.5.xsd=org/springframework/ejb/config/spring-jee-2.5.xsd, http://www.springframework.org/schema/tool/spring-tool-3.1.xsd=org/springframework/beans/factory/xml/spring-tool-3.1.xsd, http://www.springframework.org/schema/aop/spring-aop.xsd=org/springframework/aop/config/spring-aop-3.2.xsd, http://www.springframework.org/schema/jee/spring-jee-3.1.xsd=org/springframework/ejb/config/spring-jee-3.1.xsd, http://www.springframework.org/schema/context/spring-context-3.2.xsd=org/springframework/context/config/spring-context-3.2.xsd, http://www.springframework.org/schema/beans/spring-beans-2.0.xsd=org/springframework/beans/factory/xml/spring-beans-2.0.xsd, http://www.springframework.org/schema/util/spring-util-3.2.xsd=org/springframework/beans/factory/xml/spring-util-3.2.xsd, http://www.springframework.org/schema/lang/spring-lang-3.2.xsd=org/springframework/scripting/config/spring-lang-3.2.xsd, http://www.springframework.org/schema/beans/spring-beans-3.0.xsd=org/springframework/beans/factory/xml/spring-beans-3.0.xsd, http://www.springframework.org/schema/cache/spring-cache-3.2.xsd=org/springframework/cache/config/spring-cache-3.2.xsd, http://www.springframework.org/schema/task/spring-task-3.0.xsd=org/springframework/scheduling/config/spring-task-3.0.xsd, http://www.springframework.org/schema/context/spring-context-2.5.xsd=org/springframework/context/config/spring-context-2.5.xsd, http://www.springframework.org/schema/tool/spring-tool-3.0.xsd=org/springframework/beans/factory/xml/spring-tool-3.0.xsd, http://www.springframework.org/schema/tool/spring-tool-2.0.xsd=org/springframework/beans/factory/xml/spring-tool-2.0.xsd, http://www.springframework.org/schema/util/spring-util-2.5.xsd=org/springframework/beans/factory/xml/spring-util-2.5.xsd, http://www.springframework.org/schema/lang/spring-lang.xsd=org/springframework/scripting/config/spring-lang-3.2.xsd, http://www.springframework.org/schema/lang/spring-lang-2.5.xsd=org/springframework/scripting/config/spring-lang-2.5.xsd, http://www.springframework.org/schema/aop/spring-aop-3.2.xsd=org/springframework/aop/config/spring-aop-3.2.xsd, http://www.springframework.org/schema/jee/spring-jee-3.0.xsd=org/springframework/ejb/config/spring-jee-3.0.xsd, http://www.springframework.org/schema/jee/spring-jee-2.0.xsd=org/springframework/ejb/config/spring-jee-2.0.xsd, http://www.springframework.org/schema/context/spring-context-3.1.xsd=org/springframework/context/config/spring-context-3.1.xsd, http://www.springframework.org/schema/util/spring-util-3.1.xsd=org/springframework/beans/factory/xml/spring-util-3.1.xsd, http://www.springframework.org/schema/lang/spring-lang-3.1.xsd=org/springframework/scripting/config/spring-lang-3.1.xsd, http://www.springframework.org/schema/cache/spring-cache-3.1.xsd=org/springframework/cache/config/spring-cache-3.1.xsd, http://www.springframework.org/schema/context/spring-context.xsd=org/springframework/context/config/spring-context-3.2.xsd, http://www.springframework.org/schema/jee/spring-jee.xsd=org/springframework/ejb/config/spring-jee-3.2.xsd, http://www.springframework.org/schema/aop/spring-aop-2.5.xsd=org/springframework/aop/config/spring-aop-2.5.xsd, http://www.springframework.org/schema/beans/spring-beans-3.2.xsd=org/springframework/beans/factory/xml/spring-beans-3.2.xsd, http://www.springframework.org/schema/aop/spring-aop-3.1.xsd=org/springframework/aop/config/spring-aop-3.1.xsd, http://www.springframework.org/schema/task/spring-task-3.2.xsd=org/springframework/scheduling/config/spring-task-3.2.xsd, http://www.springframework.org/schema/context/spring-context-3.0.xsd=org/springframework/context/config/spring-context-3.0.xsd, http://www.springframework.org/schema/tool/spring-tool.xsd=org/springframework/beans/factory/xml/spring-tool-3.2.xsd, http://www.springframework.org/schema/util/spring-util-3.0.xsd=org/springframework/beans/factory/xml/spring-util-3.0.xsd, http://www.springframework.org/schema/lang/spring-lang-3.0.xsd=org/springframework/scripting/config/spring-lang-3.0.xsd, http://www.springframework.org/schema/util/spring-util-2.0.xsd=org/springframework/beans/factory/xml/spring-util-2.0.xsd, http://www.springframework.org/schema/lang/spring-lang-2.0.xsd=org/springframework/scripting/config/spring-lang-2.0.xsd, http://www.springframework.org/schema/tool/spring-tool-3.2.xsd=org/springframework/beans/factory/xml/spring-tool-3.2.xsd, http://www.springframework.org/schema/beans/spring-beans-2.5.xsd=org/springframework/beans/factory/xml/spring-beans-2.5.xsd}
Found XML schema [http://www.springframework.org/schema/beans/spring-beans-3.0.xsd] in classpath: org/springframework/beans/factory/xml/spring-beans-3.0.xsd
Found XML schema [http://www.springframework.org/schema/context/spring-context-3.0.xsd] in classpath: org/springframework/context/config/spring-context-3.0.xsd
Found XML schema [http://www.springframework.org/schema/tool/spring-tool-3.0.xsd] in classpath: org/springframework/beans/factory/xml/spring-tool-3.0.xsd
Loading bean definitions
Loaded NamespaceHandler mappings: {http://www.springframework.org/schema/p=org.springframework.beans.factory.xml.SimplePropertyNamespaceHandler, http://www.springframework.org/schema/util=org.springframework.beans.factory.xml.UtilNamespaceHandler, http://www.springframework.org/schema/jee=org.springframework.ejb.config.JeeNamespaceHandler, http://www.springframework.org/schema/aop=org.springframework.aop.config.AopNamespaceHandler, http://www.springframework.org/schema/cache=org.springframework.cache.config.CacheNamespaceHandler, http://www.springframework.org/schema/c=org.springframework.beans.factory.xml.SimpleConstructorNamespaceHandler, http://www.springframework.org/schema/task=org.springframework.scheduling.config.TaskNamespaceHandler, http://www.springframework.org/schema/lang=org.springframework.scripting.config.LangNamespaceHandler, http://www.springframework.org/schema/context=org.springframework.context.config.ContextNamespaceHandler}
Loaded 15 bean definitions from location pattern [src/main/java/ltsa/ltsa-context.xml]
Bean factory for org.springframework.context.support.FileSystemXmlApplicationContext@7085bdee: org.springframework.beans.factory.support.DefaultListableBeanFactory@23faf8f2: defining beans [org.springframework.context.annotation.internalConfigurationAnnotationProcessor,org.springframework.context.annotation.internalAutowiredAnnotationProcessor,org.springframework.context.annotation.internalRequiredAnnotationProcessor,org.springframework.context.annotation.internalCommonAnnotationProcessor,ARDrone,enviromentChange,ARDroneII,enviromentChangeII,ARDroneUpdatingController,counterEnactor,enactorFactory,controllerScheduler,randomScheduler,UIController,schedullerFactory]; root of factory hierarchy
Creating shared instance of singleton bean 'org.springframework.context.annotation.internalConfigurationAnnotationProcessor'
Creating instance of bean 'org.springframework.context.annotation.internalConfigurationAnnotationProcessor'
Eagerly caching bean 'org.springframework.context.annotation.internalConfigurationAnnotationProcessor' to allow for resolving potential circular references
Finished creating instance of bean 'org.springframework.context.annotation.internalConfigurationAnnotationProcessor'
Could not find class file for introspecting factory methods: MTSAEnactment.ar.uba.dc.lafhis.enactment.robot.ARDroneRobotChange
org.springframework.core.NestedIOException: ASM ClassReader failed to parse class file - probably due to a new Java class file version that isn't supported yet: class path resource [MTSAEnactment/ar/uba/dc/lafhis/enactment/robot/ARDroneRobotChange.class]; nested exception is java.lang.IllegalArgumentException
	at org.springframework.core.type.classreading.SimpleMetadataReader.<init>(SimpleMetadataReader.java:56)
	at org.springframework.core.type.classreading.SimpleMetadataReaderFactory.getMetadataReader(SimpleMetadataReaderFactory.java:80)
	at org.springframework.core.type.classreading.CachingMetadataReaderFactory.getMetadataReader(CachingMetadataReaderFactory.java:102)
	at org.springframework.core.type.classreading.SimpleMetadataReaderFactory.getMetadataReader(SimpleMetadataReaderFactory.java:76)
	at org.springframework.context.annotation.ConfigurationClassUtils.checkConfigurationClassCandidate(ConfigurationClassUtils.java:70)
	at org.springframework.context.annotation.ConfigurationClassPostProcessor.processConfigBeanDefinitions(ConfigurationClassPostProcessor.java:253)
	at org.springframework.context.annotation.ConfigurationClassPostProcessor.postProcessBeanDefinitionRegistry(ConfigurationClassPostProcessor.java:223)
	at org.springframework.context.support.AbstractApplicationContext.invokeBeanFactoryPostProcessors(AbstractApplicationContext.java:630)
	at org.springframework.context.support.AbstractApplicationContext.refresh(AbstractApplicationContext.java:461)
	at org.springframework.context.support.FileSystemXmlApplicationContext.<init>(FileSystemXmlApplicationContext.java:140)
	at org.springframework.context.support.FileSystemXmlApplicationContext.<init>(FileSystemXmlApplicationContext.java:84)
	at ltsa.ui.HPWindow.<init>(HPWindow.java:359)
	at ltsa.ui.HPWindow.main(HPWindow.java:3016)
Caused by: java.lang.IllegalArgumentException
	at org.springframework.asm.ClassReader.<init>(Unknown Source)
	at org.springframework.asm.ClassReader.<init>(Unknown Source)
	at org.springframework.asm.ClassReader.<init>(Unknown Source)
	at org.springframework.core.type.classreading.SimpleMetadataReader.<init>(SimpleMetadataReader.java:53)
	... 12 more
Could not find class file for introspecting factory methods: MTSAEnactment.ar.uba.dc.lafhis.enactment.RecoverEnactor
org.springframework.core.NestedIOException: ASM ClassReader failed to parse class file - probably due to a new Java class file version that isn't supported yet: class path resource [MTSAEnactment/ar/uba/dc/lafhis/enactment/RecoverEnactor.class]; nested exception is java.lang.IllegalArgumentException
	at org.springframework.core.type.classreading.SimpleMetadataReader.<init>(SimpleMetadataReader.java:56)
	at org.springframework.core.type.classreading.SimpleMetadataReaderFactory.getMetadataReader(SimpleMetadataReaderFactory.java:80)
	at org.springframework.core.type.classreading.CachingMetadataReaderFactory.getMetadataReader(CachingMetadataReaderFactory.java:102)
	at org.springframework.core.type.classreading.SimpleMetadataReaderFactory.getMetadataReader(SimpleMetadataReaderFactory.java:76)
	at org.springframework.context.annotation.ConfigurationClassUtils.checkConfigurationClassCandidate(ConfigurationClassUtils.java:70)
	at org.springframework.context.annotation.ConfigurationClassPostProcessor.processConfigBeanDefinitions(ConfigurationClassPostProcessor.java:253)
	at org.springframework.context.annotation.ConfigurationClassPostProcessor.postProcessBeanDefinitionRegistry(ConfigurationClassPostProcessor.java:223)
	at org.springframework.context.support.AbstractApplicationContext.invokeBeanFactoryPostProcessors(AbstractApplicationContext.java:630)
	at org.springframework.context.support.AbstractApplicationContext.refresh(AbstractApplicationContext.java:461)
	at org.springframework.context.support.FileSystemXmlApplicationContext.<init>(FileSystemXmlApplicationContext.java:140)
	at org.springframework.context.support.FileSystemXmlApplicationContext.<init>(FileSystemXmlApplicationContext.java:84)
	at ltsa.ui.HPWindow.<init>(HPWindow.java:359)
	at ltsa.ui.HPWindow.main(HPWindow.java:3016)
Caused by: java.lang.IllegalArgumentException
	at org.springframework.asm.ClassReader.<init>(Unknown Source)
	at org.springframework.asm.ClassReader.<init>(Unknown Source)
	at org.springframework.asm.ClassReader.<init>(Unknown Source)
	at org.springframework.core.type.classreading.SimpleMetadataReader.<init>(SimpleMetadataReader.java:53)
	... 12 more
Could not find class file for introspecting factory methods: MTSAEnactment.ar.uba.dc.lafhis.enactment.robot.ARDroneRobotMoving
org.springframework.core.NestedIOException: ASM ClassReader failed to parse class file - probably due to a new Java class file version that isn't supported yet: class path resource [MTSAEnactment/ar/uba/dc/lafhis/enactment/robot/ARDroneRobotMoving.class]; nested exception is java.lang.IllegalArgumentException
	at org.springframework.core.type.classreading.SimpleMetadataReader.<init>(SimpleMetadataReader.java:56)
	at org.springframework.core.type.classreading.SimpleMetadataReaderFactory.getMetadataReader(SimpleMetadataReaderFactory.java:80)
	at org.springframework.core.type.classreading.CachingMetadataReaderFactory.getMetadataReader(CachingMetadataReaderFactory.java:102)
	at org.springframework.core.type.classreading.SimpleMetadataReaderFactory.getMetadataReader(SimpleMetadataReaderFactory.java:76)
	at org.springframework.context.annotation.ConfigurationClassUtils.checkConfigurationClassCandidate(ConfigurationClassUtils.java:70)
	at org.springframework.context.annotation.ConfigurationClassPostProcessor.processConfigBeanDefinitions(ConfigurationClassPostProcessor.java:253)
	at org.springframework.context.annotation.ConfigurationClassPostProcessor.postProcessBeanDefinitionRegistry(ConfigurationClassPostProcessor.java:223)
	at org.springframework.context.support.AbstractApplicationContext.invokeBeanFactoryPostProcessors(AbstractApplicationContext.java:630)
	at org.springframework.context.support.AbstractApplicationContext.refresh(AbstractApplicationContext.java:461)
	at org.springframework.context.support.FileSystemXmlApplicationContext.<init>(FileSystemXmlApplicationContext.java:140)
	at org.springframework.context.support.FileSystemXmlApplicationContext.<init>(FileSystemXmlApplicationContext.java:84)
	at ltsa.ui.HPWindow.<init>(HPWindow.java:359)
	at ltsa.ui.HPWindow.main(HPWindow.java:3016)
Caused by: java.lang.IllegalArgumentException
	at org.springframework.asm.ClassReader.<init>(Unknown Source)
	at org.springframework.asm.ClassReader.<init>(Unknown Source)
	at org.springframework.asm.ClassReader.<init>(Unknown Source)
	at org.springframework.core.type.classreading.SimpleMetadataReader.<init>(SimpleMetadataReader.java:53)
	... 12 more
Could not find class file for introspecting factory methods: MTSAEnactment.ar.uba.dc.lafhis.enactment.RecoverEnactor
org.springframework.core.NestedIOException: ASM ClassReader failed to parse class file - probably due to a new Java class file version that isn't supported yet: class path resource [MTSAEnactment/ar/uba/dc/lafhis/enactment/RecoverEnactor.class]; nested exception is java.lang.IllegalArgumentException
	at org.springframework.core.type.classreading.SimpleMetadataReader.<init>(SimpleMetadataReader.java:56)
	at org.springframework.core.type.classreading.SimpleMetadataReaderFactory.getMetadataReader(SimpleMetadataReaderFactory.java:80)
	at org.springframework.core.type.classreading.CachingMetadataReaderFactory.getMetadataReader(CachingMetadataReaderFactory.java:102)
	at org.springframework.core.type.classreading.SimpleMetadataReaderFactory.getMetadataReader(SimpleMetadataReaderFactory.java:76)
	at org.springframework.context.annotation.ConfigurationClassUtils.checkConfigurationClassCandidate(ConfigurationClassUtils.java:70)
	at org.springframework.context.annotation.ConfigurationClassPostProcessor.processConfigBeanDefinitions(ConfigurationClassPostProcessor.java:253)
	at org.springframework.context.annotation.ConfigurationClassPostProcessor.postProcessBeanDefinitionRegistry(ConfigurationClassPostProcessor.java:223)
	at org.springframework.context.support.AbstractApplicationContext.invokeBeanFactoryPostProcessors(AbstractApplicationContext.java:630)
	at org.springframework.context.support.AbstractApplicationContext.refresh(AbstractApplicationContext.java:461)
	at org.springframework.context.support.FileSystemXmlApplicationContext.<init>(FileSystemXmlApplicationContext.java:140)
	at org.springframework.context.support.FileSystemXmlApplicationContext.<init>(FileSystemXmlApplicationContext.java:84)
	at ltsa.ui.HPWindow.<init>(HPWindow.java:359)
	at ltsa.ui.HPWindow.main(HPWindow.java:3016)
Caused by: java.lang.IllegalArgumentException
	at org.springframework.asm.ClassReader.<init>(Unknown Source)
	at org.springframework.asm.ClassReader.<init>(Unknown Source)
	at org.springframework.asm.ClassReader.<init>(Unknown Source)
	at org.springframework.core.type.classreading.SimpleMetadataReader.<init>(SimpleMetadataReader.java:53)
	... 12 more
Could not find class file for introspecting factory methods: MTSAEnactment.ar.uba.dc.lafhis.enactment.robot.ARDroneUpdatingControllers
org.springframework.core.NestedIOException: ASM ClassReader failed to parse class file - probably due to a new Java class file version that isn't supported yet: class path resource [MTSAEnactment/ar/uba/dc/lafhis/enactment/robot/ARDroneUpdatingControllers.class]; nested exception is java.lang.IllegalArgumentException
	at org.springframework.core.type.classreading.SimpleMetadataReader.<init>(SimpleMetadataReader.java:56)
	at org.springframework.core.type.classreading.SimpleMetadataReaderFactory.getMetadataReader(SimpleMetadataReaderFactory.java:80)
	at org.springframework.core.type.classreading.CachingMetadataReaderFactory.getMetadataReader(CachingMetadataReaderFactory.java:102)
	at org.springframework.core.type.classreading.SimpleMetadataReaderFactory.getMetadataReader(SimpleMetadataReaderFactory.java:76)
	at org.springframework.context.annotation.ConfigurationClassUtils.checkConfigurationClassCandidate(ConfigurationClassUtils.java:70)
	at org.springframework.context.annotation.ConfigurationClassPostProcessor.processConfigBeanDefinitions(ConfigurationClassPostProcessor.java:253)
	at org.springframework.context.annotation.ConfigurationClassPostProcessor.postProcessBeanDefinitionRegistry(ConfigurationClassPostProcessor.java:223)
	at org.springframework.context.support.AbstractApplicationContext.invokeBeanFactoryPostProcessors(AbstractApplicationContext.java:630)
	at org.springframework.context.support.AbstractApplicationContext.refresh(AbstractApplicationContext.java:461)
	at org.springframework.context.support.FileSystemXmlApplicationContext.<init>(FileSystemXmlApplicationContext.java:140)
	at org.springframework.context.support.FileSystemXmlApplicationContext.<init>(FileSystemXmlApplicationContext.java:84)
	at ltsa.ui.HPWindow.<init>(HPWindow.java:359)
	at ltsa.ui.HPWindow.main(HPWindow.java:3016)
Caused by: java.lang.IllegalArgumentException
	at org.springframework.asm.ClassReader.<init>(Unknown Source)
	at org.springframework.asm.ClassReader.<init>(Unknown Source)
	at org.springframework.asm.ClassReader.<init>(Unknown Source)
	at org.springframework.core.type.classreading.SimpleMetadataReader.<init>(SimpleMetadataReader.java:53)
	... 12 more
Could not find class file for introspecting factory methods: MTSAEnactment.ar.uba.dc.lafhis.enactment.CounterEnactor
org.springframework.core.NestedIOException: ASM ClassReader failed to parse class file - probably due to a new Java class file version that isn't supported yet: class path resource [MTSAEnactment/ar/uba/dc/lafhis/enactment/CounterEnactor.class]; nested exception is java.lang.IllegalArgumentException
	at org.springframework.core.type.classreading.SimpleMetadataReader.<init>(SimpleMetadataReader.java:56)
	at org.springframework.core.type.classreading.SimpleMetadataReaderFactory.getMetadataReader(SimpleMetadataReaderFactory.java:80)
	at org.springframework.core.type.classreading.CachingMetadataReaderFactory.getMetadataReader(CachingMetadataReaderFactory.java:102)
	at org.springframework.core.type.classreading.SimpleMetadataReaderFactory.getMetadataReader(SimpleMetadataReaderFactory.java:76)
	at org.springframework.context.annotation.ConfigurationClassUtils.checkConfigurationClassCandidate(ConfigurationClassUtils.java:70)
	at org.springframework.context.annotation.ConfigurationClassPostProcessor.processConfigBeanDefinitions(ConfigurationClassPostProcessor.java:253)
	at org.springframework.context.annotation.ConfigurationClassPostProcessor.postProcessBeanDefinitionRegistry(ConfigurationClassPostProcessor.java:223)
	at org.springframework.context.support.AbstractApplicationContext.invokeBeanFactoryPostProcessors(AbstractApplicationContext.java:630)
	at org.springframework.context.support.AbstractApplicationContext.refresh(AbstractApplicationContext.java:461)
	at org.springframework.context.support.FileSystemXmlApplicationContext.<init>(FileSystemXmlApplicationContext.java:140)
	at org.springframework.context.support.FileSystemXmlApplicationContext.<init>(FileSystemXmlApplicationContext.java:84)
	at ltsa.ui.HPWindow.<init>(HPWindow.java:359)
	at ltsa.ui.HPWindow.main(HPWindow.java:3016)
Caused by: java.lang.IllegalArgumentException
	at org.springframework.asm.ClassReader.<init>(Unknown Source)
	at org.springframework.asm.ClassReader.<init>(Unknown Source)
	at org.springframework.asm.ClassReader.<init>(Unknown Source)
	at org.springframework.core.type.classreading.SimpleMetadataReader.<init>(SimpleMetadataReader.java:53)
	... 12 more
Could not find class file for introspecting factory methods: ltsa.enactment.EnactorFactory
org.springframework.core.NestedIOException: ASM ClassReader failed to parse class file - probably due to a new Java class file version that isn't supported yet: class path resource [ltsa/enactment/EnactorFactory.class]; nested exception is java.lang.IllegalArgumentException
	at org.springframework.core.type.classreading.SimpleMetadataReader.<init>(SimpleMetadataReader.java:56)
	at org.springframework.core.type.classreading.SimpleMetadataReaderFactory.getMetadataReader(SimpleMetadataReaderFactory.java:80)
	at org.springframework.core.type.classreading.CachingMetadataReaderFactory.getMetadataReader(CachingMetadataReaderFactory.java:102)
	at org.springframework.core.type.classreading.SimpleMetadataReaderFactory.getMetadataReader(SimpleMetadataReaderFactory.java:76)
	at org.springframework.context.annotation.ConfigurationClassUtils.checkConfigurationClassCandidate(ConfigurationClassUtils.java:70)
	at org.springframework.context.annotation.ConfigurationClassPostProcessor.processConfigBeanDefinitions(ConfigurationClassPostProcessor.java:253)
	at org.springframework.context.annotation.ConfigurationClassPostProcessor.postProcessBeanDefinitionRegistry(ConfigurationClassPostProcessor.java:223)
	at org.springframework.context.support.AbstractApplicationContext.invokeBeanFactoryPostProcessors(AbstractApplicationContext.java:630)
	at org.springframework.context.support.AbstractApplicationContext.refresh(AbstractApplicationContext.java:461)
	at org.springframework.context.support.FileSystemXmlApplicationContext.<init>(FileSystemXmlApplicationContext.java:140)
	at org.springframework.context.support.FileSystemXmlApplicationContext.<init>(FileSystemXmlApplicationContext.java:84)
	at ltsa.ui.HPWindow.<init>(HPWindow.java:359)
	at ltsa.ui.HPWindow.main(HPWindow.java:3016)
Caused by: java.lang.IllegalArgumentException
	at org.springframework.asm.ClassReader.<init>(Unknown Source)
	at org.springframework.asm.ClassReader.<init>(Unknown Source)
	at org.springframework.asm.ClassReader.<init>(Unknown Source)
	at org.springframework.core.type.classreading.SimpleMetadataReader.<init>(SimpleMetadataReader.java:53)
	... 12 more
Could not find class file for introspecting factory methods: MTSAEnactment.ar.uba.dc.lafhis.enactment.TakeFirstController
org.springframework.core.NestedIOException: ASM ClassReader failed to parse class file - probably due to a new Java class file version that isn't supported yet: class path resource [MTSAEnactment/ar/uba/dc/lafhis/enactment/TakeFirstController.class]; nested exception is java.lang.IllegalArgumentException
	at org.springframework.core.type.classreading.SimpleMetadataReader.<init>(SimpleMetadataReader.java:56)
	at org.springframework.core.type.classreading.SimpleMetadataReaderFactory.getMetadataReader(SimpleMetadataReaderFactory.java:80)
	at org.springframework.core.type.classreading.CachingMetadataReaderFactory.getMetadataReader(CachingMetadataReaderFactory.java:102)
	at org.springframework.core.type.classreading.SimpleMetadataReaderFactory.getMetadataReader(SimpleMetadataReaderFactory.java:76)
	at org.springframework.context.annotation.ConfigurationClassUtils.checkConfigurationClassCandidate(ConfigurationClassUtils.java:70)
	at org.springframework.context.annotation.ConfigurationClassPostProcessor.processConfigBeanDefinitions(ConfigurationClassPostProcessor.java:253)
	at org.springframework.context.annotation.ConfigurationClassPostProcessor.postProcessBeanDefinitionRegistry(ConfigurationClassPostProcessor.java:223)
	at org.springframework.context.support.AbstractApplicationContext.invokeBeanFactoryPostProcessors(AbstractApplicationContext.java:630)
	at org.springframework.context.support.AbstractApplicationContext.refresh(AbstractApplicationContext.java:461)
	at org.springframework.context.support.FileSystemXmlApplicationContext.<init>(FileSystemXmlApplicationContext.java:140)
	at org.springframework.context.support.FileSystemXmlApplicationContext.<init>(FileSystemXmlApplicationContext.java:84)
	at ltsa.ui.HPWindow.<init>(HPWindow.java:359)
	at ltsa.ui.HPWindow.main(HPWindow.java:3016)
Caused by: java.lang.IllegalArgumentException
	at org.springframework.asm.ClassReader.<init>(Unknown Source)
	at org.springframework.asm.ClassReader.<init>(Unknown Source)
	at org.springframework.asm.ClassReader.<init>(Unknown Source)
	at org.springframework.core.type.classreading.SimpleMetadataReader.<init>(SimpleMetadataReader.java:53)
	... 12 more
Could not find class file for introspecting factory methods: MTSAEnactment.ar.uba.dc.lafhis.enactment.RandomController
org.springframework.core.NestedIOException: ASM ClassReader failed to parse class file - probably due to a new Java class file version that isn't supported yet: class path resource [MTSAEnactment/ar/uba/dc/lafhis/enactment/RandomController.class]; nested exception is java.lang.IllegalArgumentException
	at org.springframework.core.type.classreading.SimpleMetadataReader.<init>(SimpleMetadataReader.java:56)
	at org.springframework.core.type.classreading.SimpleMetadataReaderFactory.getMetadataReader(SimpleMetadataReaderFactory.java:80)
	at org.springframework.core.type.classreading.CachingMetadataReaderFactory.getMetadataReader(CachingMetadataReaderFactory.java:102)
	at org.springframework.core.type.classreading.SimpleMetadataReaderFactory.getMetadataReader(SimpleMetadataReaderFactory.java:76)
	at org.springframework.context.annotation.ConfigurationClassUtils.checkConfigurationClassCandidate(ConfigurationClassUtils.java:70)
	at org.springframework.context.annotation.ConfigurationClassPostProcessor.processConfigBeanDefinitions(ConfigurationClassPostProcessor.java:253)
	at org.springframework.context.annotation.ConfigurationClassPostProcessor.postProcessBeanDefinitionRegistry(ConfigurationClassPostProcessor.java:223)
	at org.springframework.context.support.AbstractApplicationContext.invokeBeanFactoryPostProcessors(AbstractApplicationContext.java:630)
	at org.springframework.context.support.AbstractApplicationContext.refresh(AbstractApplicationContext.java:461)
	at org.springframework.context.support.FileSystemXmlApplicationContext.<init>(FileSystemXmlApplicationContext.java:140)
	at org.springframework.context.support.FileSystemXmlApplicationContext.<init>(FileSystemXmlApplicationContext.java:84)
	at ltsa.ui.HPWindow.<init>(HPWindow.java:359)
	at ltsa.ui.HPWindow.main(HPWindow.java:3016)
Caused by: java.lang.IllegalArgumentException
	at org.springframework.asm.ClassReader.<init>(Unknown Source)
	at org.springframework.asm.ClassReader.<init>(Unknown Source)
	at org.springframework.asm.ClassReader.<init>(Unknown Source)
	at org.springframework.core.type.classreading.SimpleMetadataReader.<init>(SimpleMetadataReader.java:53)
	... 12 more
Could not find class file for introspecting factory methods: MTSAEnactment.ar.uba.dc.lafhis.enactment.UIController
org.springframework.core.NestedIOException: ASM ClassReader failed to parse class file - probably due to a new Java class file version that isn't supported yet: class path resource [MTSAEnactment/ar/uba/dc/lafhis/enactment/UIController.class]; nested exception is java.lang.IllegalArgumentException
	at org.springframework.core.type.classreading.SimpleMetadataReader.<init>(SimpleMetadataReader.java:56)
	at org.springframework.core.type.classreading.SimpleMetadataReaderFactory.getMetadataReader(SimpleMetadataReaderFactory.java:80)
	at org.springframework.core.type.classreading.CachingMetadataReaderFactory.getMetadataReader(CachingMetadataReaderFactory.java:102)
	at org.springframework.core.type.classreading.SimpleMetadataReaderFactory.getMetadataReader(SimpleMetadataReaderFactory.java:76)
	at org.springframework.context.annotation.ConfigurationClassUtils.checkConfigurationClassCandidate(ConfigurationClassUtils.java:70)
	at org.springframework.context.annotation.ConfigurationClassPostProcessor.processConfigBeanDefinitions(ConfigurationClassPostProcessor.java:253)
	at org.springframework.context.annotation.ConfigurationClassPostProcessor.postProcessBeanDefinitionRegistry(ConfigurationClassPostProcessor.java:223)
	at org.springframework.context.support.AbstractApplicationContext.invokeBeanFactoryPostProcessors(AbstractApplicationContext.java:630)
	at org.springframework.context.support.AbstractApplicationContext.refresh(AbstractApplicationContext.java:461)
	at org.springframework.context.support.FileSystemXmlApplicationContext.<init>(FileSystemXmlApplicationContext.java:140)
	at org.springframework.context.support.FileSystemXmlApplicationContext.<init>(FileSystemXmlApplicationContext.java:84)
	at ltsa.ui.HPWindow.<init>(HPWindow.java:359)
	at ltsa.ui.HPWindow.main(HPWindow.java:3016)
Caused by: java.lang.IllegalArgumentException
	at org.springframework.asm.ClassReader.<init>(Unknown Source)
	at org.springframework.asm.ClassReader.<init>(Unknown Source)
	at org.springframework.asm.ClassReader.<init>(Unknown Source)
	at org.springframework.core.type.classreading.SimpleMetadataReader.<init>(SimpleMetadataReader.java:53)
	... 12 more
Could not find class file for introspecting factory methods: ltsa.enactment.SchedulerFactory
org.springframework.core.NestedIOException: ASM ClassReader failed to parse class file - probably due to a new Java class file version that isn't supported yet: class path resource [ltsa/enactment/SchedulerFactory.class]; nested exception is java.lang.IllegalArgumentException
	at org.springframework.core.type.classreading.SimpleMetadataReader.<init>(SimpleMetadataReader.java:56)
	at org.springframework.core.type.classreading.SimpleMetadataReaderFactory.getMetadataReader(SimpleMetadataReaderFactory.java:80)
	at org.springframework.core.type.classreading.CachingMetadataReaderFactory.getMetadataReader(CachingMetadataReaderFactory.java:102)
	at org.springframework.core.type.classreading.SimpleMetadataReaderFactory.getMetadataReader(SimpleMetadataReaderFactory.java:76)
	at org.springframework.context.annotation.ConfigurationClassUtils.checkConfigurationClassCandidate(ConfigurationClassUtils.java:70)
	at org.springframework.context.annotation.ConfigurationClassPostProcessor.processConfigBeanDefinitions(ConfigurationClassPostProcessor.java:253)
	at org.springframework.context.annotation.ConfigurationClassPostProcessor.postProcessBeanDefinitionRegistry(ConfigurationClassPostProcessor.java:223)
	at org.springframework.context.support.AbstractApplicationContext.invokeBeanFactoryPostProcessors(AbstractApplicationContext.java:630)
	at org.springframework.context.support.AbstractApplicationContext.refresh(AbstractApplicationContext.java:461)
	at org.springframework.context.support.FileSystemXmlApplicationContext.<init>(FileSystemXmlApplicationContext.java:140)
	at org.springframework.context.support.FileSystemXmlApplicationContext.<init>(FileSystemXmlApplicationContext.java:84)
	at ltsa.ui.HPWindow.<init>(HPWindow.java:359)
	at ltsa.ui.HPWindow.main(HPWindow.java:3016)
Caused by: java.lang.IllegalArgumentException
	at org.springframework.asm.ClassReader.<init>(Unknown Source)
	at org.springframework.asm.ClassReader.<init>(Unknown Source)
	at org.springframework.asm.ClassReader.<init>(Unknown Source)
	at org.springframework.core.type.classreading.SimpleMetadataReader.<init>(SimpleMetadataReader.java:53)
	... 12 more
Creating shared instance of singleton bean 'org.springframework.context.annotation.internalAutowiredAnnotationProcessor'
Creating instance of bean 'org.springframework.context.annotation.internalAutowiredAnnotationProcessor'
Eagerly caching bean 'org.springframework.context.annotation.internalAutowiredAnnotationProcessor' to allow for resolving potential circular references
Finished creating instance of bean 'org.springframework.context.annotation.internalAutowiredAnnotationProcessor'
Creating shared instance of singleton bean 'org.springframework.context.annotation.internalRequiredAnnotationProcessor'
Creating instance of bean 'org.springframework.context.annotation.internalRequiredAnnotationProcessor'
Eagerly caching bean 'org.springframework.context.annotation.internalRequiredAnnotationProcessor' to allow for resolving potential circular references
Finished creating instance of bean 'org.springframework.context.annotation.internalRequiredAnnotationProcessor'
Creating shared instance of singleton bean 'org.springframework.context.annotation.internalCommonAnnotationProcessor'
Creating instance of bean 'org.springframework.context.annotation.internalCommonAnnotationProcessor'
Eagerly caching bean 'org.springframework.context.annotation.internalCommonAnnotationProcessor' to allow for resolving potential circular references
Finished creating instance of bean 'org.springframework.context.annotation.internalCommonAnnotationProcessor'
Creating shared instance of singleton bean 'org.springframework.context.annotation.ConfigurationClassPostProcessor.importAwareProcessor'
Creating instance of bean 'org.springframework.context.annotation.ConfigurationClassPostProcessor.importAwareProcessor'
Eagerly caching bean 'org.springframework.context.annotation.ConfigurationClassPostProcessor.importAwareProcessor' to allow for resolving potential circular references
Finished creating instance of bean 'org.springframework.context.annotation.ConfigurationClassPostProcessor.importAwareProcessor'
Unable to locate MessageSource with name 'messageSource': using default [org.springframework.context.support.DelegatingMessageSource@2641e737]
Unable to locate ApplicationEventMulticaster with name 'applicationEventMulticaster': using default [org.springframework.context.event.SimpleApplicationEventMulticaster@31f924f5]
Pre-instantiating singletons in org.springframework.beans.factory.support.DefaultListableBeanFactory@23faf8f2: defining beans [org.springframework.context.annotation.internalConfigurationAnnotationProcessor,org.springframework.context.annotation.internalAutowiredAnnotationProcessor,org.springframework.context.annotation.internalRequiredAnnotationProcessor,org.springframework.context.annotation.internalCommonAnnotationProcessor,ARDrone,enviromentChange,ARDroneII,enviromentChangeII,ARDroneUpdatingController,counterEnactor,enactorFactory,controllerScheduler,randomScheduler,UIController,schedullerFactory,org.springframework.context.annotation.ConfigurationClassPostProcessor.importAwareProcessor]; root of factory hierarchy
Returning cached instance of singleton bean 'org.springframework.context.annotation.internalConfigurationAnnotationProcessor'
Returning cached instance of singleton bean 'org.springframework.context.annotation.internalAutowiredAnnotationProcessor'
Returning cached instance of singleton bean 'org.springframework.context.annotation.internalRequiredAnnotationProcessor'
Returning cached instance of singleton bean 'org.springframework.context.annotation.internalCommonAnnotationProcessor'
Creating shared instance of singleton bean 'ARDrone'
Creating instance of bean 'ARDrone'
ASM ClassReader failed to parse class file [class MTSAEnactment.ar.uba.dc.lafhis.enactment.robot.ARDroneRobotChange], probably due to a new Java class file version that isn't supported yet - unable to determine constructors/methods parameter names
java.lang.IllegalArgumentException
	at org.springframework.asm.ClassReader.<init>(Unknown Source)
	at org.springframework.asm.ClassReader.<init>(Unknown Source)
	at org.springframework.asm.ClassReader.<init>(Unknown Source)
	at org.springframework.core.LocalVariableTableParameterNameDiscoverer.inspectClass(LocalVariableTableParameterNameDiscoverer.java:110)
	at org.springframework.core.LocalVariableTableParameterNameDiscoverer.getParameterNames(LocalVariableTableParameterNameDiscoverer.java:85)
	at org.springframework.beans.factory.support.ConstructorResolver.autowireConstructor(ConstructorResolver.java:193)
	at org.springframework.beans.factory.support.AbstractAutowireCapableBeanFactory.autowireConstructor(AbstractAutowireCapableBeanFactory.java:1045)
	at org.springframework.beans.factory.support.AbstractAutowireCapableBeanFactory.createBeanInstance(AbstractAutowireCapableBeanFactory.java:949)
	at org.springframework.beans.factory.support.AbstractAutowireCapableBeanFactory.doCreateBean(AbstractAutowireCapableBeanFactory.java:487)
	at org.springframework.beans.factory.support.AbstractAutowireCapableBeanFactory.createBean(AbstractAutowireCapableBeanFactory.java:458)
	at org.springframework.beans.factory.support.AbstractBeanFactory$1.getObject(AbstractBeanFactory.java:295)
	at org.springframework.beans.factory.support.DefaultSingletonBeanRegistry.getSingleton(DefaultSingletonBeanRegistry.java:223)
	at org.springframework.beans.factory.support.AbstractBeanFactory.doGetBean(AbstractBeanFactory.java:292)
	at org.springframework.beans.factory.support.AbstractBeanFactory.getBean(AbstractBeanFactory.java:194)
	at org.springframework.beans.factory.support.DefaultListableBeanFactory.preInstantiateSingletons(DefaultListableBeanFactory.java:626)
	at org.springframework.context.support.AbstractApplicationContext.finishBeanFactoryInitialization(AbstractApplicationContext.java:932)
	at org.springframework.context.support.AbstractApplicationContext.refresh(AbstractApplicationContext.java:479)
	at org.springframework.context.support.FileSystemXmlApplicationContext.<init>(FileSystemXmlApplicationContext.java:140)
	at org.springframework.context.support.FileSystemXmlApplicationContext.<init>(FileSystemXmlApplicationContext.java:84)
	at ltsa.ui.HPWindow.<init>(HPWindow.java:359)
	at ltsa.ui.HPWindow.main(HPWindow.java:3016)
Eagerly caching bean 'ARDrone' to allow for resolving potential circular references
Finished creating instance of bean 'ARDrone'
Creating shared instance of singleton bean 'enviromentChange'
Creating instance of bean 'enviromentChange'
ASM ClassReader failed to parse class file [class MTSAEnactment.ar.uba.dc.lafhis.enactment.RecoverEnactor], probably due to a new Java class file version that isn't supported yet - unable to determine constructors/methods parameter names
java.lang.IllegalArgumentException
	at org.springframework.asm.ClassReader.<init>(Unknown Source)
	at org.springframework.asm.ClassReader.<init>(Unknown Source)
	at org.springframework.asm.ClassReader.<init>(Unknown Source)
	at org.springframework.core.LocalVariableTableParameterNameDiscoverer.inspectClass(LocalVariableTableParameterNameDiscoverer.java:110)
	at org.springframework.core.LocalVariableTableParameterNameDiscoverer.getParameterNames(LocalVariableTableParameterNameDiscoverer.java:85)
	at org.springframework.beans.factory.support.ConstructorResolver.autowireConstructor(ConstructorResolver.java:193)
	at org.springframework.beans.factory.support.AbstractAutowireCapableBeanFactory.autowireConstructor(AbstractAutowireCapableBeanFactory.java:1045)
	at org.springframework.beans.factory.support.AbstractAutowireCapableBeanFactory.createBeanInstance(AbstractAutowireCapableBeanFactory.java:949)
	at org.springframework.beans.factory.support.AbstractAutowireCapableBeanFactory.doCreateBean(AbstractAutowireCapableBeanFactory.java:487)
	at org.springframework.beans.factory.support.AbstractAutowireCapableBeanFactory.createBean(AbstractAutowireCapableBeanFactory.java:458)
	at org.springframework.beans.factory.support.AbstractBeanFactory$1.getObject(AbstractBeanFactory.java:295)
	at org.springframework.beans.factory.support.DefaultSingletonBeanRegistry.getSingleton(DefaultSingletonBeanRegistry.java:223)
	at org.springframework.beans.factory.support.AbstractBeanFactory.doGetBean(AbstractBeanFactory.java:292)
	at org.springframework.beans.factory.support.AbstractBeanFactory.getBean(AbstractBeanFactory.java:194)
	at org.springframework.beans.factory.support.DefaultListableBeanFactory.preInstantiateSingletons(DefaultListableBeanFactory.java:626)
	at org.springframework.context.support.AbstractApplicationContext.finishBeanFactoryInitialization(AbstractApplicationContext.java:932)
	at org.springframework.context.support.AbstractApplicationContext.refresh(AbstractApplicationContext.java:479)
	at org.springframework.context.support.FileSystemXmlApplicationContext.<init>(FileSystemXmlApplicationContext.java:140)
	at org.springframework.context.support.FileSystemXmlApplicationContext.<init>(FileSystemXmlApplicationContext.java:84)
	at ltsa.ui.HPWindow.<init>(HPWindow.java:359)
	at ltsa.ui.HPWindow.main(HPWindow.java:3016)
Eagerly caching bean 'enviromentChange' to allow for resolving potential circular references
Finished creating instance of bean 'enviromentChange'
Creating shared instance of singleton bean 'ARDroneII'
Creating instance of bean 'ARDroneII'
ASM ClassReader failed to parse class file [class MTSAEnactment.ar.uba.dc.lafhis.enactment.robot.ARDroneRobotMoving], probably due to a new Java class file version that isn't supported yet - unable to determine constructors/methods parameter names
java.lang.IllegalArgumentException
	at org.springframework.asm.ClassReader.<init>(Unknown Source)
	at org.springframework.asm.ClassReader.<init>(Unknown Source)
	at org.springframework.asm.ClassReader.<init>(Unknown Source)
	at org.springframework.core.LocalVariableTableParameterNameDiscoverer.inspectClass(LocalVariableTableParameterNameDiscoverer.java:110)
	at org.springframework.core.LocalVariableTableParameterNameDiscoverer.getParameterNames(LocalVariableTableParameterNameDiscoverer.java:85)
	at org.springframework.beans.factory.support.ConstructorResolver.autowireConstructor(ConstructorResolver.java:193)
	at org.springframework.beans.factory.support.AbstractAutowireCapableBeanFactory.autowireConstructor(AbstractAutowireCapableBeanFactory.java:1045)
	at org.springframework.beans.factory.support.AbstractAutowireCapableBeanFactory.createBeanInstance(AbstractAutowireCapableBeanFactory.java:949)
	at org.springframework.beans.factory.support.AbstractAutowireCapableBeanFactory.doCreateBean(AbstractAutowireCapableBeanFactory.java:487)
	at org.springframework.beans.factory.support.AbstractAutowireCapableBeanFactory.createBean(AbstractAutowireCapableBeanFactory.java:458)
	at org.springframework.beans.factory.support.AbstractBeanFactory$1.getObject(AbstractBeanFactory.java:295)
	at org.springframework.beans.factory.support.DefaultSingletonBeanRegistry.getSingleton(DefaultSingletonBeanRegistry.java:223)
	at org.springframework.beans.factory.support.AbstractBeanFactory.doGetBean(AbstractBeanFactory.java:292)
	at org.springframework.beans.factory.support.AbstractBeanFactory.getBean(AbstractBeanFactory.java:194)
	at org.springframework.beans.factory.support.DefaultListableBeanFactory.preInstantiateSingletons(DefaultListableBeanFactory.java:626)
	at org.springframework.context.support.AbstractApplicationContext.finishBeanFactoryInitialization(AbstractApplicationContext.java:932)
	at org.springframework.context.support.AbstractApplicationContext.refresh(AbstractApplicationContext.java:479)
	at org.springframework.context.support.FileSystemXmlApplicationContext.<init>(FileSystemXmlApplicationContext.java:140)
	at org.springframework.context.support.FileSystemXmlApplicationContext.<init>(FileSystemXmlApplicationContext.java:84)
	at ltsa.ui.HPWindow.<init>(HPWindow.java:359)
	at ltsa.ui.HPWindow.main(HPWindow.java:3016)
Eagerly caching bean 'ARDroneII' to allow for resolving potential circular references
Finished creating instance of bean 'ARDroneII'
Creating shared instance of singleton bean 'enviromentChangeII'
Creating instance of bean 'enviromentChangeII'
Eagerly caching bean 'enviromentChangeII' to allow for resolving potential circular references
Finished creating instance of bean 'enviromentChangeII'
Creating shared instance of singleton bean 'ARDroneUpdatingController'
Creating instance of bean 'ARDroneUpdatingController'
ASM ClassReader failed to parse class file [class MTSAEnactment.ar.uba.dc.lafhis.enactment.robot.ARDroneUpdatingControllers], probably due to a new Java class file version that isn't supported yet - unable to determine constructors/methods parameter names
java.lang.IllegalArgumentException
	at org.springframework.asm.ClassReader.<init>(Unknown Source)
	at org.springframework.asm.ClassReader.<init>(Unknown Source)
	at org.springframework.asm.ClassReader.<init>(Unknown Source)
	at org.springframework.core.LocalVariableTableParameterNameDiscoverer.inspectClass(LocalVariableTableParameterNameDiscoverer.java:110)
	at org.springframework.core.LocalVariableTableParameterNameDiscoverer.getParameterNames(LocalVariableTableParameterNameDiscoverer.java:85)
	at org.springframework.beans.factory.support.ConstructorResolver.autowireConstructor(ConstructorResolver.java:193)
	at org.springframework.beans.factory.support.AbstractAutowireCapableBeanFactory.autowireConstructor(AbstractAutowireCapableBeanFactory.java:1045)
	at org.springframework.beans.factory.support.AbstractAutowireCapableBeanFactory.createBeanInstance(AbstractAutowireCapableBeanFactory.java:949)
	at org.springframework.beans.factory.support.AbstractAutowireCapableBeanFactory.doCreateBean(AbstractAutowireCapableBeanFactory.java:487)
	at org.springframework.beans.factory.support.AbstractAutowireCapableBeanFactory.createBean(AbstractAutowireCapableBeanFactory.java:458)
	at org.springframework.beans.factory.support.AbstractBeanFactory$1.getObject(AbstractBeanFactory.java:295)
	at org.springframework.beans.factory.support.DefaultSingletonBeanRegistry.getSingleton(DefaultSingletonBeanRegistry.java:223)
	at org.springframework.beans.factory.support.AbstractBeanFactory.doGetBean(AbstractBeanFactory.java:292)
	at org.springframework.beans.factory.support.AbstractBeanFactory.getBean(AbstractBeanFactory.java:194)
	at org.springframework.beans.factory.support.DefaultListableBeanFactory.preInstantiateSingletons(DefaultListableBeanFactory.java:626)
	at org.springframework.context.support.AbstractApplicationContext.finishBeanFactoryInitialization(AbstractApplicationContext.java:932)
	at org.springframework.context.support.AbstractApplicationContext.refresh(AbstractApplicationContext.java:479)
	at org.springframework.context.support.FileSystemXmlApplicationContext.<init>(FileSystemXmlApplicationContext.java:140)
	at org.springframework.context.support.FileSystemXmlApplicationContext.<init>(FileSystemXmlApplicationContext.java:84)
	at ltsa.ui.HPWindow.<init>(HPWindow.java:359)
	at ltsa.ui.HPWindow.main(HPWindow.java:3016)
Eagerly caching bean 'ARDroneUpdatingController' to allow for resolving potential circular references
Finished creating instance of bean 'ARDroneUpdatingController'
Creating shared instance of singleton bean 'counterEnactor'
Creating instance of bean 'counterEnactor'
ASM ClassReader failed to parse class file [class MTSAEnactment.ar.uba.dc.lafhis.enactment.CounterEnactor], probably due to a new Java class file version that isn't supported yet - unable to determine constructors/methods parameter names
java.lang.IllegalArgumentException
	at org.springframework.asm.ClassReader.<init>(Unknown Source)
	at org.springframework.asm.ClassReader.<init>(Unknown Source)
	at org.springframework.asm.ClassReader.<init>(Unknown Source)
	at org.springframework.core.LocalVariableTableParameterNameDiscoverer.inspectClass(LocalVariableTableParameterNameDiscoverer.java:110)
	at org.springframework.core.LocalVariableTableParameterNameDiscoverer.getParameterNames(LocalVariableTableParameterNameDiscoverer.java:85)
	at org.springframework.beans.factory.support.ConstructorResolver.autowireConstructor(ConstructorResolver.java:193)
	at org.springframework.beans.factory.support.AbstractAutowireCapableBeanFactory.autowireConstructor(AbstractAutowireCapableBeanFactory.java:1045)
	at org.springframework.beans.factory.support.AbstractAutowireCapableBeanFactory.createBeanInstance(AbstractAutowireCapableBeanFactory.java:949)
	at org.springframework.beans.factory.support.AbstractAutowireCapableBeanFactory.doCreateBean(AbstractAutowireCapableBeanFactory.java:487)
	at org.springframework.beans.factory.support.AbstractAutowireCapableBeanFactory.createBean(AbstractAutowireCapableBeanFactory.java:458)
	at org.springframework.beans.factory.support.AbstractBeanFactory$1.getObject(AbstractBeanFactory.java:295)
	at org.springframework.beans.factory.support.DefaultSingletonBeanRegistry.getSingleton(DefaultSingletonBeanRegistry.java:223)
	at org.springframework.beans.factory.support.AbstractBeanFactory.doGetBean(AbstractBeanFactory.java:292)
	at org.springframework.beans.factory.support.AbstractBeanFactory.getBean(AbstractBeanFactory.java:194)
	at org.springframework.beans.factory.support.DefaultListableBeanFactory.preInstantiateSingletons(DefaultListableBeanFactory.java:626)
	at org.springframework.context.support.AbstractApplicationContext.finishBeanFactoryInitialization(AbstractApplicationContext.java:932)
	at org.springframework.context.support.AbstractApplicationContext.refresh(AbstractApplicationContext.java:479)
	at org.springframework.context.support.FileSystemXmlApplicationContext.<init>(FileSystemXmlApplicationContext.java:140)
	at org.springframework.context.support.FileSystemXmlApplicationContext.<init>(FileSystemXmlApplicationContext.java:84)
	at ltsa.ui.HPWindow.<init>(HPWindow.java:359)
	at ltsa.ui.HPWindow.main(HPWindow.java:3016)
Eagerly caching bean 'counterEnactor' to allow for resolving potential circular references
Finished creating instance of bean 'counterEnactor'
Creating shared instance of singleton bean 'enactorFactory'
Creating instance of bean 'enactorFactory'
Registered injected element on class [ltsa.enactment.EnactorFactory]: AutowiredMethodElement for private void ltsa.enactment.EnactorFactory.setEnactors(java.util.Set)
Eagerly caching bean 'enactorFactory' to allow for resolving potential circular references
Processing injected method of bean 'enactorFactory': AutowiredMethodElement for private void ltsa.enactment.EnactorFactory.setEnactors(java.util.Set)
Returning cached instance of singleton bean 'ARDrone'
Returning cached instance of singleton bean 'enviromentChange'
Returning cached instance of singleton bean 'ARDroneII'
Returning cached instance of singleton bean 'enviromentChangeII'
Returning cached instance of singleton bean 'ARDroneUpdatingController'
Returning cached instance of singleton bean 'counterEnactor'
Creating shared instance of singleton bean 'controllerScheduler'
Creating instance of bean 'controllerScheduler'
ASM ClassReader failed to parse class file [class MTSAEnactment.ar.uba.dc.lafhis.enactment.TakeFirstController], probably due to a new Java class file version that isn't supported yet - unable to determine constructors/methods parameter names
java.lang.IllegalArgumentException
	at org.springframework.asm.ClassReader.<init>(Unknown Source)
	at org.springframework.asm.ClassReader.<init>(Unknown Source)
	at org.springframework.asm.ClassReader.<init>(Unknown Source)
	at org.springframework.core.LocalVariableTableParameterNameDiscoverer.inspectClass(LocalVariableTableParameterNameDiscoverer.java:110)
	at org.springframework.core.LocalVariableTableParameterNameDiscoverer.getParameterNames(LocalVariableTableParameterNameDiscoverer.java:85)
	at org.springframework.beans.factory.support.ConstructorResolver.autowireConstructor(ConstructorResolver.java:193)
	at org.springframework.beans.factory.support.AbstractAutowireCapableBeanFactory.autowireConstructor(AbstractAutowireCapableBeanFactory.java:1045)
	at org.springframework.beans.factory.support.AbstractAutowireCapableBeanFactory.createBeanInstance(AbstractAutowireCapableBeanFactory.java:949)
	at org.springframework.beans.factory.support.AbstractAutowireCapableBeanFactory.doCreateBean(AbstractAutowireCapableBeanFactory.java:487)
	at org.springframework.beans.factory.support.AbstractAutowireCapableBeanFactory.createBean(AbstractAutowireCapableBeanFactory.java:458)
	at org.springframework.beans.factory.support.AbstractBeanFactory$1.getObject(AbstractBeanFactory.java:295)
	at org.springframework.beans.factory.support.DefaultSingletonBeanRegistry.getSingleton(DefaultSingletonBeanRegistry.java:223)
	at org.springframework.beans.factory.support.AbstractBeanFactory.doGetBean(AbstractBeanFactory.java:292)
	at org.springframework.beans.factory.support.AbstractBeanFactory.getBean(AbstractBeanFactory.java:194)
	at org.springframework.beans.factory.support.DefaultListableBeanFactory.findAutowireCandidates(DefaultListableBeanFactory.java:910)
	at org.springframework.beans.factory.support.DefaultListableBeanFactory.doResolveDependency(DefaultListableBeanFactory.java:811)
	at org.springframework.beans.factory.support.DefaultListableBeanFactory.resolveDependency(DefaultListableBeanFactory.java:768)
	at org.springframework.beans.factory.annotation.AutowiredAnnotationBeanPostProcessor$AutowiredMethodElement.inject(AutowiredAnnotationBeanPostProcessor.java:558)
	at org.springframework.beans.factory.annotation.InjectionMetadata.inject(InjectionMetadata.java:87)
	at org.springframework.beans.factory.annotation.AutowiredAnnotationBeanPostProcessor.postProcessPropertyValues(AutowiredAnnotationBeanPostProcessor.java:285)
	at org.springframework.beans.factory.support.AbstractAutowireCapableBeanFactory.populateBean(AbstractAutowireCapableBeanFactory.java:1116)
	at org.springframework.beans.factory.support.AbstractAutowireCapableBeanFactory.doCreateBean(AbstractAutowireCapableBeanFactory.java:519)
	at org.springframework.beans.factory.support.AbstractAutowireCapableBeanFactory.createBean(AbstractAutowireCapableBeanFactory.java:458)
	at org.springframework.beans.factory.support.AbstractBeanFactory$1.getObject(AbstractBeanFactory.java:295)
	at org.springframework.beans.factory.support.DefaultSingletonBeanRegistry.getSingleton(DefaultSingletonBeanRegistry.java:223)
	at org.springframework.beans.factory.support.AbstractBeanFactory.doGetBean(AbstractBeanFactory.java:292)
	at org.springframework.beans.factory.support.AbstractBeanFactory.getBean(AbstractBeanFactory.java:194)
	at org.springframework.beans.factory.support.DefaultListableBeanFactory.preInstantiateSingletons(DefaultListableBeanFactory.java:626)
	at org.springframework.context.support.AbstractApplicationContext.finishBeanFactoryInitialization(AbstractApplicationContext.java:932)
	at org.springframework.context.support.AbstractApplicationContext.refresh(AbstractApplicationContext.java:479)
	at org.springframework.context.support.FileSystemXmlApplicationContext.<init>(FileSystemXmlApplicationContext.java:140)
	at org.springframework.context.support.FileSystemXmlApplicationContext.<init>(FileSystemXmlApplicationContext.java:84)
	at ltsa.ui.HPWindow.<init>(HPWindow.java:359)
	at ltsa.ui.HPWindow.main(HPWindow.java:3016)
Eagerly caching bean 'controllerScheduler' to allow for resolving potential circular references
Finished creating instance of bean 'controllerScheduler'
Creating shared instance of singleton bean 'randomScheduler'
Creating instance of bean 'randomScheduler'
ASM ClassReader failed to parse class file [class MTSAEnactment.ar.uba.dc.lafhis.enactment.RandomController], probably due to a new Java class file version that isn't supported yet - unable to determine constructors/methods parameter names
java.lang.IllegalArgumentException
	at org.springframework.asm.ClassReader.<init>(Unknown Source)
	at org.springframework.asm.ClassReader.<init>(Unknown Source)
	at org.springframework.asm.ClassReader.<init>(Unknown Source)
	at org.springframework.core.LocalVariableTableParameterNameDiscoverer.inspectClass(LocalVariableTableParameterNameDiscoverer.java:110)
	at org.springframework.core.LocalVariableTableParameterNameDiscoverer.getParameterNames(LocalVariableTableParameterNameDiscoverer.java:85)
	at org.springframework.beans.factory.support.ConstructorResolver.autowireConstructor(ConstructorResolver.java:193)
	at org.springframework.beans.factory.support.AbstractAutowireCapableBeanFactory.autowireConstructor(AbstractAutowireCapableBeanFactory.java:1045)
	at org.springframework.beans.factory.support.AbstractAutowireCapableBeanFactory.createBeanInstance(AbstractAutowireCapableBeanFactory.java:949)
	at org.springframework.beans.factory.support.AbstractAutowireCapableBeanFactory.doCreateBean(AbstractAutowireCapableBeanFactory.java:487)
	at org.springframework.beans.factory.support.AbstractAutowireCapableBeanFactory.createBean(AbstractAutowireCapableBeanFactory.java:458)
	at org.springframework.beans.factory.support.AbstractBeanFactory$1.getObject(AbstractBeanFactory.java:295)
	at org.springframework.beans.factory.support.DefaultSingletonBeanRegistry.getSingleton(DefaultSingletonBeanRegistry.java:223)
	at org.springframework.beans.factory.support.AbstractBeanFactory.doGetBean(AbstractBeanFactory.java:292)
	at org.springframework.beans.factory.support.AbstractBeanFactory.getBean(AbstractBeanFactory.java:194)
	at org.springframework.beans.factory.support.DefaultListableBeanFactory.findAutowireCandidates(DefaultListableBeanFactory.java:910)
	at org.springframework.beans.factory.support.DefaultListableBeanFactory.doResolveDependency(DefaultListableBeanFactory.java:811)
	at org.springframework.beans.factory.support.DefaultListableBeanFactory.resolveDependency(DefaultListableBeanFactory.java:768)
	at org.springframework.beans.factory.annotation.AutowiredAnnotationBeanPostProcessor$AutowiredMethodElement.inject(AutowiredAnnotationBeanPostProcessor.java:558)
	at org.springframework.beans.factory.annotation.InjectionMetadata.inject(InjectionMetadata.java:87)
	at org.springframework.beans.factory.annotation.AutowiredAnnotationBeanPostProcessor.postProcessPropertyValues(AutowiredAnnotationBeanPostProcessor.java:285)
	at org.springframework.beans.factory.support.AbstractAutowireCapableBeanFactory.populateBean(AbstractAutowireCapableBeanFactory.java:1116)
	at org.springframework.beans.factory.support.AbstractAutowireCapableBeanFactory.doCreateBean(AbstractAutowireCapableBeanFactory.java:519)
	at org.springframework.beans.factory.support.AbstractAutowireCapableBeanFactory.createBean(AbstractAutowireCapableBeanFactory.java:458)
	at org.springframework.beans.factory.support.AbstractBeanFactory$1.getObject(AbstractBeanFactory.java:295)
	at org.springframework.beans.factory.support.DefaultSingletonBeanRegistry.getSingleton(DefaultSingletonBeanRegistry.java:223)
	at org.springframework.beans.factory.support.AbstractBeanFactory.doGetBean(AbstractBeanFactory.java:292)
	at org.springframework.beans.factory.support.AbstractBeanFactory.getBean(AbstractBeanFactory.java:194)
	at org.springframework.beans.factory.support.DefaultListableBeanFactory.preInstantiateSingletons(DefaultListableBeanFactory.java:626)
	at org.springframework.context.support.AbstractApplicationContext.finishBeanFactoryInitialization(AbstractApplicationContext.java:932)
	at org.springframework.context.support.AbstractApplicationContext.refresh(AbstractApplicationContext.java:479)
	at org.springframework.context.support.FileSystemXmlApplicationContext.<init>(FileSystemXmlApplicationContext.java:140)
	at org.springframework.context.support.FileSystemXmlApplicationContext.<init>(FileSystemXmlApplicationContext.java:84)
	at ltsa.ui.HPWindow.<init>(HPWindow.java:359)
	at ltsa.ui.HPWindow.main(HPWindow.java:3016)
No property editor [MTSTools.ac.ic.doc.mtstools.model.LTSEditor] found for type MTSTools.ac.ic.doc.mtstools.model.LTS according to 'Editor' suffix convention
Eagerly caching bean 'randomScheduler' to allow for resolving potential circular references
Finished creating instance of bean 'randomScheduler'
Creating shared instance of singleton bean 'UIController'
Creating instance of bean 'UIController'
ASM ClassReader failed to parse class file [class MTSAEnactment.ar.uba.dc.lafhis.enactment.UIController], probably due to a new Java class file version that isn't supported yet - unable to determine constructors/methods parameter names
java.lang.IllegalArgumentException
	at org.springframework.asm.ClassReader.<init>(Unknown Source)
	at org.springframework.asm.ClassReader.<init>(Unknown Source)
	at org.springframework.asm.ClassReader.<init>(Unknown Source)
	at org.springframework.core.LocalVariableTableParameterNameDiscoverer.inspectClass(LocalVariableTableParameterNameDiscoverer.java:110)
	at org.springframework.core.LocalVariableTableParameterNameDiscoverer.getParameterNames(LocalVariableTableParameterNameDiscoverer.java:85)
	at org.springframework.beans.factory.support.ConstructorResolver.autowireConstructor(ConstructorResolver.java:193)
	at org.springframework.beans.factory.support.AbstractAutowireCapableBeanFactory.autowireConstructor(AbstractAutowireCapableBeanFactory.java:1045)
	at org.springframework.beans.factory.support.AbstractAutowireCapableBeanFactory.createBeanInstance(AbstractAutowireCapableBeanFactory.java:949)
	at org.springframework.beans.factory.support.AbstractAutowireCapableBeanFactory.doCreateBean(AbstractAutowireCapableBeanFactory.java:487)
	at org.springframework.beans.factory.support.AbstractAutowireCapableBeanFactory.createBean(AbstractAutowireCapableBeanFactory.java:458)
	at org.springframework.beans.factory.support.AbstractBeanFactory$1.getObject(AbstractBeanFactory.java:295)
	at org.springframework.beans.factory.support.DefaultSingletonBeanRegistry.getSingleton(DefaultSingletonBeanRegistry.java:223)
	at org.springframework.beans.factory.support.AbstractBeanFactory.doGetBean(AbstractBeanFactory.java:292)
	at org.springframework.beans.factory.support.AbstractBeanFactory.getBean(AbstractBeanFactory.java:194)
	at org.springframework.beans.factory.support.DefaultListableBeanFactory.findAutowireCandidates(DefaultListableBeanFactory.java:910)
	at org.springframework.beans.factory.support.DefaultListableBeanFactory.doResolveDependency(DefaultListableBeanFactory.java:811)
	at org.springframework.beans.factory.support.DefaultListableBeanFactory.resolveDependency(DefaultListableBeanFactory.java:768)
	at org.springframework.beans.factory.annotation.AutowiredAnnotationBeanPostProcessor$AutowiredMethodElement.inject(AutowiredAnnotationBeanPostProcessor.java:558)
	at org.springframework.beans.factory.annotation.InjectionMetadata.inject(InjectionMetadata.java:87)
	at org.springframework.beans.factory.annotation.AutowiredAnnotationBeanPostProcessor.postProcessPropertyValues(AutowiredAnnotationBeanPostProcessor.java:285)
	at org.springframework.beans.factory.support.AbstractAutowireCapableBeanFactory.populateBean(AbstractAutowireCapableBeanFactory.java:1116)
	at org.springframework.beans.factory.support.AbstractAutowireCapableBeanFactory.doCreateBean(AbstractAutowireCapableBeanFactory.java:519)
	at org.springframework.beans.factory.support.AbstractAutowireCapableBeanFactory.createBean(AbstractAutowireCapableBeanFactory.java:458)
	at org.springframework.beans.factory.support.AbstractBeanFactory$1.getObject(AbstractBeanFactory.java:295)
	at org.springframework.beans.factory.support.DefaultSingletonBeanRegistry.getSingleton(DefaultSingletonBeanRegistry.java:223)
	at org.springframework.beans.factory.support.AbstractBeanFactory.doGetBean(AbstractBeanFactory.java:292)
	at org.springframework.beans.factory.support.AbstractBeanFactory.getBean(AbstractBeanFactory.java:194)
	at org.springframework.beans.factory.support.DefaultListableBeanFactory.preInstantiateSingletons(DefaultListableBeanFactory.java:626)
	at org.springframework.context.support.AbstractApplicationContext.finishBeanFactoryInitialization(AbstractApplicationContext.java:932)
	at org.springframework.context.support.AbstractApplicationContext.refresh(AbstractApplicationContext.java:479)
	at org.springframework.context.support.FileSystemXmlApplicationContext.<init>(FileSystemXmlApplicationContext.java:140)
	at org.springframework.context.support.FileSystemXmlApplicationContext.<init>(FileSystemXmlApplicationContext.java:84)
	at ltsa.ui.HPWindow.<init>(HPWindow.java:359)
	at ltsa.ui.HPWindow.main(HPWindow.java:3016)
Eagerly caching bean 'UIController' to allow for resolving potential circular references
Finished creating instance of bean 'UIController'
Autowiring by type from bean name 'enactorFactory' to bean named 'ARDrone'
Autowiring by type from bean name 'enactorFactory' to bean named 'enviromentChange'
Autowiring by type from bean name 'enactorFactory' to bean named 'ARDroneII'
Autowiring by type from bean name 'enactorFactory' to bean named 'enviromentChangeII'
Autowiring by type from bean name 'enactorFactory' to bean named 'ARDroneUpdatingController'
Autowiring by type from bean name 'enactorFactory' to bean named 'counterEnactor'
Autowiring by type from bean name 'enactorFactory' to bean named 'controllerScheduler'
Autowiring by type from bean name 'enactorFactory' to bean named 'randomScheduler'
Autowiring by type from bean name 'enactorFactory' to bean named 'UIController'
Finished creating instance of bean 'enactorFactory'
Returning cached instance of singleton bean 'controllerScheduler'
Returning cached instance of singleton bean 'randomScheduler'
Returning cached instance of singleton bean 'UIController'
Creating shared instance of singleton bean 'schedullerFactory'
Creating instance of bean 'schedullerFactory'
Registered injected element on class [ltsa.enactment.SchedulerFactory]: AutowiredMethodElement for public void ltsa.enactment.SchedulerFactory.setSchedulers(java.util.Set)
Eagerly caching bean 'schedullerFactory' to allow for resolving potential circular references
Processing injected method of bean 'schedullerFactory': AutowiredMethodElement for public void ltsa.enactment.SchedulerFactory.setSchedulers(java.util.Set)
Returning cached instance of singleton bean 'controllerScheduler'
Returning cached instance of singleton bean 'randomScheduler'
Returning cached instance of singleton bean 'UIController'
Autowiring by type from bean name 'schedullerFactory' to bean named 'controllerScheduler'
Autowiring by type from bean name 'schedullerFactory' to bean named 'randomScheduler'
Autowiring by type from bean name 'schedullerFactory' to bean named 'UIController'
Finished creating instance of bean 'schedullerFactory'
Returning cached instance of singleton bean 'org.springframework.context.annotation.ConfigurationClassPostProcessor.importAwareProcessor'
Unable to locate LifecycleProcessor with name 'lifecycleProcessor': using default [org.springframework.context.support.DefaultLifecycleProcessor@2145433b]
Returning cached instance of singleton bean 'lifecycleProcessor'
Searching for key 'spring.liveBeansView.mbeanDomain' in [systemProperties]
Searching for key 'spring.liveBeansView.mbeanDomain' in [systemEnvironment]
Could not find key 'spring.liveBeansView.mbeanDomain' in any property source. Returning [null]
Returning cached instance of singleton bean 'schedullerFactory'
